<?xml version="1.0" encoding="UTF-8" ?>
<testsuite tests="1" failures="1" name="com.EWSFunctionalTest.EWSFunctionalRunner" time="5.931" errors="0" skipped="0">
  <properties>
    <property name="java.runtime.name" value="Java(TM) SE Runtime Environment"/>
    <property name="java.vm.version" value="9.0.4+11"/>
    <property name="sun.boot.library.path" value="C:\Program Files\Java\jdk-9.0.4\bin"/>
    <property name="maven.multiModuleProjectDirectory" value="C:/Users/kaila/OneDrive/Documents/APITesting"/>
    <property name="java.vm.vendor" value="Oracle Corporation"/>
    <property name="java.vendor.url" value="http://java.oracle.com/"/>
    <property name="guice.disable.misplaced.annotation.check" value="true"/>
    <property name="path.separator" value=";"/>
    <property name="java.vm.name" value="Java HotSpot(TM) 64-Bit Server VM"/>
    <property name="file.encoding.pkg" value="sun.io"/>
    <property name="sun.os.patch.level" value=""/>
    <property name="user.script" value=""/>
    <property name="user.country" value="US"/>
    <property name="sun.java.launcher" value="SUN_STANDARD"/>
    <property name="java.vm.specification.name" value="Java Virtual Machine Specification"/>
    <property name="user.dir" value="C:\Users\kaila\OneDrive\Documents\APITesting"/>
    <property name="java.vm.compressedOopsMode" value="32-bit"/>
    <property name="java.runtime.version" value="9.0.4+11"/>
    <property name="java.awt.graphicsenv" value="sun.awt.Win32GraphicsEnvironment"/>
    <property name="os.arch" value="amd64"/>
    <property name="java.io.tmpdir" value="C:\Users\kaila\AppData\Local\Temp\"/>
    <property name="line.separator" value="
"/>
    <property name="java.vm.specification.vendor" value="Oracle Corporation"/>
    <property name="user.variant" value=""/>
    <property name="os.name" value="Windows 10"/>
    <property name="classworlds.conf" value="C:/Program Files/maven/bin/m2.conf"/>
    <property name="sun.jnu.encoding" value="Cp1252"/>
    <property name="java.library.path" value="C:\Program Files\Java\jdk-9.0.4\bin;C:\WINDOWS\Sun\Java\bin;C:\WINDOWS\system32;C:\WINDOWS;C:\Users\kaila\bin;C:\Program Files\Git\mingw64\bin;C:\Program Files\Git\usr\local\bin;C:\Program Files\Git\usr\bin;C:\Program Files\Git\usr\bin;C:\Program Files\Git\mingw64\bin;C:\Program Files\Git\usr\bin;C:\Users\kaila\bin; C;C:\Program Files\Git\Program Files\Java\jdk-9.0.4\bin;%ANT_HOME%\bin;C:\Program Files\maven\bin;C:\Program Files\Git\cmd;C:\Program Files\Java\jdk-9.0.4\bin;%ANT_HOME%\bin;C:\Program Files\maven\bin;C:\Program Files\Git\usr\bin\vendor_perl;C:\Program Files\Git\usr\bin\core_perl;."/>
    <property name="jansi.passthrough" value="true"/>
    <property name="maven.conf" value="C:/Program Files/maven/conf"/>
    <property name="jdk.debug" value="release"/>
    <property name="java.class.version" value="53.0"/>
    <property name="java.specification.name" value="Java Platform API Specification"/>
    <property name="sun.management.compiler" value="HotSpot 64-Bit Tiered Compilers"/>
    <property name="os.version" value="10.0"/>
    <property name="library.jansi.path" value="C:/Program Files/maven/lib/jansi-native"/>
    <property name="user.home" value="C:\Users\kaila"/>
    <property name="user.timezone" value="America/New_York"/>
    <property name="java.awt.printerjob" value="sun.awt.windows.WPrinterJob"/>
    <property name="file.encoding" value="Cp1252"/>
    <property name="java.specification.version" value="9"/>
    <property name="user.name" value="kaila"/>
    <property name="java.class.path" value="C:/Program Files/maven/boot/plexus-classworlds-2.5.2.jar"/>
    <property name="java.vm.specification.version" value="9"/>
    <property name="sun.arch.data.model" value="64"/>
    <property name="sun.java.command" value="org.codehaus.plexus.classworlds.launcher.Launcher clean install"/>
    <property name="java.home" value="C:\Program Files\Java\jdk-9.0.4"/>
    <property name="user.language" value="en"/>
    <property name="java.specification.vendor" value="Oracle Corporation"/>
    <property name="awt.toolkit" value="sun.awt.windows.WToolkit"/>
    <property name="java.vm.info" value="mixed mode"/>
    <property name="java.version" value="9.0.4"/>
    <property name="java.vendor" value="Oracle Corporation"/>
    <property name="maven.home" value="C:\Program Files\maven"/>
    <property name="file.separator" value="\"/>
    <property name="java.vendor.url.bug" value="http://bugreport.java.com/bugreport/"/>
    <property name="sun.io.unicode.encoding" value="UnicodeLittle"/>
    <property name="sun.cpu.endian" value="little"/>
    <property name="sun.desktop" value="windows"/>
    <property name="sun.cpu.isalist" value="amd64"/>
  </properties>
  <testcase classname="com.EWSFunctionalTest.EWSFunctionalRunner" name="executeTest" time="5.811">
    <failure message="scenarios failed" type="junit.framework.AssertionFailedError">junit.framework.AssertionFailedError: scenarios failed
	at junit.framework.Assert.fail(Assert.java:57)
	at junit.framework.Assert.assertTrue(Assert.java:22)
	at junit.framework.TestCase.assertTrue(TestCase.java:192)
	at com.EWSFunctionalTest.EWSFunctionalRunner.executeTest(EWSFunctionalRunner.java:57)
	at java.base/jdk.internal.reflect.NativeMethodAccessorImpl.invoke0(Native Method)
	at java.base/jdk.internal.reflect.NativeMethodAccessorImpl.invoke(NativeMethodAccessorImpl.java:62)
	at java.base/jdk.internal.reflect.DelegatingMethodAccessorImpl.invoke(DelegatingMethodAccessorImpl.java:43)
	at java.base/java.lang.reflect.Method.invoke(Method.java:564)
	at org.junit.runners.model.FrameworkMethod$1.runReflectiveCall(FrameworkMethod.java:50)
	at org.junit.internal.runners.model.ReflectiveCallable.run(ReflectiveCallable.java:12)
	at org.junit.runners.model.FrameworkMethod.invokeExplosively(FrameworkMethod.java:47)
	at org.junit.internal.runners.statements.InvokeMethod.evaluate(InvokeMethod.java:17)
	at org.junit.runners.ParentRunner.runLeaf(ParentRunner.java:325)
	at org.junit.runners.BlockJUnit4ClassRunner.runChild(BlockJUnit4ClassRunner.java:78)
	at org.junit.runners.BlockJUnit4ClassRunner.runChild(BlockJUnit4ClassRunner.java:57)
	at org.junit.runners.ParentRunner$3.run(ParentRunner.java:290)
	at org.junit.runners.ParentRunner$1.schedule(ParentRunner.java:71)
	at org.junit.runners.ParentRunner.runChildren(ParentRunner.java:288)
	at org.junit.runners.ParentRunner.access$000(ParentRunner.java:58)
	at org.junit.runners.ParentRunner$2.evaluate(ParentRunner.java:268)
	at org.junit.runners.ParentRunner.run(ParentRunner.java:363)
	at org.apache.maven.surefire.junit4.JUnit4TestSet.execute(JUnit4TestSet.java:53)
	at org.apache.maven.surefire.junit4.JUnit4Provider.executeTestSet(JUnit4Provider.java:123)
	at org.apache.maven.surefire.junit4.JUnit4Provider.invoke(JUnit4Provider.java:104)
	at java.base/jdk.internal.reflect.NativeMethodAccessorImpl.invoke0(Native Method)
	at java.base/jdk.internal.reflect.NativeMethodAccessorImpl.invoke(NativeMethodAccessorImpl.java:62)
	at java.base/jdk.internal.reflect.DelegatingMethodAccessorImpl.invoke(DelegatingMethodAccessorImpl.java:43)
	at java.base/java.lang.reflect.Method.invoke(Method.java:564)
	at org.apache.maven.surefire.util.ReflectionUtils.invokeMethodWithArray(ReflectionUtils.java:164)
	at org.apache.maven.surefire.booter.ProviderFactory$ProviderProxy.invoke(ProviderFactory.java:110)
	at org.apache.maven.surefire.booter.SurefireStarter.invokeProvider(SurefireStarter.java:175)
	at org.apache.maven.surefire.booter.SurefireStarter.runSuitesInProcessWhenForked(SurefireStarter.java:107)
	at org.apache.maven.surefire.booter.ForkedBooter.main(ForkedBooter.java:68)
</failure>
    <system-out>16:14:07.129 [pool-1-thread-2] ERROR com.intuit.karate - could not find or read file: karate-config.js, prefix: CLASSPATH
16:14:07.129 [pool-1-thread-1] ERROR com.intuit.karate - could not find or read file: karate-config.js, prefix: CLASSPATH
16:14:07.134 [pool-1-thread-1] WARN com.intuit.karate - skipping bootstrap configuration: could not find or read file: karate-config.js, prefix: CLASSPATH
16:14:07.134 [pool-1-thread-2] WARN com.intuit.karate - skipping bootstrap configuration: could not find or read file: karate-config.js, prefix: CLASSPATH
16:14:07.461 [pool-1-thread-1] DEBUG com.jayway.jsonpath.internal.path.CompiledPath - Evaluating path: $
16:14:07.461 [pool-1-thread-2] DEBUG com.jayway.jsonpath.internal.path.CompiledPath - Evaluating path: $
16:14:07.465 [pool-1-thread-1] DEBUG com.jayway.jsonpath.internal.path.CompiledPath - Evaluating path: $
16:14:07.465 [pool-1-thread-2] DEBUG com.jayway.jsonpath.internal.path.CompiledPath - Evaluating path: $
16:14:07.494 [pool-1-thread-2] DEBUG com.jayway.jsonpath.internal.path.CompiledPath - Evaluating path: $
16:14:07.495 [pool-1-thread-2] DEBUG com.jayway.jsonpath.internal.path.CompiledPath - Evaluating path: $
16:14:07.508 [pool-1-thread-1] DEBUG com.jayway.jsonpath.internal.path.CompiledPath - Evaluating path: $
16:14:07.511 [pool-1-thread-1] DEBUG com.jayway.jsonpath.internal.path.CompiledPath - Evaluating path: $
16:14:07.582 [pool-1-thread-2] DEBUG com.jayway.jsonpath.internal.path.CompiledPath - Evaluating path: $
16:14:07.582 [pool-1-thread-2] DEBUG com.jayway.jsonpath.internal.path.CompiledPath - Evaluating path: $
16:14:07.589 [pool-1-thread-2] DEBUG com.jayway.jsonpath.internal.path.CompiledPath - Evaluating path: $[&apos;testData&apos;][&apos;Feature6&apos;][&apos;case1&apos;][&apos;socialSecurityNumber&apos;]
16:14:07.593 [pool-1-thread-2] DEBUG com.jayway.jsonpath.internal.path.CompiledPath - Evaluating path: $
16:14:07.594 [pool-1-thread-1] DEBUG com.jayway.jsonpath.internal.path.CompiledPath - Evaluating path: $
16:14:07.594 [pool-1-thread-1] DEBUG com.jayway.jsonpath.internal.path.CompiledPath - Evaluating path: $
16:14:07.595 [pool-1-thread-1] DEBUG com.jayway.jsonpath.internal.path.CompiledPath - Evaluating path: $[&apos;testData&apos;][&apos;Feature6&apos;][&apos;case1&apos;][&apos;socialSecurityNumber&apos;]
16:14:07.598 [pool-1-thread-1] DEBUG com.jayway.jsonpath.internal.path.CompiledPath - Evaluating path: $
16:14:07.598 [pool-1-thread-1] INFO com.intuit.karate - [print] {
  &quot;applicant&quot;: {
    &quot;orderInfo&quot;: {
    },
    &quot;PrimaryConsumer&quot;: {
      &quot;personalInformation&quot;: {
      }
    }
  }
}

16:14:07.603 [pool-1-thread-2] INFO com.intuit.karate - [print] {
  &quot;applicant&quot;: {
    &quot;orderInfo&quot;: {
    },
    &quot;PrimaryConsumer&quot;: {
      &quot;personalInformation&quot;: {
      }
    }
  }
}

16:14:07.619 [pool-1-thread-1] DEBUG com.jayway.jsonpath.internal.path.CompiledPath - Evaluating path: $[&apos;applicants&apos;][&apos;primaryConsumer&apos;][&apos;personalInformation&apos;]
16:14:07.620 [pool-1-thread-1] DEBUG com.jayway.jsonpath.internal.path.CompiledPath - Evaluating path: $[&apos;applicants&apos;][&apos;primaryConsumer&apos;]
16:14:07.620 [pool-1-thread-1] DEBUG com.jayway.jsonpath.internal.path.CompiledPath - Evaluating path: $[&apos;applicants&apos;]
16:14:07.620 [pool-1-thread-1] DEBUG com.jayway.jsonpath.internal.path.CompiledPath - Evaluating path: $
16:14:07.621 [pool-1-thread-1] DEBUG com.jayway.jsonpath.internal.path.CompiledPath - Evaluating path: $
16:14:07.621 [pool-1-thread-1] DEBUG com.jayway.jsonpath.internal.JsonContext - Put path $ key applicants value {}
16:14:07.621 [pool-1-thread-1] DEBUG com.jayway.jsonpath.internal.path.CompiledPath - Evaluating path: $[&apos;applicants&apos;]
16:14:07.628 [pool-1-thread-1] DEBUG com.jayway.jsonpath.internal.JsonContext - Put path $[&apos;applicants&apos;] key primaryConsumer value {}
16:14:07.629 [pool-1-thread-1] DEBUG com.jayway.jsonpath.internal.path.CompiledPath - Evaluating path: $[&apos;applicants&apos;][&apos;primaryConsumer&apos;]
16:14:07.629 [pool-1-thread-1] DEBUG com.jayway.jsonpath.internal.JsonContext - Put path $[&apos;applicants&apos;][&apos;primaryConsumer&apos;] key personalInformation value {}
16:14:07.630 [pool-1-thread-1] DEBUG com.jayway.jsonpath.internal.path.CompiledPath - Evaluating path: $[&apos;applicants&apos;][&apos;primaryConsumer&apos;][&apos;personalInformation&apos;]
16:14:07.630 [pool-1-thread-1] DEBUG com.jayway.jsonpath.internal.JsonContext - Put path $[&apos;applicants&apos;][&apos;primaryConsumer&apos;][&apos;personalInformation&apos;] key socialSecurityNumber value 66
16:14:07.633 [pool-1-thread-1] DEBUG com.jayway.jsonpath.internal.path.CompiledPath - Evaluating path: $
16:14:07.633 [pool-1-thread-1] INFO com.intuit.karate - [print] {
  &quot;applicant&quot;: {
    &quot;orderInfo&quot;: {
    },
    &quot;PrimaryConsumer&quot;: {
      &quot;personalInformation&quot;: {
      }
    }
  },
  &quot;applicants&quot;: {
    &quot;primaryConsumer&quot;: {
      &quot;personalInformation&quot;: {
        &quot;socialSecurityNumber&quot;: &quot;66&quot;
      }
    }
  }
}

16:14:07.637 [pool-1-thread-2] DEBUG com.jayway.jsonpath.internal.path.CompiledPath - Evaluating path: $[&apos;applicants&apos;][&apos;primaryConsumer&apos;][&apos;personalInformation&apos;]
16:14:07.638 [pool-1-thread-2] DEBUG com.jayway.jsonpath.internal.path.CompiledPath - Evaluating path: $[&apos;applicants&apos;][&apos;primaryConsumer&apos;]
16:14:07.639 [pool-1-thread-2] DEBUG com.jayway.jsonpath.internal.path.CompiledPath - Evaluating path: $[&apos;applicants&apos;]
16:14:07.640 [pool-1-thread-2] DEBUG com.jayway.jsonpath.internal.path.CompiledPath - Evaluating path: $
16:14:07.640 [pool-1-thread-2] DEBUG com.jayway.jsonpath.internal.path.CompiledPath - Evaluating path: $
16:14:07.641 [pool-1-thread-2] DEBUG com.jayway.jsonpath.internal.JsonContext - Put path $ key applicants value {}
16:14:07.641 [pool-1-thread-2] DEBUG com.jayway.jsonpath.internal.path.CompiledPath - Evaluating path: $[&apos;applicants&apos;]
16:14:07.641 [pool-1-thread-2] DEBUG com.jayway.jsonpath.internal.JsonContext - Put path $[&apos;applicants&apos;] key primaryConsumer value {}
16:14:07.642 [pool-1-thread-2] DEBUG com.jayway.jsonpath.internal.path.CompiledPath - Evaluating path: $[&apos;applicants&apos;][&apos;primaryConsumer&apos;]
16:14:07.644 [pool-1-thread-2] DEBUG com.jayway.jsonpath.internal.JsonContext - Put path $[&apos;applicants&apos;][&apos;primaryConsumer&apos;] key personalInformation value {}
16:14:07.645 [pool-1-thread-2] DEBUG com.jayway.jsonpath.internal.path.CompiledPath - Evaluating path: $[&apos;applicants&apos;][&apos;primaryConsumer&apos;][&apos;personalInformation&apos;]
16:14:07.646 [pool-1-thread-2] DEBUG com.jayway.jsonpath.internal.JsonContext - Put path $[&apos;applicants&apos;][&apos;primaryConsumer&apos;][&apos;personalInformation&apos;] key socialSecurityNumber value 66
16:14:07.647 [pool-1-thread-2] DEBUG com.jayway.jsonpath.internal.path.CompiledPath - Evaluating path: $
16:14:07.648 [pool-1-thread-2] INFO com.intuit.karate - [print] {
  &quot;applicant&quot;: {
    &quot;orderInfo&quot;: {
    },
    &quot;PrimaryConsumer&quot;: {
      &quot;personalInformation&quot;: {
      }
    }
  },
  &quot;applicants&quot;: {
    &quot;primaryConsumer&quot;: {
      &quot;personalInformation&quot;: {
        &quot;socialSecurityNumber&quot;: &quot;66&quot;
      }
    }
  }
}

16:14:08.120 [pool-1-thread-2] DEBUG org.apache.http.client.protocol.RequestAddCookies - CookieSpec selected: karate
16:14:08.121 [pool-1-thread-1] DEBUG org.apache.http.client.protocol.RequestAddCookies - CookieSpec selected: karate
16:14:08.137 [pool-1-thread-2] DEBUG org.apache.http.client.protocol.RequestAuthCache - Auth cache not set in the context
16:14:08.139 [pool-1-thread-1] DEBUG org.apache.http.client.protocol.RequestAuthCache - Auth cache not set in the context
16:14:08.144 [pool-1-thread-1] DEBUG com.intuit.karate - 
1 &gt; POST http://AN00611970.eis.equifax.com:9090/ic-saas-client/api
1 &gt; Accept-Encoding: gzip,deflate
1 &gt; Authorization: Basaicfdffsfsf
1 &gt; Connection: Keep-Alive
1 &gt; Content-Length: 162
1 &gt; Content-Type: application/vnd.com.equifax.ic.saas.request.v1+json; charset=UTF-8
1 &gt; Host: AN00611970.eis.equifax.com:9090
1 &gt; User-Agent: Apache-HttpClient/4.5.3 (Java/9.0.4)
1 &gt; orchestrationCode: xxxx
1 &gt; organizationcode: EWS
{&quot;applicant&quot;:{&quot;orderInfo&quot;:{},&quot;PrimaryConsumer&quot;:{&quot;personalInformation&quot;:{}}},&quot;applicants&quot;:{&quot;primaryConsumer&quot;:{&quot;personalInformation&quot;:{&quot;socialSecurityNumber&quot;:&quot;66&quot;}}}}

16:14:08.147 [pool-1-thread-1] DEBUG org.apache.http.impl.conn.PoolingHttpClientConnectionManager - Connection request: [route: {}-&gt;http://AN00611970.eis.equifax.com:9090][total kept alive: 0; route allocated: 0 of 5; total allocated: 0 of 10]
16:14:08.151 [pool-1-thread-2] DEBUG com.intuit.karate - 
1 &gt; POST http://AN00611970.eis.equifax.com:9090/ic-saas-client/api
1 &gt; Accept-Encoding: gzip,deflate
1 &gt; Authorization: Basaicfdffsfsf
1 &gt; Connection: Keep-Alive
1 &gt; Content-Length: 162
1 &gt; Content-Type: application/vnd.com.equifax.ic.saas.request.v1+json; charset=UTF-8
1 &gt; Host: AN00611970.eis.equifax.com:9090
1 &gt; User-Agent: Apache-HttpClient/4.5.3 (Java/9.0.4)
1 &gt; orchestrationCode: xxxx
1 &gt; organizationcode: EWS
{&quot;applicant&quot;:{&quot;orderInfo&quot;:{},&quot;PrimaryConsumer&quot;:{&quot;personalInformation&quot;:{}}},&quot;applicants&quot;:{&quot;primaryConsumer&quot;:{&quot;personalInformation&quot;:{&quot;socialSecurityNumber&quot;:&quot;66&quot;}}}}

16:14:08.152 [pool-1-thread-2] DEBUG org.apache.http.impl.conn.PoolingHttpClientConnectionManager - Connection request: [route: {}-&gt;http://AN00611970.eis.equifax.com:9090][total kept alive: 0; route allocated: 0 of 5; total allocated: 0 of 10]
16:14:08.171 [pool-1-thread-1] DEBUG org.apache.http.impl.conn.PoolingHttpClientConnectionManager - Connection leased: [id: 0][route: {}-&gt;http://AN00611970.eis.equifax.com:9090][total kept alive: 0; route allocated: 1 of 5; total allocated: 1 of 10]
16:14:08.174 [pool-1-thread-1] DEBUG org.apache.http.impl.execchain.MainClientExec - Opening connection {}-&gt;http://AN00611970.eis.equifax.com:9090
16:14:08.177 [pool-1-thread-2] DEBUG org.apache.http.impl.conn.PoolingHttpClientConnectionManager - Connection leased: [id: 1][route: {}-&gt;http://AN00611970.eis.equifax.com:9090][total kept alive: 0; route allocated: 1 of 5; total allocated: 1 of 10]
16:14:08.178 [pool-1-thread-2] DEBUG org.apache.http.impl.execchain.MainClientExec - Opening connection {}-&gt;http://AN00611970.eis.equifax.com:9090
16:14:08.225 [pool-1-thread-1] DEBUG org.apache.http.impl.conn.DefaultManagedHttpClientConnection - http-outgoing-1: Shutdown connection
16:14:08.226 [pool-1-thread-2] DEBUG org.apache.http.impl.conn.DefaultManagedHttpClientConnection - http-outgoing-0: Shutdown connection
16:14:08.228 [pool-1-thread-2] DEBUG org.apache.http.impl.execchain.MainClientExec - Connection discarded
16:14:08.228 [pool-1-thread-1] DEBUG org.apache.http.impl.execchain.MainClientExec - Connection discarded
16:14:08.229 [pool-1-thread-1] DEBUG org.apache.http.impl.conn.PoolingHttpClientConnectionManager - Connection released: [id: 0][route: {}-&gt;http://AN00611970.eis.equifax.com:9090][total kept alive: 0; route allocated: 0 of 5; total allocated: 0 of 10]
16:14:08.229 [pool-1-thread-2] DEBUG org.apache.http.impl.conn.PoolingHttpClientConnectionManager - Connection released: [id: 1][route: {}-&gt;http://AN00611970.eis.equifax.com:9090][total kept alive: 0; route allocated: 0 of 5; total allocated: 0 of 10]
16:14:08.229 [pool-1-thread-1] ERROR com.intuit.karate - java.net.UnknownHostException: AN00611970.eis.equifax.com, http call failed after 547 milliseconds for URL: http://AN00611970.eis.equifax.com:9090/ic-saas-client/api
16:14:08.230 [pool-1-thread-2] ERROR com.intuit.karate - java.net.UnknownHostException: AN00611970.eis.equifax.com, http call failed after 546 milliseconds for URL: http://AN00611970.eis.equifax.com:9090/ic-saas-client/api
16:14:08.230 [pool-1-thread-1] ERROR com.intuit.karate - http request failed: 
java.net.UnknownHostException: AN00611970.eis.equifax.com
16:14:08.231 [pool-1-thread-2] ERROR com.intuit.karate - http request failed: 
java.net.UnknownHostException: AN00611970.eis.equifax.com
16:14:08.257 [pool-1-thread-1] ERROR com.intuit.karate - could not find or read file: karate-config.js, prefix: CLASSPATH
16:14:08.259 [pool-1-thread-1] WARN com.intuit.karate - skipping bootstrap configuration: could not find or read file: karate-config.js, prefix: CLASSPATH
16:14:08.261 [pool-1-thread-1] DEBUG com.jayway.jsonpath.internal.path.CompiledPath - Evaluating path: $
16:14:08.262 [pool-1-thread-1] DEBUG com.jayway.jsonpath.internal.path.CompiledPath - Evaluating path: $
16:14:08.264 [pool-1-thread-1] DEBUG com.jayway.jsonpath.internal.path.CompiledPath - Evaluating path: $
16:14:08.271 [pool-1-thread-1] DEBUG com.jayway.jsonpath.internal.path.CompiledPath - Evaluating path: $
16:14:08.277 [pool-1-thread-2] ERROR com.intuit.karate - could not find or read file: karate-config.js, prefix: CLASSPATH
16:14:08.278 [pool-1-thread-2] WARN com.intuit.karate - skipping bootstrap configuration: could not find or read file: karate-config.js, prefix: CLASSPATH
16:14:08.283 [pool-1-thread-1] DEBUG com.jayway.jsonpath.internal.path.CompiledPath - Evaluating path: $
16:14:08.284 [pool-1-thread-2] DEBUG com.jayway.jsonpath.internal.path.CompiledPath - Evaluating path: $
16:14:08.284 [pool-1-thread-2] DEBUG com.jayway.jsonpath.internal.path.CompiledPath - Evaluating path: $
16:14:08.283 [pool-1-thread-1] DEBUG com.jayway.jsonpath.internal.path.CompiledPath - Evaluating path: $
16:14:08.287 [pool-1-thread-1] DEBUG com.jayway.jsonpath.internal.path.CompiledPath - Evaluating path: $[&apos;testData&apos;][&apos;Feature6&apos;][&apos;case7&apos;][&apos;socialSecurityNumber&apos;]
16:14:08.288 [pool-1-thread-1] DEBUG com.jayway.jsonpath.internal.path.CompiledPath - Evaluating path: $
16:14:08.289 [pool-1-thread-1] INFO com.intuit.karate - [print] {
  &quot;applicant&quot;: {
    &quot;orderInfo&quot;: {
    },
    &quot;PrimaryConsumer&quot;: {
      &quot;personalInformation&quot;: {
      }
    }
  }
}

16:14:08.290 [pool-1-thread-2] DEBUG com.jayway.jsonpath.internal.path.CompiledPath - Evaluating path: $
16:14:08.290 [pool-1-thread-1] DEBUG com.jayway.jsonpath.internal.path.CompiledPath - Evaluating path: $[&apos;applicants&apos;][&apos;primaryConsumer&apos;][&apos;personalInformation&apos;]
16:14:08.290 [pool-1-thread-1] DEBUG com.jayway.jsonpath.internal.path.CompiledPath - Evaluating path: $[&apos;applicants&apos;][&apos;primaryConsumer&apos;]
16:14:08.290 [pool-1-thread-1] DEBUG com.jayway.jsonpath.internal.path.CompiledPath - Evaluating path: $[&apos;applicants&apos;]
16:14:08.290 [pool-1-thread-1] DEBUG com.jayway.jsonpath.internal.path.CompiledPath - Evaluating path: $
16:14:08.291 [pool-1-thread-1] DEBUG com.jayway.jsonpath.internal.path.CompiledPath - Evaluating path: $
16:14:08.291 [pool-1-thread-1] DEBUG com.jayway.jsonpath.internal.JsonContext - Put path $ key applicants value {}
16:14:08.291 [pool-1-thread-1] DEBUG com.jayway.jsonpath.internal.path.CompiledPath - Evaluating path: $[&apos;applicants&apos;]
16:14:08.291 [pool-1-thread-2] DEBUG com.jayway.jsonpath.internal.path.CompiledPath - Evaluating path: $
16:14:08.292 [pool-1-thread-1] DEBUG com.jayway.jsonpath.internal.JsonContext - Put path $[&apos;applicants&apos;] key primaryConsumer value {}
16:14:08.292 [pool-1-thread-1] DEBUG com.jayway.jsonpath.internal.path.CompiledPath - Evaluating path: $[&apos;applicants&apos;][&apos;primaryConsumer&apos;]
16:14:08.293 [pool-1-thread-1] DEBUG com.jayway.jsonpath.internal.JsonContext - Put path $[&apos;applicants&apos;][&apos;primaryConsumer&apos;] key personalInformation value {}
16:14:08.293 [pool-1-thread-1] DEBUG com.jayway.jsonpath.internal.path.CompiledPath - Evaluating path: $[&apos;applicants&apos;][&apos;primaryConsumer&apos;][&apos;personalInformation&apos;]
16:14:08.293 [pool-1-thread-1] DEBUG com.jayway.jsonpath.internal.JsonContext - Put path $[&apos;applicants&apos;][&apos;primaryConsumer&apos;][&apos;personalInformation&apos;] key socialSecurityNumber value 66
16:14:08.294 [pool-1-thread-1] DEBUG com.jayway.jsonpath.internal.path.CompiledPath - Evaluating path: $
16:14:08.295 [pool-1-thread-1] INFO com.intuit.karate - [print] {
  &quot;applicant&quot;: {
    &quot;orderInfo&quot;: {
    },
    &quot;PrimaryConsumer&quot;: {
      &quot;personalInformation&quot;: {
      }
    }
  },
  &quot;applicants&quot;: {
    &quot;primaryConsumer&quot;: {
      &quot;personalInformation&quot;: {
        &quot;socialSecurityNumber&quot;: &quot;66&quot;
      }
    }
  }
}

16:14:08.297 [pool-1-thread-1] DEBUG org.apache.http.client.protocol.RequestAddCookies - CookieSpec selected: karate
16:14:08.297 [pool-1-thread-1] DEBUG org.apache.http.client.protocol.RequestAuthCache - Auth cache not set in the context
16:14:08.297 [pool-1-thread-1] DEBUG com.intuit.karate - 
1 &gt; POST http://AN00611970.eis.equifax.com:9090/ic-saas-client/api
1 &gt; Accept-Encoding: gzip,deflate
1 &gt; Authorization: Basaicfdffsfsf
1 &gt; Connection: Keep-Alive
1 &gt; Content-Length: 162
1 &gt; Content-Type: application/vnd.com.equifax.ic.saas.request.v1+json; charset=UTF-8
1 &gt; Host: AN00611970.eis.equifax.com:9090
1 &gt; User-Agent: Apache-HttpClient/4.5.3 (Java/9.0.4)
1 &gt; orchestrationCode: xxxx
1 &gt; organizationcode: EWS
{&quot;applicant&quot;:{&quot;orderInfo&quot;:{},&quot;PrimaryConsumer&quot;:{&quot;personalInformation&quot;:{}}},&quot;applicants&quot;:{&quot;primaryConsumer&quot;:{&quot;personalInformation&quot;:{&quot;socialSecurityNumber&quot;:&quot;66&quot;}}}}

16:14:08.298 [pool-1-thread-1] DEBUG org.apache.http.impl.conn.PoolingHttpClientConnectionManager - Connection request: [route: {}-&gt;http://AN00611970.eis.equifax.com:9090][total kept alive: 0; route allocated: 0 of 5; total allocated: 0 of 10]
16:14:08.298 [pool-1-thread-1] DEBUG org.apache.http.impl.conn.PoolingHttpClientConnectionManager - Connection leased: [id: 2][route: {}-&gt;http://AN00611970.eis.equifax.com:9090][total kept alive: 0; route allocated: 1 of 5; total allocated: 1 of 10]
16:14:08.298 [pool-1-thread-1] DEBUG org.apache.http.impl.execchain.MainClientExec - Opening connection {}-&gt;http://AN00611970.eis.equifax.com:9090
16:14:08.298 [pool-1-thread-1] DEBUG org.apache.http.impl.conn.DefaultManagedHttpClientConnection - http-outgoing-2: Shutdown connection
16:14:08.298 [pool-1-thread-1] DEBUG org.apache.http.impl.execchain.MainClientExec - Connection discarded
16:14:08.299 [pool-1-thread-1] DEBUG org.apache.http.impl.conn.PoolingHttpClientConnectionManager - Connection released: [id: 2][route: {}-&gt;http://AN00611970.eis.equifax.com:9090][total kept alive: 0; route allocated: 0 of 5; total allocated: 0 of 10]
16:14:08.299 [pool-1-thread-1] ERROR com.intuit.karate - java.net.UnknownHostException: AN00611970.eis.equifax.com, http call failed after 3 milliseconds for URL: http://AN00611970.eis.equifax.com:9090/ic-saas-client/api
16:14:08.299 [pool-1-thread-1] ERROR com.intuit.karate - http request failed: 
java.net.UnknownHostException: AN00611970.eis.equifax.com
16:14:08.313 [pool-1-thread-1] ERROR com.intuit.karate - could not find or read file: karate-config.js, prefix: CLASSPATH
16:14:08.314 [pool-1-thread-1] WARN com.intuit.karate - skipping bootstrap configuration: could not find or read file: karate-config.js, prefix: CLASSPATH
16:14:08.316 [pool-1-thread-1] DEBUG com.jayway.jsonpath.internal.path.CompiledPath - Evaluating path: $
16:14:08.316 [pool-1-thread-1] DEBUG com.jayway.jsonpath.internal.path.CompiledPath - Evaluating path: $
16:14:08.323 [pool-1-thread-2] DEBUG com.jayway.jsonpath.internal.path.CompiledPath - Evaluating path: $
16:14:08.323 [pool-1-thread-2] DEBUG com.jayway.jsonpath.internal.path.CompiledPath - Evaluating path: $
16:14:08.324 [pool-1-thread-2] DEBUG com.jayway.jsonpath.internal.path.CompiledPath - Evaluating path: $
16:14:08.326 [pool-1-thread-2] DEBUG com.jayway.jsonpath.internal.path.CompiledPath - Evaluating path: $[&apos;testData&apos;][&apos;Feature6&apos;][&apos;case1&apos;][&apos;socialSecurityNumber&apos;]
16:14:08.330 [pool-1-thread-2] DEBUG com.jayway.jsonpath.internal.path.CompiledPath - Evaluating path: $
16:14:08.331 [pool-1-thread-2] INFO com.intuit.karate - [print] {
  &quot;applicant&quot;: {
    &quot;orderInfo&quot;: {
    },
    &quot;PrimaryConsumer&quot;: {
      &quot;personalInformation&quot;: {
      }
    }
  }
}

16:14:08.336 [pool-1-thread-2] DEBUG com.jayway.jsonpath.internal.path.CompiledPath - Evaluating path: $[&apos;applicants&apos;][&apos;primaryConsumer&apos;][&apos;personalInformation&apos;]
16:14:08.337 [pool-1-thread-2] DEBUG com.jayway.jsonpath.internal.path.CompiledPath - Evaluating path: $[&apos;applicants&apos;][&apos;primaryConsumer&apos;]
16:14:08.337 [pool-1-thread-2] DEBUG com.jayway.jsonpath.internal.path.CompiledPath - Evaluating path: $[&apos;applicants&apos;]
16:14:08.338 [pool-1-thread-2] DEBUG com.jayway.jsonpath.internal.path.CompiledPath - Evaluating path: $
16:14:08.341 [pool-1-thread-2] DEBUG com.jayway.jsonpath.internal.path.CompiledPath - Evaluating path: $
16:14:08.341 [pool-1-thread-2] DEBUG com.jayway.jsonpath.internal.JsonContext - Put path $ key applicants value {}
16:14:08.343 [pool-1-thread-2] DEBUG com.jayway.jsonpath.internal.path.CompiledPath - Evaluating path: $[&apos;applicants&apos;]
16:14:08.343 [pool-1-thread-2] DEBUG com.jayway.jsonpath.internal.JsonContext - Put path $[&apos;applicants&apos;] key primaryConsumer value {}
16:14:08.344 [pool-1-thread-2] DEBUG com.jayway.jsonpath.internal.path.CompiledPath - Evaluating path: $[&apos;applicants&apos;][&apos;primaryConsumer&apos;]
16:14:08.344 [pool-1-thread-2] DEBUG com.jayway.jsonpath.internal.JsonContext - Put path $[&apos;applicants&apos;][&apos;primaryConsumer&apos;] key personalInformation value {}
16:14:08.344 [pool-1-thread-2] DEBUG com.jayway.jsonpath.internal.path.CompiledPath - Evaluating path: $[&apos;applicants&apos;][&apos;primaryConsumer&apos;][&apos;personalInformation&apos;]
16:14:08.345 [pool-1-thread-2] DEBUG com.jayway.jsonpath.internal.JsonContext - Put path $[&apos;applicants&apos;][&apos;primaryConsumer&apos;][&apos;personalInformation&apos;] key socialSecurityNumber value 66
16:14:08.346 [pool-1-thread-2] DEBUG com.jayway.jsonpath.internal.path.CompiledPath - Evaluating path: $
16:14:08.346 [pool-1-thread-2] INFO com.intuit.karate - [print] {
  &quot;applicant&quot;: {
    &quot;orderInfo&quot;: {
    },
    &quot;PrimaryConsumer&quot;: {
      &quot;personalInformation&quot;: {
      }
    }
  },
  &quot;applicants&quot;: {
    &quot;primaryConsumer&quot;: {
      &quot;personalInformation&quot;: {
        &quot;socialSecurityNumber&quot;: &quot;66&quot;
      }
    }
  }
}

16:14:08.348 [pool-1-thread-2] DEBUG com.jayway.jsonpath.internal.path.CompiledPath - Evaluating path: $
16:14:08.351 [pool-1-thread-2] DEBUG org.apache.http.client.protocol.RequestAddCookies - CookieSpec selected: karate
16:14:08.351 [pool-1-thread-2] DEBUG org.apache.http.client.protocol.RequestAuthCache - Auth cache not set in the context
16:14:08.351 [pool-1-thread-2] DEBUG com.intuit.karate - 
1 &gt; POST http://AN00611970.eis.equifax.com:9090/ic-saas-client/api
1 &gt; Accept-Encoding: gzip,deflate
1 &gt; Authorization: Basic ZXdzY3N0c3Vz
1 &gt; Connection: Keep-Alive
1 &gt; Content-Length: 162
1 &gt; Content-Type: application/vnd.com.equifax.ic.saas.request.v1+json; charset=UTF-8
1 &gt; Host: AN00611970.eis.equifax.com:9090
1 &gt; User-Agent: Apache-HttpClient/4.5.3 (Java/9.0.4)
1 &gt; ig-orchestrationcode: 
1 &gt; organizationcode: EWS
{&quot;applicant&quot;:{&quot;orderInfo&quot;:{},&quot;PrimaryConsumer&quot;:{&quot;personalInformation&quot;:{}}},&quot;applicants&quot;:{&quot;primaryConsumer&quot;:{&quot;personalInformation&quot;:{&quot;socialSecurityNumber&quot;:&quot;66&quot;}}}}

16:14:08.352 [pool-1-thread-2] DEBUG org.apache.http.impl.conn.PoolingHttpClientConnectionManager - Connection request: [route: {}-&gt;http://AN00611970.eis.equifax.com:9090][total kept alive: 0; route allocated: 0 of 5; total allocated: 0 of 10]
16:14:08.352 [pool-1-thread-2] DEBUG org.apache.http.impl.conn.PoolingHttpClientConnectionManager - Connection leased: [id: 3][route: {}-&gt;http://AN00611970.eis.equifax.com:9090][total kept alive: 0; route allocated: 1 of 5; total allocated: 1 of 10]
16:14:08.353 [pool-1-thread-2] DEBUG org.apache.http.impl.execchain.MainClientExec - Opening connection {}-&gt;http://AN00611970.eis.equifax.com:9090
16:14:08.353 [pool-1-thread-2] DEBUG org.apache.http.impl.conn.DefaultManagedHttpClientConnection - http-outgoing-3: Shutdown connection
16:14:08.353 [pool-1-thread-2] DEBUG org.apache.http.impl.execchain.MainClientExec - Connection discarded
16:14:08.353 [pool-1-thread-2] DEBUG org.apache.http.impl.conn.PoolingHttpClientConnectionManager - Connection released: [id: 3][route: {}-&gt;http://AN00611970.eis.equifax.com:9090][total kept alive: 0; route allocated: 0 of 5; total allocated: 0 of 10]
16:14:08.353 [pool-1-thread-2] ERROR com.intuit.karate - java.net.UnknownHostException: AN00611970.eis.equifax.com, http call failed after 3 milliseconds for URL: http://AN00611970.eis.equifax.com:9090/ic-saas-client/api
16:14:08.353 [pool-1-thread-2] ERROR com.intuit.karate - http request failed: 
java.net.UnknownHostException: AN00611970.eis.equifax.com
16:14:08.360 [pool-1-thread-1] DEBUG com.jayway.jsonpath.internal.path.CompiledPath - Evaluating path: $
16:14:08.361 [pool-1-thread-1] DEBUG com.jayway.jsonpath.internal.path.CompiledPath - Evaluating path: $
16:14:08.393 [pool-1-thread-1] DEBUG com.jayway.jsonpath.internal.path.CompiledPath - Evaluating path: $
16:14:08.394 [pool-1-thread-1] DEBUG com.jayway.jsonpath.internal.path.CompiledPath - Evaluating path: $
16:14:08.395 [pool-1-thread-1] DEBUG com.jayway.jsonpath.internal.path.CompiledPath - Evaluating path: $[&apos;testData&apos;][&apos;Feature6&apos;][&apos;case9&apos;][&apos;socialSecurityNumber&apos;]
16:14:08.397 [pool-1-thread-1] DEBUG com.jayway.jsonpath.internal.path.CompiledPath - Evaluating path: $
16:14:08.398 [pool-1-thread-1] INFO com.intuit.karate - [print] {
  &quot;applicant&quot;: {
    &quot;orderInfo&quot;: {
    },
    &quot;PrimaryConsumer&quot;: {
      &quot;personalInformation&quot;: {
      }
    }
  }
}

16:14:08.405 [pool-1-thread-1] DEBUG com.jayway.jsonpath.internal.path.CompiledPath - Evaluating path: $[&apos;applicants&apos;][&apos;primaryConsumer&apos;][&apos;personalInformation&apos;]
16:14:08.406 [pool-1-thread-1] DEBUG com.jayway.jsonpath.internal.path.CompiledPath - Evaluating path: $[&apos;applicants&apos;][&apos;primaryConsumer&apos;]
16:14:08.406 [pool-1-thread-1] DEBUG com.jayway.jsonpath.internal.path.CompiledPath - Evaluating path: $[&apos;applicants&apos;]
16:14:08.412 [pool-1-thread-1] DEBUG com.jayway.jsonpath.internal.path.CompiledPath - Evaluating path: $
16:14:08.412 [pool-1-thread-1] DEBUG com.jayway.jsonpath.internal.path.CompiledPath - Evaluating path: $
16:14:08.412 [pool-1-thread-1] DEBUG com.jayway.jsonpath.internal.JsonContext - Put path $ key applicants value {}
16:14:08.413 [pool-1-thread-1] DEBUG com.jayway.jsonpath.internal.path.CompiledPath - Evaluating path: $[&apos;applicants&apos;]
16:14:08.413 [pool-1-thread-1] DEBUG com.jayway.jsonpath.internal.JsonContext - Put path $[&apos;applicants&apos;] key primaryConsumer value {}
16:14:08.413 [pool-1-thread-1] DEBUG com.jayway.jsonpath.internal.path.CompiledPath - Evaluating path: $[&apos;applicants&apos;][&apos;primaryConsumer&apos;]
16:14:08.413 [pool-1-thread-1] DEBUG com.jayway.jsonpath.internal.JsonContext - Put path $[&apos;applicants&apos;][&apos;primaryConsumer&apos;] key personalInformation value {}
16:14:08.413 [pool-1-thread-1] DEBUG com.jayway.jsonpath.internal.path.CompiledPath - Evaluating path: $[&apos;applicants&apos;][&apos;primaryConsumer&apos;][&apos;personalInformation&apos;]
16:14:08.414 [pool-1-thread-1] DEBUG com.jayway.jsonpath.internal.JsonContext - Put path $[&apos;applicants&apos;][&apos;primaryConsumer&apos;][&apos;personalInformation&apos;] key socialSecurityNumber value 6789
16:14:08.416 [pool-1-thread-1] DEBUG com.jayway.jsonpath.internal.path.CompiledPath - Evaluating path: $
16:14:08.416 [pool-1-thread-1] INFO com.intuit.karate - [print] {
  &quot;applicant&quot;: {
    &quot;orderInfo&quot;: {
    },
    &quot;PrimaryConsumer&quot;: {
      &quot;personalInformation&quot;: {
      }
    }
  },
  &quot;applicants&quot;: {
    &quot;primaryConsumer&quot;: {
      &quot;personalInformation&quot;: {
        &quot;socialSecurityNumber&quot;: &quot;6789&quot;
      }
    }
  }
}

16:14:08.422 [pool-1-thread-1] DEBUG org.apache.http.client.protocol.RequestAddCookies - CookieSpec selected: karate
16:14:08.423 [pool-1-thread-1] DEBUG org.apache.http.client.protocol.RequestAuthCache - Auth cache not set in the context
16:14:08.423 [pool-1-thread-1] DEBUG com.intuit.karate - 
1 &gt; POST http://AN00611970.eis.equifax.com:9090/ic-saas-client/api
1 &gt; Accept-Encoding: gzip,deflate
1 &gt; Authorization: Basaicfdffsfsf
1 &gt; Connection: Keep-Alive
1 &gt; Content-Length: 164
1 &gt; Content-Type: application/vnd.com.equifax.ic.saas.request.v1+json; charset=UTF-8
1 &gt; Host: AN00611970.eis.equifax.com:9090
1 &gt; User-Agent: Apache-HttpClient/4.5.3 (Java/9.0.4)
1 &gt; orchestrationCode: xxxx
1 &gt; organizationcode: EWS
{&quot;applicant&quot;:{&quot;orderInfo&quot;:{},&quot;PrimaryConsumer&quot;:{&quot;personalInformation&quot;:{}}},&quot;applicants&quot;:{&quot;primaryConsumer&quot;:{&quot;personalInformation&quot;:{&quot;socialSecurityNumber&quot;:&quot;6789&quot;}}}}

16:14:08.423 [pool-1-thread-2] ERROR com.intuit.karate - could not find or read file: karate-config.js, prefix: CLASSPATH
16:14:08.423 [pool-1-thread-2] WARN com.intuit.karate - skipping bootstrap configuration: could not find or read file: karate-config.js, prefix: CLASSPATH
16:14:08.423 [pool-1-thread-1] DEBUG org.apache.http.impl.conn.PoolingHttpClientConnectionManager - Connection request: [route: {}-&gt;http://AN00611970.eis.equifax.com:9090][total kept alive: 0; route allocated: 0 of 5; total allocated: 0 of 10]
16:14:08.425 [pool-1-thread-1] DEBUG org.apache.http.impl.conn.PoolingHttpClientConnectionManager - Connection leased: [id: 4][route: {}-&gt;http://AN00611970.eis.equifax.com:9090][total kept alive: 0; route allocated: 1 of 5; total allocated: 1 of 10]
16:14:08.425 [pool-1-thread-1] DEBUG org.apache.http.impl.execchain.MainClientExec - Opening connection {}-&gt;http://AN00611970.eis.equifax.com:9090
16:14:08.425 [pool-1-thread-1] DEBUG org.apache.http.impl.conn.DefaultManagedHttpClientConnection - http-outgoing-4: Shutdown connection
16:14:08.425 [pool-1-thread-1] DEBUG org.apache.http.impl.execchain.MainClientExec - Connection discarded
16:14:08.425 [pool-1-thread-1] DEBUG org.apache.http.impl.conn.PoolingHttpClientConnectionManager - Connection released: [id: 4][route: {}-&gt;http://AN00611970.eis.equifax.com:9090][total kept alive: 0; route allocated: 0 of 5; total allocated: 0 of 10]
16:14:08.426 [pool-1-thread-1] ERROR com.intuit.karate - java.net.UnknownHostException: AN00611970.eis.equifax.com, http call failed after 5 milliseconds for URL: http://AN00611970.eis.equifax.com:9090/ic-saas-client/api
16:14:08.426 [pool-1-thread-1] ERROR com.intuit.karate - http request failed: 
java.net.UnknownHostException: AN00611970.eis.equifax.com
16:14:08.435 [pool-1-thread-2] DEBUG com.jayway.jsonpath.internal.path.CompiledPath - Evaluating path: $
16:14:08.435 [pool-1-thread-2] DEBUG com.jayway.jsonpath.internal.path.CompiledPath - Evaluating path: $
16:14:08.438 [pool-1-thread-2] DEBUG com.jayway.jsonpath.internal.path.CompiledPath - Evaluating path: $
16:14:08.439 [pool-1-thread-2] DEBUG com.jayway.jsonpath.internal.path.CompiledPath - Evaluating path: $
16:14:08.453 [pool-1-thread-2] DEBUG com.jayway.jsonpath.internal.path.CompiledPath - Evaluating path: $
16:14:08.455 [pool-1-thread-2] DEBUG com.jayway.jsonpath.internal.path.CompiledPath - Evaluating path: $
16:14:08.464 [pool-1-thread-2] DEBUG com.jayway.jsonpath.internal.path.CompiledPath - Evaluating path: $
16:14:08.469 [pool-1-thread-2] DEBUG com.jayway.jsonpath.internal.path.CompiledPath - Evaluating path: $[&apos;testData&apos;][&apos;Feature6&apos;][&apos;case4&apos;][&apos;socialSecurityNumber&apos;]
16:14:08.473 [pool-1-thread-2] DEBUG com.jayway.jsonpath.internal.path.CompiledPath - Evaluating path: $
16:14:08.473 [pool-1-thread-2] INFO com.intuit.karate - [print] {
  &quot;applicant&quot;: {
    &quot;orderInfo&quot;: {
    },
    &quot;PrimaryConsumer&quot;: {
      &quot;personalInformation&quot;: {
      }
    }
  }
}

16:14:08.479 [pool-1-thread-2] DEBUG com.jayway.jsonpath.internal.path.CompiledPath - Evaluating path: $[&apos;applicants&apos;][&apos;primaryConsumer&apos;][&apos;personalInformation&apos;]
16:14:08.480 [pool-1-thread-2] DEBUG com.jayway.jsonpath.internal.path.CompiledPath - Evaluating path: $[&apos;applicants&apos;][&apos;primaryConsumer&apos;]
16:14:08.480 [pool-1-thread-2] DEBUG com.jayway.jsonpath.internal.path.CompiledPath - Evaluating path: $[&apos;applicants&apos;]
16:14:08.480 [pool-1-thread-2] DEBUG com.jayway.jsonpath.internal.path.CompiledPath - Evaluating path: $
16:14:08.480 [pool-1-thread-2] DEBUG com.jayway.jsonpath.internal.path.CompiledPath - Evaluating path: $
16:14:08.480 [pool-1-thread-2] DEBUG com.jayway.jsonpath.internal.JsonContext - Put path $ key applicants value {}
16:14:08.480 [pool-1-thread-2] DEBUG com.jayway.jsonpath.internal.path.CompiledPath - Evaluating path: $[&apos;applicants&apos;]
16:14:08.480 [pool-1-thread-2] DEBUG com.jayway.jsonpath.internal.JsonContext - Put path $[&apos;applicants&apos;] key primaryConsumer value {}
16:14:08.481 [pool-1-thread-2] DEBUG com.jayway.jsonpath.internal.path.CompiledPath - Evaluating path: $[&apos;applicants&apos;][&apos;primaryConsumer&apos;]
16:14:08.481 [pool-1-thread-2] DEBUG com.jayway.jsonpath.internal.JsonContext - Put path $[&apos;applicants&apos;][&apos;primaryConsumer&apos;] key personalInformation value {}
16:14:08.481 [pool-1-thread-2] DEBUG com.jayway.jsonpath.internal.path.CompiledPath - Evaluating path: $[&apos;applicants&apos;][&apos;primaryConsumer&apos;][&apos;personalInformation&apos;]
16:14:08.481 [pool-1-thread-2] DEBUG com.jayway.jsonpath.internal.JsonContext - Put path $[&apos;applicants&apos;][&apos;primaryConsumer&apos;][&apos;personalInformation&apos;] key socialSecurityNumber value 644#$%%^
16:14:08.482 [pool-1-thread-2] DEBUG com.jayway.jsonpath.internal.path.CompiledPath - Evaluating path: $
16:14:08.482 [pool-1-thread-2] INFO com.intuit.karate - [print] {
  &quot;applicant&quot;: {
    &quot;orderInfo&quot;: {
    },
    &quot;PrimaryConsumer&quot;: {
      &quot;personalInformation&quot;: {
      }
    }
  },
  &quot;applicants&quot;: {
    &quot;primaryConsumer&quot;: {
      &quot;personalInformation&quot;: {
        &quot;socialSecurityNumber&quot;: &quot;644#$%%^&quot;
      }
    }
  }
}

16:14:08.483 [pool-1-thread-2] DEBUG com.jayway.jsonpath.internal.path.CompiledPath - Evaluating path: $
16:14:08.484 [pool-1-thread-2] DEBUG org.apache.http.client.protocol.RequestAddCookies - CookieSpec selected: karate
16:14:08.484 [pool-1-thread-2] DEBUG org.apache.http.client.protocol.RequestAuthCache - Auth cache not set in the context
16:14:08.484 [pool-1-thread-2] DEBUG com.intuit.karate - 
1 &gt; POST http://AN00611970.eis.equifax.com:9090/ic-saas-client/api
1 &gt; Accept-Encoding: gzip,deflate
1 &gt; Authorization: Basic ZXdzY3N0c3VzZXI6Pz1qOiZ4TUpKTSVnaWV3czIzNA==
1 &gt; Connection: Keep-Alive
1 &gt; Content-Length: 168
1 &gt; Content-Type: application/vnd.com.equifax.ic.saas.request.v1+json; charset=UTF-8
1 &gt; Host: AN00611970.eis.equifax.com:9090
1 &gt; User-Agent: Apache-HttpClient/4.5.3 (Java/9.0.4)
1 &gt; ig-orchestrationcode: 
1 &gt; organizationcode: EWS
{&quot;applicant&quot;:{&quot;orderInfo&quot;:{},&quot;PrimaryConsumer&quot;:{&quot;personalInformation&quot;:{}}},&quot;applicants&quot;:{&quot;primaryConsumer&quot;:{&quot;personalInformation&quot;:{&quot;socialSecurityNumber&quot;:&quot;644#$%%^&quot;}}}}

16:14:08.484 [pool-1-thread-2] DEBUG org.apache.http.impl.conn.PoolingHttpClientConnectionManager - Connection request: [route: {}-&gt;http://AN00611970.eis.equifax.com:9090][total kept alive: 0; route allocated: 0 of 5; total allocated: 0 of 10]
16:14:08.485 [pool-1-thread-2] DEBUG org.apache.http.impl.conn.PoolingHttpClientConnectionManager - Connection leased: [id: 5][route: {}-&gt;http://AN00611970.eis.equifax.com:9090][total kept alive: 0; route allocated: 1 of 5; total allocated: 1 of 10]
16:14:08.485 [pool-1-thread-2] DEBUG org.apache.http.impl.execchain.MainClientExec - Opening connection {}-&gt;http://AN00611970.eis.equifax.com:9090
16:14:08.485 [pool-1-thread-2] DEBUG org.apache.http.impl.conn.DefaultManagedHttpClientConnection - http-outgoing-5: Shutdown connection
16:14:08.485 [pool-1-thread-2] DEBUG org.apache.http.impl.execchain.MainClientExec - Connection discarded
16:14:08.485 [pool-1-thread-2] DEBUG org.apache.http.impl.conn.PoolingHttpClientConnectionManager - Connection released: [id: 5][route: {}-&gt;http://AN00611970.eis.equifax.com:9090][total kept alive: 0; route allocated: 0 of 5; total allocated: 0 of 10]
16:14:08.485 [pool-1-thread-2] ERROR com.intuit.karate - java.net.UnknownHostException: AN00611970.eis.equifax.com, http call failed after 2 milliseconds for URL: http://AN00611970.eis.equifax.com:9090/ic-saas-client/api
16:14:08.485 [pool-1-thread-2] ERROR com.intuit.karate - http request failed: 
java.net.UnknownHostException: AN00611970.eis.equifax.com
16:14:08.494 [pool-1-thread-1] ERROR com.intuit.karate - could not find or read file: karate-config.js, prefix: CLASSPATH
16:14:08.495 [pool-1-thread-1] WARN com.intuit.karate - skipping bootstrap configuration: could not find or read file: karate-config.js, prefix: CLASSPATH
16:14:08.497 [pool-1-thread-1] DEBUG com.jayway.jsonpath.internal.path.CompiledPath - Evaluating path: $
16:14:08.497 [pool-1-thread-1] DEBUG com.jayway.jsonpath.internal.path.CompiledPath - Evaluating path: $
16:14:08.499 [pool-1-thread-1] DEBUG com.jayway.jsonpath.internal.path.CompiledPath - Evaluating path: $
16:14:08.501 [pool-1-thread-1] DEBUG com.jayway.jsonpath.internal.path.CompiledPath - Evaluating path: $
16:14:08.504 [pool-1-thread-2] ERROR com.intuit.karate - could not find or read file: karate-config.js, prefix: CLASSPATH
16:14:08.504 [pool-1-thread-2] WARN com.intuit.karate - skipping bootstrap configuration: could not find or read file: karate-config.js, prefix: CLASSPATH
16:14:08.505 [pool-1-thread-2] DEBUG com.jayway.jsonpath.internal.path.CompiledPath - Evaluating path: $
16:14:08.506 [pool-1-thread-2] DEBUG com.jayway.jsonpath.internal.path.CompiledPath - Evaluating path: $
16:14:08.507 [pool-1-thread-2] DEBUG com.jayway.jsonpath.internal.path.CompiledPath - Evaluating path: $
16:14:08.508 [pool-1-thread-2] DEBUG com.jayway.jsonpath.internal.path.CompiledPath - Evaluating path: $
16:14:08.512 [pool-1-thread-1] DEBUG com.jayway.jsonpath.internal.path.CompiledPath - Evaluating path: $
16:14:08.512 [pool-1-thread-1] DEBUG com.jayway.jsonpath.internal.path.CompiledPath - Evaluating path: $
16:14:08.515 [pool-1-thread-2] DEBUG com.jayway.jsonpath.internal.path.CompiledPath - Evaluating path: $
16:14:08.515 [pool-1-thread-2] DEBUG com.jayway.jsonpath.internal.path.CompiledPath - Evaluating path: $
16:14:08.514 [pool-1-thread-1] DEBUG com.jayway.jsonpath.internal.path.CompiledPath - Evaluating path: $[&apos;testData&apos;][&apos;Feature6&apos;][&apos;case9&apos;][&apos;socialSecurityNumber&apos;]
16:14:08.516 [pool-1-thread-2] DEBUG com.jayway.jsonpath.internal.path.CompiledPath - Evaluating path: $
16:14:08.517 [pool-1-thread-1] DEBUG com.jayway.jsonpath.internal.path.CompiledPath - Evaluating path: $
16:14:08.517 [pool-1-thread-2] DEBUG com.jayway.jsonpath.internal.path.CompiledPath - Evaluating path: $[&apos;testData&apos;][&apos;Feature6&apos;][&apos;case4&apos;][&apos;socialSecurityNumber&apos;]
16:14:08.517 [pool-1-thread-1] INFO com.intuit.karate - [print] {
  &quot;applicant&quot;: {
    &quot;orderInfo&quot;: {
    },
    &quot;PrimaryConsumer&quot;: {
      &quot;personalInformation&quot;: {
      }
    }
  }
}

16:14:08.518 [pool-1-thread-1] DEBUG com.jayway.jsonpath.internal.path.CompiledPath - Evaluating path: $[&apos;applicants&apos;][&apos;primaryConsumer&apos;][&apos;personalInformation&apos;]
16:14:08.518 [pool-1-thread-1] DEBUG com.jayway.jsonpath.internal.path.CompiledPath - Evaluating path: $[&apos;applicants&apos;][&apos;primaryConsumer&apos;]
16:14:08.518 [pool-1-thread-1] DEBUG com.jayway.jsonpath.internal.path.CompiledPath - Evaluating path: $[&apos;applicants&apos;]
16:14:08.518 [pool-1-thread-1] DEBUG com.jayway.jsonpath.internal.path.CompiledPath - Evaluating path: $
16:14:08.518 [pool-1-thread-1] DEBUG com.jayway.jsonpath.internal.path.CompiledPath - Evaluating path: $
16:14:08.518 [pool-1-thread-1] DEBUG com.jayway.jsonpath.internal.JsonContext - Put path $ key applicants value {}
16:14:08.518 [pool-1-thread-1] DEBUG com.jayway.jsonpath.internal.path.CompiledPath - Evaluating path: $[&apos;applicants&apos;]
16:14:08.518 [pool-1-thread-1] DEBUG com.jayway.jsonpath.internal.JsonContext - Put path $[&apos;applicants&apos;] key primaryConsumer value {}
16:14:08.518 [pool-1-thread-1] DEBUG com.jayway.jsonpath.internal.path.CompiledPath - Evaluating path: $[&apos;applicants&apos;][&apos;primaryConsumer&apos;]
16:14:08.519 [pool-1-thread-1] DEBUG com.jayway.jsonpath.internal.JsonContext - Put path $[&apos;applicants&apos;][&apos;primaryConsumer&apos;] key personalInformation value {}
16:14:08.519 [pool-1-thread-1] DEBUG com.jayway.jsonpath.internal.path.CompiledPath - Evaluating path: $[&apos;applicants&apos;][&apos;primaryConsumer&apos;][&apos;personalInformation&apos;]
16:14:08.519 [pool-1-thread-1] DEBUG com.jayway.jsonpath.internal.JsonContext - Put path $[&apos;applicants&apos;][&apos;primaryConsumer&apos;][&apos;personalInformation&apos;] key socialSecurityNumber value 6789
16:14:08.519 [pool-1-thread-2] DEBUG com.jayway.jsonpath.internal.path.CompiledPath - Evaluating path: $
16:14:08.519 [pool-1-thread-1] DEBUG com.jayway.jsonpath.internal.path.CompiledPath - Evaluating path: $
16:14:08.520 [pool-1-thread-1] INFO com.intuit.karate - [print] {
  &quot;applicant&quot;: {
    &quot;orderInfo&quot;: {
    },
    &quot;PrimaryConsumer&quot;: {
      &quot;personalInformation&quot;: {
      }
    }
  },
  &quot;applicants&quot;: {
    &quot;primaryConsumer&quot;: {
      &quot;personalInformation&quot;: {
        &quot;socialSecurityNumber&quot;: &quot;6789&quot;
      }
    }
  }
}

16:14:08.522 [pool-1-thread-1] DEBUG org.apache.http.client.protocol.RequestAddCookies - CookieSpec selected: karate
16:14:08.522 [pool-1-thread-1] DEBUG org.apache.http.client.protocol.RequestAuthCache - Auth cache not set in the context
16:14:08.522 [pool-1-thread-1] DEBUG com.intuit.karate - 
1 &gt; POST http://AN00611970.eis.equifax.com:9090/ic-saas-client/api
1 &gt; Accept-Encoding: gzip,deflate
1 &gt; Authorization: Basaicfdffsfsf
1 &gt; Connection: Keep-Alive
1 &gt; Content-Length: 164
1 &gt; Content-Type: application/vnd.com.equifax.ic.saas.request.v1+json; charset=UTF-8
1 &gt; Host: AN00611970.eis.equifax.com:9090
1 &gt; User-Agent: Apache-HttpClient/4.5.3 (Java/9.0.4)
1 &gt; orchestrationCode: xxxx
1 &gt; organizationcode: EWS
{&quot;applicant&quot;:{&quot;orderInfo&quot;:{},&quot;PrimaryConsumer&quot;:{&quot;personalInformation&quot;:{}}},&quot;applicants&quot;:{&quot;primaryConsumer&quot;:{&quot;personalInformation&quot;:{&quot;socialSecurityNumber&quot;:&quot;6789&quot;}}}}

16:14:08.522 [pool-1-thread-1] DEBUG org.apache.http.impl.conn.PoolingHttpClientConnectionManager - Connection request: [route: {}-&gt;http://AN00611970.eis.equifax.com:9090][total kept alive: 0; route allocated: 0 of 5; total allocated: 0 of 10]
16:14:08.522 [pool-1-thread-1] DEBUG org.apache.http.impl.conn.PoolingHttpClientConnectionManager - Connection leased: [id: 6][route: {}-&gt;http://AN00611970.eis.equifax.com:9090][total kept alive: 0; route allocated: 1 of 5; total allocated: 1 of 10]
16:14:08.523 [pool-1-thread-1] DEBUG org.apache.http.impl.execchain.MainClientExec - Opening connection {}-&gt;http://AN00611970.eis.equifax.com:9090
16:14:08.523 [pool-1-thread-1] DEBUG org.apache.http.impl.conn.DefaultManagedHttpClientConnection - http-outgoing-6: Shutdown connection
16:14:08.523 [pool-1-thread-1] DEBUG org.apache.http.impl.execchain.MainClientExec - Connection discarded
16:14:08.523 [pool-1-thread-1] DEBUG org.apache.http.impl.conn.PoolingHttpClientConnectionManager - Connection released: [id: 6][route: {}-&gt;http://AN00611970.eis.equifax.com:9090][total kept alive: 0; route allocated: 0 of 5; total allocated: 0 of 10]
16:14:08.523 [pool-1-thread-1] ERROR com.intuit.karate - java.net.UnknownHostException: AN00611970.eis.equifax.com, http call failed after 3 milliseconds for URL: http://AN00611970.eis.equifax.com:9090/ic-saas-client/api
16:14:08.523 [pool-1-thread-1] ERROR com.intuit.karate - http request failed: 
java.net.UnknownHostException: AN00611970.eis.equifax.com
16:14:08.519 [pool-1-thread-2] INFO com.intuit.karate - [print] {
  &quot;applicant&quot;: {
    &quot;orderInfo&quot;: {
    },
    &quot;PrimaryConsumer&quot;: {
      &quot;personalInformation&quot;: {
      }
    }
  }
}

16:14:08.526 [pool-1-thread-2] DEBUG com.jayway.jsonpath.internal.path.CompiledPath - Evaluating path: $[&apos;applicants&apos;][&apos;primaryConsumer&apos;][&apos;personalInformation&apos;]
16:14:08.526 [pool-1-thread-2] DEBUG com.jayway.jsonpath.internal.path.CompiledPath - Evaluating path: $[&apos;applicants&apos;][&apos;primaryConsumer&apos;]
16:14:08.526 [pool-1-thread-2] DEBUG com.jayway.jsonpath.internal.path.CompiledPath - Evaluating path: $[&apos;applicants&apos;]
16:14:08.526 [pool-1-thread-2] DEBUG com.jayway.jsonpath.internal.path.CompiledPath - Evaluating path: $
16:14:08.526 [pool-1-thread-2] DEBUG com.jayway.jsonpath.internal.path.CompiledPath - Evaluating path: $
16:14:08.526 [pool-1-thread-2] DEBUG com.jayway.jsonpath.internal.JsonContext - Put path $ key applicants value {}
16:14:08.527 [pool-1-thread-2] DEBUG com.jayway.jsonpath.internal.path.CompiledPath - Evaluating path: $[&apos;applicants&apos;]
16:14:08.527 [pool-1-thread-2] DEBUG com.jayway.jsonpath.internal.JsonContext - Put path $[&apos;applicants&apos;] key primaryConsumer value {}
16:14:08.534 [pool-1-thread-2] DEBUG com.jayway.jsonpath.internal.path.CompiledPath - Evaluating path: $[&apos;applicants&apos;][&apos;primaryConsumer&apos;]
16:14:08.534 [pool-1-thread-2] DEBUG com.jayway.jsonpath.internal.JsonContext - Put path $[&apos;applicants&apos;][&apos;primaryConsumer&apos;] key personalInformation value {}
16:14:08.534 [pool-1-thread-2] DEBUG com.jayway.jsonpath.internal.path.CompiledPath - Evaluating path: $[&apos;applicants&apos;][&apos;primaryConsumer&apos;][&apos;personalInformation&apos;]
16:14:08.534 [pool-1-thread-2] DEBUG com.jayway.jsonpath.internal.JsonContext - Put path $[&apos;applicants&apos;][&apos;primaryConsumer&apos;][&apos;personalInformation&apos;] key socialSecurityNumber value 644#$%%^
16:14:08.535 [pool-1-thread-2] DEBUG com.jayway.jsonpath.internal.path.CompiledPath - Evaluating path: $
16:14:08.533 [pool-1-thread-1] ERROR com.intuit.karate - could not find or read file: karate-config.js, prefix: CLASSPATH
16:14:08.536 [pool-1-thread-2] INFO com.intuit.karate - [print] {
  &quot;applicant&quot;: {
    &quot;orderInfo&quot;: {
    },
    &quot;PrimaryConsumer&quot;: {
      &quot;personalInformation&quot;: {
      }
    }
  },
  &quot;applicants&quot;: {
    &quot;primaryConsumer&quot;: {
      &quot;personalInformation&quot;: {
        &quot;socialSecurityNumber&quot;: &quot;644#$%%^&quot;
      }
    }
  }
}

16:14:08.536 [pool-1-thread-1] WARN com.intuit.karate - skipping bootstrap configuration: could not find or read file: karate-config.js, prefix: CLASSPATH
16:14:08.537 [pool-1-thread-2] DEBUG com.jayway.jsonpath.internal.path.CompiledPath - Evaluating path: $
16:14:08.537 [pool-1-thread-1] DEBUG com.jayway.jsonpath.internal.path.CompiledPath - Evaluating path: $
16:14:08.537 [pool-1-thread-1] DEBUG com.jayway.jsonpath.internal.path.CompiledPath - Evaluating path: $
16:14:08.539 [pool-1-thread-2] DEBUG org.apache.http.client.protocol.RequestAddCookies - CookieSpec selected: karate
16:14:08.539 [pool-1-thread-1] DEBUG com.jayway.jsonpath.internal.path.CompiledPath - Evaluating path: $
16:14:08.539 [pool-1-thread-1] DEBUG com.jayway.jsonpath.internal.path.CompiledPath - Evaluating path: $
16:14:08.539 [pool-1-thread-2] DEBUG org.apache.http.client.protocol.RequestAuthCache - Auth cache not set in the context
16:14:08.549 [pool-1-thread-2] DEBUG com.intuit.karate - 
1 &gt; POST http://AN00611970.eis.equifax.com:9090/ic-saas-client/api
1 &gt; Accept-Encoding: gzip,deflate
1 &gt; Authorization: Basic ZXdzY3N0c3VzZXI6Pz1qOiZ4TUpKTSVnaWV3czIzNA==
1 &gt; Connection: Keep-Alive
1 &gt; Content-Length: 168
1 &gt; Content-Type: application/vnd.com.equifax.ic.saas.request.v1+json; charset=UTF-8
1 &gt; Host: AN00611970.eis.equifax.com:9090
1 &gt; User-Agent: Apache-HttpClient/4.5.3 (Java/9.0.4)
1 &gt; ig-orchestrationcode: test50dtec
1 &gt; organizationcode: 
{&quot;applicant&quot;:{&quot;orderInfo&quot;:{},&quot;PrimaryConsumer&quot;:{&quot;personalInformation&quot;:{}}},&quot;applicants&quot;:{&quot;primaryConsumer&quot;:{&quot;personalInformation&quot;:{&quot;socialSecurityNumber&quot;:&quot;644#$%%^&quot;}}}}

16:14:08.549 [pool-1-thread-2] DEBUG org.apache.http.impl.conn.PoolingHttpClientConnectionManager - Connection request: [route: {}-&gt;http://AN00611970.eis.equifax.com:9090][total kept alive: 0; route allocated: 0 of 5; total allocated: 0 of 10]
16:14:08.550 [pool-1-thread-2] DEBUG org.apache.http.impl.conn.PoolingHttpClientConnectionManager - Connection leased: [id: 7][route: {}-&gt;http://AN00611970.eis.equifax.com:9090][total kept alive: 0; route allocated: 1 of 5; total allocated: 1 of 10]
16:14:08.550 [pool-1-thread-2] DEBUG org.apache.http.impl.execchain.MainClientExec - Opening connection {}-&gt;http://AN00611970.eis.equifax.com:9090
16:14:08.550 [pool-1-thread-2] DEBUG org.apache.http.impl.conn.DefaultManagedHttpClientConnection - http-outgoing-7: Shutdown connection
16:14:08.550 [pool-1-thread-2] DEBUG org.apache.http.impl.execchain.MainClientExec - Connection discarded
16:14:08.550 [pool-1-thread-2] DEBUG org.apache.http.impl.conn.PoolingHttpClientConnectionManager - Connection released: [id: 7][route: {}-&gt;http://AN00611970.eis.equifax.com:9090][total kept alive: 0; route allocated: 0 of 5; total allocated: 0 of 10]
16:14:08.551 [pool-1-thread-2] ERROR com.intuit.karate - java.net.UnknownHostException: AN00611970.eis.equifax.com, http call failed after 12 milliseconds for URL: http://AN00611970.eis.equifax.com:9090/ic-saas-client/api
16:14:08.551 [pool-1-thread-2] ERROR com.intuit.karate - http request failed: 
java.net.UnknownHostException: AN00611970.eis.equifax.com
16:14:08.570 [pool-1-thread-1] DEBUG com.jayway.jsonpath.internal.path.CompiledPath - Evaluating path: $
16:14:08.572 [pool-1-thread-1] DEBUG com.jayway.jsonpath.internal.path.CompiledPath - Evaluating path: $
16:14:08.573 [pool-1-thread-1] DEBUG com.jayway.jsonpath.internal.path.CompiledPath - Evaluating path: $[&apos;testData&apos;][&apos;Feature6&apos;][&apos;case7&apos;][&apos;socialSecurityNumber&apos;]
16:14:08.579 [pool-1-thread-2] ERROR com.intuit.karate - could not find or read file: karate-config.js, prefix: CLASSPATH
16:14:08.579 [pool-1-thread-2] WARN com.intuit.karate - skipping bootstrap configuration: could not find or read file: karate-config.js, prefix: CLASSPATH
16:14:08.581 [pool-1-thread-2] DEBUG com.jayway.jsonpath.internal.path.CompiledPath - Evaluating path: $
16:14:08.581 [pool-1-thread-2] DEBUG com.jayway.jsonpath.internal.path.CompiledPath - Evaluating path: $
16:14:08.583 [pool-1-thread-2] DEBUG com.jayway.jsonpath.internal.path.CompiledPath - Evaluating path: $
16:14:08.583 [pool-1-thread-2] DEBUG com.jayway.jsonpath.internal.path.CompiledPath - Evaluating path: $
16:14:08.587 [pool-1-thread-1] DEBUG com.jayway.jsonpath.internal.path.CompiledPath - Evaluating path: $
16:14:08.587 [pool-1-thread-1] INFO com.intuit.karate - [print] {
  &quot;applicant&quot;: {
    &quot;orderInfo&quot;: {
    },
    &quot;PrimaryConsumer&quot;: {
      &quot;personalInformation&quot;: {
      }
    }
  }
}

16:14:08.588 [pool-1-thread-1] DEBUG com.jayway.jsonpath.internal.path.CompiledPath - Evaluating path: $[&apos;applicants&apos;][&apos;primaryConsumer&apos;][&apos;personalInformation&apos;]
16:14:08.589 [pool-1-thread-2] DEBUG com.jayway.jsonpath.internal.path.CompiledPath - Evaluating path: $
16:14:08.589 [pool-1-thread-2] DEBUG com.jayway.jsonpath.internal.path.CompiledPath - Evaluating path: $
16:14:08.590 [pool-1-thread-2] DEBUG com.jayway.jsonpath.internal.path.CompiledPath - Evaluating path: $
16:14:08.591 [pool-1-thread-2] DEBUG com.jayway.jsonpath.internal.path.CompiledPath - Evaluating path: $[&apos;testData&apos;][&apos;Feature6&apos;][&apos;case4&apos;][&apos;socialSecurityNumber&apos;]
16:14:08.590 [pool-1-thread-1] DEBUG com.jayway.jsonpath.internal.path.CompiledPath - Evaluating path: $[&apos;applicants&apos;][&apos;primaryConsumer&apos;]
16:14:08.593 [pool-1-thread-1] DEBUG com.jayway.jsonpath.internal.path.CompiledPath - Evaluating path: $[&apos;applicants&apos;]
16:14:08.593 [pool-1-thread-2] DEBUG com.jayway.jsonpath.internal.path.CompiledPath - Evaluating path: $
16:14:08.594 [pool-1-thread-2] INFO com.intuit.karate - [print] {
  &quot;applicant&quot;: {
    &quot;orderInfo&quot;: {
    },
    &quot;PrimaryConsumer&quot;: {
      &quot;personalInformation&quot;: {
      }
    }
  }
}

16:14:08.594 [pool-1-thread-1] DEBUG com.jayway.jsonpath.internal.path.CompiledPath - Evaluating path: $
16:14:08.594 [pool-1-thread-1] DEBUG com.jayway.jsonpath.internal.path.CompiledPath - Evaluating path: $
16:14:08.594 [pool-1-thread-2] DEBUG com.jayway.jsonpath.internal.path.CompiledPath - Evaluating path: $[&apos;applicants&apos;][&apos;primaryConsumer&apos;][&apos;personalInformation&apos;]
16:14:08.595 [pool-1-thread-2] DEBUG com.jayway.jsonpath.internal.path.CompiledPath - Evaluating path: $[&apos;applicants&apos;][&apos;primaryConsumer&apos;]
16:14:08.595 [pool-1-thread-1] DEBUG com.jayway.jsonpath.internal.JsonContext - Put path $ key applicants value {}
16:14:08.595 [pool-1-thread-2] DEBUG com.jayway.jsonpath.internal.path.CompiledPath - Evaluating path: $[&apos;applicants&apos;]
16:14:08.595 [pool-1-thread-2] DEBUG com.jayway.jsonpath.internal.path.CompiledPath - Evaluating path: $
16:14:08.596 [pool-1-thread-2] DEBUG com.jayway.jsonpath.internal.path.CompiledPath - Evaluating path: $
16:14:08.596 [pool-1-thread-2] DEBUG com.jayway.jsonpath.internal.JsonContext - Put path $ key applicants value {}
16:14:08.596 [pool-1-thread-2] DEBUG com.jayway.jsonpath.internal.path.CompiledPath - Evaluating path: $[&apos;applicants&apos;]
16:14:08.596 [pool-1-thread-2] DEBUG com.jayway.jsonpath.internal.JsonContext - Put path $[&apos;applicants&apos;] key primaryConsumer value {}
16:14:08.596 [pool-1-thread-2] DEBUG com.jayway.jsonpath.internal.path.CompiledPath - Evaluating path: $[&apos;applicants&apos;][&apos;primaryConsumer&apos;]
16:14:08.596 [pool-1-thread-1] DEBUG com.jayway.jsonpath.internal.path.CompiledPath - Evaluating path: $[&apos;applicants&apos;]
16:14:08.596 [pool-1-thread-1] DEBUG com.jayway.jsonpath.internal.JsonContext - Put path $[&apos;applicants&apos;] key primaryConsumer value {}
16:14:08.597 [pool-1-thread-1] DEBUG com.jayway.jsonpath.internal.path.CompiledPath - Evaluating path: $[&apos;applicants&apos;][&apos;primaryConsumer&apos;]
16:14:08.596 [pool-1-thread-2] DEBUG com.jayway.jsonpath.internal.JsonContext - Put path $[&apos;applicants&apos;][&apos;primaryConsumer&apos;] key personalInformation value {}
16:14:08.597 [pool-1-thread-1] DEBUG com.jayway.jsonpath.internal.JsonContext - Put path $[&apos;applicants&apos;][&apos;primaryConsumer&apos;] key personalInformation value {}
16:14:08.597 [pool-1-thread-1] DEBUG com.jayway.jsonpath.internal.path.CompiledPath - Evaluating path: $[&apos;applicants&apos;][&apos;primaryConsumer&apos;][&apos;personalInformation&apos;]
16:14:08.597 [pool-1-thread-2] DEBUG com.jayway.jsonpath.internal.path.CompiledPath - Evaluating path: $[&apos;applicants&apos;][&apos;primaryConsumer&apos;][&apos;personalInformation&apos;]
16:14:08.597 [pool-1-thread-1] DEBUG com.jayway.jsonpath.internal.JsonContext - Put path $[&apos;applicants&apos;][&apos;primaryConsumer&apos;][&apos;personalInformation&apos;] key socialSecurityNumber value 66
16:14:08.597 [pool-1-thread-2] DEBUG com.jayway.jsonpath.internal.JsonContext - Put path $[&apos;applicants&apos;][&apos;primaryConsumer&apos;][&apos;personalInformation&apos;] key socialSecurityNumber value 644#$%%^
16:14:08.599 [pool-1-thread-1] DEBUG com.jayway.jsonpath.internal.path.CompiledPath - Evaluating path: $
16:14:08.599 [pool-1-thread-1] INFO com.intuit.karate - [print] {
  &quot;applicant&quot;: {
    &quot;orderInfo&quot;: {
    },
    &quot;PrimaryConsumer&quot;: {
      &quot;personalInformation&quot;: {
      }
    }
  },
  &quot;applicants&quot;: {
    &quot;primaryConsumer&quot;: {
      &quot;personalInformation&quot;: {
        &quot;socialSecurityNumber&quot;: &quot;66&quot;
      }
    }
  }
}

16:14:08.599 [pool-1-thread-2] DEBUG com.jayway.jsonpath.internal.path.CompiledPath - Evaluating path: $
16:14:08.599 [pool-1-thread-2] INFO com.intuit.karate - [print] {
  &quot;applicant&quot;: {
    &quot;orderInfo&quot;: {
    },
    &quot;PrimaryConsumer&quot;: {
      &quot;personalInformation&quot;: {
      }
    }
  },
  &quot;applicants&quot;: {
    &quot;primaryConsumer&quot;: {
      &quot;personalInformation&quot;: {
        &quot;socialSecurityNumber&quot;: &quot;644#$%%^&quot;
      }
    }
  }
}

16:14:08.600 [pool-1-thread-2] DEBUG com.jayway.jsonpath.internal.path.CompiledPath - Evaluating path: $
16:14:08.601 [pool-1-thread-1] DEBUG org.apache.http.client.protocol.RequestAddCookies - CookieSpec selected: karate
16:14:08.601 [pool-1-thread-2] DEBUG org.apache.http.client.protocol.RequestAddCookies - CookieSpec selected: karate
16:14:08.601 [pool-1-thread-1] DEBUG org.apache.http.client.protocol.RequestAuthCache - Auth cache not set in the context
16:14:08.601 [pool-1-thread-2] DEBUG org.apache.http.client.protocol.RequestAuthCache - Auth cache not set in the context
16:14:08.602 [pool-1-thread-1] DEBUG com.intuit.karate - 
1 &gt; POST http://AN00611970.eis.equifax.com:9090/ic-saas-client/api
1 &gt; Accept-Encoding: gzip,deflate
1 &gt; Authorization: Basaicfdffsfsf
1 &gt; Connection: Keep-Alive
1 &gt; Content-Length: 162
1 &gt; Content-Type: application/vnd.com.equifax.ic.saas.request.v1+json; charset=UTF-8
1 &gt; Host: AN00611970.eis.equifax.com:9090
1 &gt; User-Agent: Apache-HttpClient/4.5.3 (Java/9.0.4)
1 &gt; orchestrationCode: xxxx
1 &gt; organizationcode: EWS
{&quot;applicant&quot;:{&quot;orderInfo&quot;:{},&quot;PrimaryConsumer&quot;:{&quot;personalInformation&quot;:{}}},&quot;applicants&quot;:{&quot;primaryConsumer&quot;:{&quot;personalInformation&quot;:{&quot;socialSecurityNumber&quot;:&quot;66&quot;}}}}

16:14:08.602 [pool-1-thread-1] DEBUG org.apache.http.impl.conn.PoolingHttpClientConnectionManager - Connection request: [route: {}-&gt;http://AN00611970.eis.equifax.com:9090][total kept alive: 0; route allocated: 0 of 5; total allocated: 0 of 10]
16:14:08.602 [pool-1-thread-1] DEBUG org.apache.http.impl.conn.PoolingHttpClientConnectionManager - Connection leased: [id: 8][route: {}-&gt;http://AN00611970.eis.equifax.com:9090][total kept alive: 0; route allocated: 1 of 5; total allocated: 1 of 10]
16:14:08.602 [pool-1-thread-1] DEBUG org.apache.http.impl.execchain.MainClientExec - Opening connection {}-&gt;http://AN00611970.eis.equifax.com:9090
16:14:08.602 [pool-1-thread-1] DEBUG org.apache.http.impl.conn.DefaultManagedHttpClientConnection - http-outgoing-8: Shutdown connection
16:14:08.604 [pool-1-thread-1] DEBUG org.apache.http.impl.execchain.MainClientExec - Connection discarded
16:14:08.604 [pool-1-thread-1] DEBUG org.apache.http.impl.conn.PoolingHttpClientConnectionManager - Connection released: [id: 8][route: {}-&gt;http://AN00611970.eis.equifax.com:9090][total kept alive: 0; route allocated: 0 of 5; total allocated: 0 of 10]
16:14:08.604 [pool-1-thread-1] ERROR com.intuit.karate - java.net.UnknownHostException: AN00611970.eis.equifax.com, http call failed after 4 milliseconds for URL: http://AN00611970.eis.equifax.com:9090/ic-saas-client/api
16:14:08.604 [pool-1-thread-1] ERROR com.intuit.karate - http request failed: 
java.net.UnknownHostException: AN00611970.eis.equifax.com
16:14:08.606 [pool-1-thread-2] DEBUG com.intuit.karate - 
1 &gt; POST http://AN00611970.eis.equifax.com:9090/ic-saas-client/api
1 &gt; Accept-Encoding: gzip,deflate
1 &gt; Authorization: 
1 &gt; Connection: Keep-Alive
1 &gt; Content-Length: 168
1 &gt; Content-Type: application/vnd.com.equifax.ic.saas.request.v1+json; charset=UTF-8
1 &gt; Host: AN00611970.eis.equifax.com:9090
1 &gt; User-Agent: Apache-HttpClient/4.5.3 (Java/9.0.4)
1 &gt; ig-orchestrationcode: test50dtec
1 &gt; organizationcode: EWS
{&quot;applicant&quot;:{&quot;orderInfo&quot;:{},&quot;PrimaryConsumer&quot;:{&quot;personalInformation&quot;:{}}},&quot;applicants&quot;:{&quot;primaryConsumer&quot;:{&quot;personalInformation&quot;:{&quot;socialSecurityNumber&quot;:&quot;644#$%%^&quot;}}}}

16:14:08.607 [pool-1-thread-2] DEBUG org.apache.http.impl.conn.PoolingHttpClientConnectionManager - Connection request: [route: {}-&gt;http://AN00611970.eis.equifax.com:9090][total kept alive: 0; route allocated: 0 of 5; total allocated: 0 of 10]
16:14:08.607 [pool-1-thread-2] DEBUG org.apache.http.impl.conn.PoolingHttpClientConnectionManager - Connection leased: [id: 9][route: {}-&gt;http://AN00611970.eis.equifax.com:9090][total kept alive: 0; route allocated: 1 of 5; total allocated: 1 of 10]
16:14:08.607 [pool-1-thread-2] DEBUG org.apache.http.impl.execchain.MainClientExec - Opening connection {}-&gt;http://AN00611970.eis.equifax.com:9090
16:14:08.615 [pool-1-thread-2] DEBUG org.apache.http.impl.conn.DefaultManagedHttpClientConnection - http-outgoing-9: Shutdown connection
16:14:08.615 [pool-1-thread-2] DEBUG org.apache.http.impl.execchain.MainClientExec - Connection discarded
16:14:08.615 [pool-1-thread-2] DEBUG org.apache.http.impl.conn.PoolingHttpClientConnectionManager - Connection released: [id: 9][route: {}-&gt;http://AN00611970.eis.equifax.com:9090][total kept alive: 0; route allocated: 0 of 5; total allocated: 0 of 10]
16:14:08.616 [pool-1-thread-2] ERROR com.intuit.karate - java.net.UnknownHostException: AN00611970.eis.equifax.com, http call failed after 16 milliseconds for URL: http://AN00611970.eis.equifax.com:9090/ic-saas-client/api
16:14:08.616 [pool-1-thread-2] ERROR com.intuit.karate - http request failed: 
java.net.UnknownHostException: AN00611970.eis.equifax.com
16:14:08.647 [pool-1-thread-1] ERROR com.intuit.karate - could not find or read file: karate-config.js, prefix: CLASSPATH
16:14:08.647 [pool-1-thread-1] WARN com.intuit.karate - skipping bootstrap configuration: could not find or read file: karate-config.js, prefix: CLASSPATH
16:14:08.648 [pool-1-thread-2] ERROR com.intuit.karate - could not find or read file: karate-config.js, prefix: CLASSPATH
16:14:08.648 [pool-1-thread-2] WARN com.intuit.karate - skipping bootstrap configuration: could not find or read file: karate-config.js, prefix: CLASSPATH
16:14:08.649 [pool-1-thread-2] DEBUG com.jayway.jsonpath.internal.path.CompiledPath - Evaluating path: $
16:14:08.649 [pool-1-thread-2] DEBUG com.jayway.jsonpath.internal.path.CompiledPath - Evaluating path: $
16:14:08.649 [pool-1-thread-1] DEBUG com.jayway.jsonpath.internal.path.CompiledPath - Evaluating path: $
16:14:08.649 [pool-1-thread-1] DEBUG com.jayway.jsonpath.internal.path.CompiledPath - Evaluating path: $
16:14:08.651 [pool-1-thread-2] DEBUG com.jayway.jsonpath.internal.path.CompiledPath - Evaluating path: $
16:14:08.651 [pool-1-thread-2] DEBUG com.jayway.jsonpath.internal.path.CompiledPath - Evaluating path: $
16:14:08.653 [pool-1-thread-1] DEBUG com.jayway.jsonpath.internal.path.CompiledPath - Evaluating path: $
16:14:08.653 [pool-1-thread-1] DEBUG com.jayway.jsonpath.internal.path.CompiledPath - Evaluating path: $
16:14:08.659 [pool-1-thread-2] DEBUG com.jayway.jsonpath.internal.path.CompiledPath - Evaluating path: $
16:14:08.659 [pool-1-thread-2] DEBUG com.jayway.jsonpath.internal.path.CompiledPath - Evaluating path: $
16:14:08.665 [pool-1-thread-2] DEBUG com.jayway.jsonpath.internal.path.CompiledPath - Evaluating path: $
16:14:08.665 [pool-1-thread-2] DEBUG com.jayway.jsonpath.internal.path.CompiledPath - Evaluating path: $[&apos;testData&apos;][&apos;Feature6&apos;][&apos;case4&apos;][&apos;socialSecurityNumber&apos;]
16:14:08.669 [pool-1-thread-2] DEBUG com.jayway.jsonpath.internal.path.CompiledPath - Evaluating path: $
16:14:08.671 [pool-1-thread-2] INFO com.intuit.karate - [print] {
  &quot;applicant&quot;: {
    &quot;orderInfo&quot;: {
    },
    &quot;PrimaryConsumer&quot;: {
      &quot;personalInformation&quot;: {
      }
    }
  }
}

16:14:08.674 [pool-1-thread-2] DEBUG com.jayway.jsonpath.internal.path.CompiledPath - Evaluating path: $[&apos;applicants&apos;][&apos;primaryConsumer&apos;][&apos;personalInformation&apos;]
16:14:08.677 [pool-1-thread-2] DEBUG com.jayway.jsonpath.internal.path.CompiledPath - Evaluating path: $[&apos;applicants&apos;][&apos;primaryConsumer&apos;]
16:14:08.677 [pool-1-thread-2] DEBUG com.jayway.jsonpath.internal.path.CompiledPath - Evaluating path: $[&apos;applicants&apos;]
16:14:08.677 [pool-1-thread-2] DEBUG com.jayway.jsonpath.internal.path.CompiledPath - Evaluating path: $
16:14:08.677 [pool-1-thread-2] DEBUG com.jayway.jsonpath.internal.path.CompiledPath - Evaluating path: $
16:14:08.677 [pool-1-thread-2] DEBUG com.jayway.jsonpath.internal.JsonContext - Put path $ key applicants value {}
16:14:08.678 [pool-1-thread-2] DEBUG com.jayway.jsonpath.internal.path.CompiledPath - Evaluating path: $[&apos;applicants&apos;]
16:14:08.678 [pool-1-thread-2] DEBUG com.jayway.jsonpath.internal.JsonContext - Put path $[&apos;applicants&apos;] key primaryConsumer value {}
16:14:08.678 [pool-1-thread-2] DEBUG com.jayway.jsonpath.internal.path.CompiledPath - Evaluating path: $[&apos;applicants&apos;][&apos;primaryConsumer&apos;]
16:14:08.678 [pool-1-thread-2] DEBUG com.jayway.jsonpath.internal.JsonContext - Put path $[&apos;applicants&apos;][&apos;primaryConsumer&apos;] key personalInformation value {}
16:14:08.678 [pool-1-thread-2] DEBUG com.jayway.jsonpath.internal.path.CompiledPath - Evaluating path: $[&apos;applicants&apos;][&apos;primaryConsumer&apos;][&apos;personalInformation&apos;]
16:14:08.678 [pool-1-thread-2] DEBUG com.jayway.jsonpath.internal.JsonContext - Put path $[&apos;applicants&apos;][&apos;primaryConsumer&apos;][&apos;personalInformation&apos;] key socialSecurityNumber value 644#$%%^
16:14:08.679 [pool-1-thread-2] DEBUG com.jayway.jsonpath.internal.path.CompiledPath - Evaluating path: $
16:14:08.679 [pool-1-thread-2] INFO com.intuit.karate - [print] {
  &quot;applicant&quot;: {
    &quot;orderInfo&quot;: {
    },
    &quot;PrimaryConsumer&quot;: {
      &quot;personalInformation&quot;: {
      }
    }
  },
  &quot;applicants&quot;: {
    &quot;primaryConsumer&quot;: {
      &quot;personalInformation&quot;: {
        &quot;socialSecurityNumber&quot;: &quot;644#$%%^&quot;
      }
    }
  }
}

16:14:08.682 [pool-1-thread-2] DEBUG com.jayway.jsonpath.internal.path.CompiledPath - Evaluating path: $
16:14:08.684 [pool-1-thread-2] DEBUG org.apache.http.client.protocol.RequestAddCookies - CookieSpec selected: karate
16:14:08.684 [pool-1-thread-2] DEBUG org.apache.http.client.protocol.RequestAuthCache - Auth cache not set in the context
16:14:08.685 [pool-1-thread-2] DEBUG com.intuit.karate - 
1 &gt; POST http://AN00611970.eis.equifax.com:9090/ic-saas-client/api
1 &gt; Accept-Encoding: gzip,deflate
1 &gt; Authorization: Basic ZXdzY3N0c3VzZXI6Pz1qOiZ4TUpKTSVnaWV3czIzNA==
1 &gt; Connection: Keep-Alive
1 &gt; Content-Length: 168
1 &gt; Content-Type: application/vnd.com.equifax.ic.saas
1 &gt; Host: AN00611970.eis.equifax.com:9090
1 &gt; User-Agent: Apache-HttpClient/4.5.3 (Java/9.0.4)
1 &gt; ig-orchestrationcode: test50dtec
1 &gt; organizationcode: EWS

16:14:08.687 [pool-1-thread-2] DEBUG org.apache.http.impl.conn.PoolingHttpClientConnectionManager - Connection request: [route: {}-&gt;http://AN00611970.eis.equifax.com:9090][total kept alive: 0; route allocated: 0 of 5; total allocated: 0 of 10]
16:14:08.687 [pool-1-thread-2] DEBUG org.apache.http.impl.conn.PoolingHttpClientConnectionManager - Connection leased: [id: 10][route: {}-&gt;http://AN00611970.eis.equifax.com:9090][total kept alive: 0; route allocated: 1 of 5; total allocated: 1 of 10]
16:14:08.688 [pool-1-thread-2] DEBUG org.apache.http.impl.execchain.MainClientExec - Opening connection {}-&gt;http://AN00611970.eis.equifax.com:9090
16:14:08.688 [pool-1-thread-2] DEBUG org.apache.http.impl.conn.DefaultManagedHttpClientConnection - http-outgoing-10: Shutdown connection
16:14:08.688 [pool-1-thread-2] DEBUG org.apache.http.impl.execchain.MainClientExec - Connection discarded
16:14:08.688 [pool-1-thread-2] DEBUG org.apache.http.impl.conn.PoolingHttpClientConnectionManager - Connection released: [id: 10][route: {}-&gt;http://AN00611970.eis.equifax.com:9090][total kept alive: 0; route allocated: 0 of 5; total allocated: 0 of 10]
16:14:08.688 [pool-1-thread-2] ERROR com.intuit.karate - java.net.UnknownHostException: AN00611970.eis.equifax.com, http call failed after 5 milliseconds for URL: http://AN00611970.eis.equifax.com:9090/ic-saas-client/api
16:14:08.688 [pool-1-thread-2] ERROR com.intuit.karate - http request failed: 
java.net.UnknownHostException: AN00611970.eis.equifax.com
16:14:08.695 [pool-1-thread-2] INFO com.intuit.karate.cucumber.CucumberRunner - &lt;&lt;&lt;&lt; feature 2 of 2 on thread pool-1-thread-2: com/EWSFunctionalTest/feature/EWS_2.feature
---------------------------------------------------------
feature: com.EWSFunctionalTest.feature.EWS_2
report: target\surefire-reports\TEST-com.EWSFunctionalTest.feature.EWS_2.xml
scenarios:  6 | failed:  6 | skipped:  0 | time: 1.26
---------------------------------------------------------
16:14:08.707 [pool-1-thread-1] DEBUG com.jayway.jsonpath.internal.path.CompiledPath - Evaluating path: $
16:14:08.707 [pool-1-thread-1] DEBUG com.jayway.jsonpath.internal.path.CompiledPath - Evaluating path: $
16:14:08.708 [pool-1-thread-1] DEBUG com.jayway.jsonpath.internal.path.CompiledPath - Evaluating path: $[&apos;testData&apos;][&apos;Feature6&apos;][&apos;case2&apos;][&apos;socialSecurityNumber&apos;]
16:14:08.711 [pool-1-thread-1] DEBUG com.jayway.jsonpath.internal.path.CompiledPath - Evaluating path: $
16:14:08.711 [pool-1-thread-1] INFO com.intuit.karate - [print] {
  &quot;applicant&quot;: {
    &quot;orderInfo&quot;: {
    },
    &quot;PrimaryConsumer&quot;: {
      &quot;personalInformation&quot;: {
      }
    }
  }
}

16:14:08.713 [pool-1-thread-1] DEBUG com.jayway.jsonpath.internal.path.CompiledPath - Evaluating path: $[&apos;applicants&apos;][&apos;primaryConsumer&apos;][&apos;personalInformation&apos;]
16:14:08.713 [pool-1-thread-1] DEBUG com.jayway.jsonpath.internal.path.CompiledPath - Evaluating path: $[&apos;applicants&apos;][&apos;primaryConsumer&apos;]
16:14:08.713 [pool-1-thread-1] DEBUG com.jayway.jsonpath.internal.path.CompiledPath - Evaluating path: $[&apos;applicants&apos;]
16:14:08.714 [pool-1-thread-1] DEBUG com.jayway.jsonpath.internal.path.CompiledPath - Evaluating path: $
16:14:08.714 [pool-1-thread-1] DEBUG com.jayway.jsonpath.internal.path.CompiledPath - Evaluating path: $
16:14:08.714 [pool-1-thread-1] DEBUG com.jayway.jsonpath.internal.JsonContext - Put path $ key applicants value {}
16:14:08.714 [pool-1-thread-1] DEBUG com.jayway.jsonpath.internal.path.CompiledPath - Evaluating path: $[&apos;applicants&apos;]
16:14:08.715 [pool-1-thread-1] DEBUG com.jayway.jsonpath.internal.JsonContext - Put path $[&apos;applicants&apos;] key primaryConsumer value {}
16:14:08.715 [pool-1-thread-1] DEBUG com.jayway.jsonpath.internal.path.CompiledPath - Evaluating path: $[&apos;applicants&apos;][&apos;primaryConsumer&apos;]
16:14:08.715 [pool-1-thread-1] DEBUG com.jayway.jsonpath.internal.JsonContext - Put path $[&apos;applicants&apos;][&apos;primaryConsumer&apos;] key personalInformation value {}
16:14:08.715 [pool-1-thread-1] DEBUG com.jayway.jsonpath.internal.path.CompiledPath - Evaluating path: $[&apos;applicants&apos;][&apos;primaryConsumer&apos;][&apos;personalInformation&apos;]
16:14:08.716 [pool-1-thread-1] DEBUG com.jayway.jsonpath.internal.JsonContext - Put path $[&apos;applicants&apos;][&apos;primaryConsumer&apos;][&apos;personalInformation&apos;] key socialSecurityNumber value 666
16:14:08.716 [pool-1-thread-1] DEBUG com.jayway.jsonpath.internal.path.CompiledPath - Evaluating path: $
16:14:08.717 [pool-1-thread-1] INFO com.intuit.karate - [print] {
  &quot;applicant&quot;: {
    &quot;orderInfo&quot;: {
    },
    &quot;PrimaryConsumer&quot;: {
      &quot;personalInformation&quot;: {
      }
    }
  },
  &quot;applicants&quot;: {
    &quot;primaryConsumer&quot;: {
      &quot;personalInformation&quot;: {
        &quot;socialSecurityNumber&quot;: &quot;666&quot;
      }
    }
  }
}

16:14:08.720 [pool-1-thread-1] DEBUG org.apache.http.client.protocol.RequestAddCookies - CookieSpec selected: karate
16:14:08.720 [pool-1-thread-1] DEBUG org.apache.http.client.protocol.RequestAuthCache - Auth cache not set in the context
16:14:08.720 [pool-1-thread-1] DEBUG com.intuit.karate - 
1 &gt; POST http://AN00611970.eis.equifax.com:9090/ic-saas-client/api
1 &gt; Accept-Encoding: gzip,deflate
1 &gt; Authorization: Basaicfdffsfsf
1 &gt; Connection: Keep-Alive
1 &gt; Content-Length: 163
1 &gt; Content-Type: application/vnd.com.equifax.ic.saas.request.v1+json; charset=UTF-8
1 &gt; Host: AN00611970.eis.equifax.com:9090
1 &gt; User-Agent: Apache-HttpClient/4.5.3 (Java/9.0.4)
1 &gt; orchestrationCode: xxxx
1 &gt; organizationcode: EWS
{&quot;applicant&quot;:{&quot;orderInfo&quot;:{},&quot;PrimaryConsumer&quot;:{&quot;personalInformation&quot;:{}}},&quot;applicants&quot;:{&quot;primaryConsumer&quot;:{&quot;personalInformation&quot;:{&quot;socialSecurityNumber&quot;:&quot;666&quot;}}}}

16:14:08.721 [pool-1-thread-1] DEBUG org.apache.http.impl.conn.PoolingHttpClientConnectionManager - Connection request: [route: {}-&gt;http://AN00611970.eis.equifax.com:9090][total kept alive: 0; route allocated: 0 of 5; total allocated: 0 of 10]
16:14:08.721 [pool-1-thread-1] DEBUG org.apache.http.impl.conn.PoolingHttpClientConnectionManager - Connection leased: [id: 11][route: {}-&gt;http://AN00611970.eis.equifax.com:9090][total kept alive: 0; route allocated: 1 of 5; total allocated: 1 of 10]
16:14:08.721 [pool-1-thread-1] DEBUG org.apache.http.impl.execchain.MainClientExec - Opening connection {}-&gt;http://AN00611970.eis.equifax.com:9090
16:14:08.721 [pool-1-thread-1] DEBUG org.apache.http.impl.conn.DefaultManagedHttpClientConnection - http-outgoing-11: Shutdown connection
16:14:08.722 [pool-1-thread-1] DEBUG org.apache.http.impl.execchain.MainClientExec - Connection discarded
16:14:08.722 [pool-1-thread-1] DEBUG org.apache.http.impl.conn.PoolingHttpClientConnectionManager - Connection released: [id: 11][route: {}-&gt;http://AN00611970.eis.equifax.com:9090][total kept alive: 0; route allocated: 0 of 5; total allocated: 0 of 10]
16:14:08.722 [pool-1-thread-1] ERROR com.intuit.karate - java.net.UnknownHostException: AN00611970.eis.equifax.com, http call failed after 4 milliseconds for URL: http://AN00611970.eis.equifax.com:9090/ic-saas-client/api
16:14:08.722 [pool-1-thread-1] ERROR com.intuit.karate - http request failed: 
java.net.UnknownHostException: AN00611970.eis.equifax.com
16:14:08.749 [pool-1-thread-1] ERROR com.intuit.karate - could not find or read file: karate-config.js, prefix: CLASSPATH
16:14:08.749 [pool-1-thread-1] WARN com.intuit.karate - skipping bootstrap configuration: could not find or read file: karate-config.js, prefix: CLASSPATH
16:14:08.751 [pool-1-thread-1] DEBUG com.jayway.jsonpath.internal.path.CompiledPath - Evaluating path: $
16:14:08.751 [pool-1-thread-1] DEBUG com.jayway.jsonpath.internal.path.CompiledPath - Evaluating path: $
16:14:08.754 [pool-1-thread-1] DEBUG com.jayway.jsonpath.internal.path.CompiledPath - Evaluating path: $
16:14:08.755 [pool-1-thread-1] DEBUG com.jayway.jsonpath.internal.path.CompiledPath - Evaluating path: $
16:14:08.761 [pool-1-thread-1] DEBUG com.jayway.jsonpath.internal.path.CompiledPath - Evaluating path: $
16:14:08.761 [pool-1-thread-1] DEBUG com.jayway.jsonpath.internal.path.CompiledPath - Evaluating path: $
16:14:08.762 [pool-1-thread-1] DEBUG com.jayway.jsonpath.internal.path.CompiledPath - Evaluating path: $[&apos;testData&apos;][&apos;Feature6&apos;][&apos;case8&apos;][&apos;socialSecurityNumber&apos;]
16:14:08.763 [pool-1-thread-1] DEBUG com.jayway.jsonpath.internal.path.CompiledPath - Evaluating path: $
16:14:08.763 [pool-1-thread-1] INFO com.intuit.karate - [print] {
  &quot;applicant&quot;: {
    &quot;orderInfo&quot;: {
    },
    &quot;PrimaryConsumer&quot;: {
      &quot;personalInformation&quot;: {
      }
    }
  }
}

16:14:08.764 [pool-1-thread-1] DEBUG com.jayway.jsonpath.internal.path.CompiledPath - Evaluating path: $[&apos;applicants&apos;][&apos;primaryConsumer&apos;][&apos;personalInformation&apos;]
16:14:08.764 [pool-1-thread-1] DEBUG com.jayway.jsonpath.internal.path.CompiledPath - Evaluating path: $[&apos;applicants&apos;][&apos;primaryConsumer&apos;]
16:14:08.764 [pool-1-thread-1] DEBUG com.jayway.jsonpath.internal.path.CompiledPath - Evaluating path: $[&apos;applicants&apos;]
16:14:08.766 [pool-1-thread-1] DEBUG com.jayway.jsonpath.internal.path.CompiledPath - Evaluating path: $
16:14:08.766 [pool-1-thread-1] DEBUG com.jayway.jsonpath.internal.path.CompiledPath - Evaluating path: $
16:14:08.766 [pool-1-thread-1] DEBUG com.jayway.jsonpath.internal.JsonContext - Put path $ key applicants value {}
16:14:08.788 [pool-1-thread-1] DEBUG com.jayway.jsonpath.internal.path.CompiledPath - Evaluating path: $[&apos;applicants&apos;]
16:14:08.788 [pool-1-thread-1] DEBUG com.jayway.jsonpath.internal.JsonContext - Put path $[&apos;applicants&apos;] key primaryConsumer value {}
16:14:08.788 [pool-1-thread-1] DEBUG com.jayway.jsonpath.internal.path.CompiledPath - Evaluating path: $[&apos;applicants&apos;][&apos;primaryConsumer&apos;]
16:14:08.789 [pool-1-thread-1] DEBUG com.jayway.jsonpath.internal.JsonContext - Put path $[&apos;applicants&apos;][&apos;primaryConsumer&apos;] key personalInformation value {}
16:14:08.789 [pool-1-thread-1] DEBUG com.jayway.jsonpath.internal.path.CompiledPath - Evaluating path: $[&apos;applicants&apos;][&apos;primaryConsumer&apos;][&apos;personalInformation&apos;]
16:14:08.790 [pool-1-thread-1] DEBUG com.jayway.jsonpath.internal.JsonContext - Put path $[&apos;applicants&apos;][&apos;primaryConsumer&apos;][&apos;personalInformation&apos;] key socialSecurityNumber value 66
16:14:08.796 [pool-1-thread-1] DEBUG com.jayway.jsonpath.internal.path.CompiledPath - Evaluating path: $
16:14:08.796 [pool-1-thread-1] INFO com.intuit.karate - [print] {
  &quot;applicant&quot;: {
    &quot;orderInfo&quot;: {
    },
    &quot;PrimaryConsumer&quot;: {
      &quot;personalInformation&quot;: {
      }
    }
  },
  &quot;applicants&quot;: {
    &quot;primaryConsumer&quot;: {
      &quot;personalInformation&quot;: {
        &quot;socialSecurityNumber&quot;: &quot;66&quot;
      }
    }
  }
}

16:14:08.799 [pool-1-thread-1] DEBUG org.apache.http.client.protocol.RequestAddCookies - CookieSpec selected: karate
16:14:08.799 [pool-1-thread-1] DEBUG org.apache.http.client.protocol.RequestAuthCache - Auth cache not set in the context
16:14:08.799 [pool-1-thread-1] DEBUG com.intuit.karate - 
1 &gt; POST http://AN00611970.eis.equifax.com:9090/ic-saas-client/api
1 &gt; Accept-Encoding: gzip,deflate
1 &gt; Authorization: Basaicfdffsfsf
1 &gt; Connection: Keep-Alive
1 &gt; Content-Length: 162
1 &gt; Content-Type: application/vnd.com.equifax.ic.saas.request.v1+json; charset=UTF-8
1 &gt; Host: AN00611970.eis.equifax.com:9090
1 &gt; User-Agent: Apache-HttpClient/4.5.3 (Java/9.0.4)
1 &gt; orchestrationCode: xxxx
1 &gt; organizationcode: EWS
{&quot;applicant&quot;:{&quot;orderInfo&quot;:{},&quot;PrimaryConsumer&quot;:{&quot;personalInformation&quot;:{}}},&quot;applicants&quot;:{&quot;primaryConsumer&quot;:{&quot;personalInformation&quot;:{&quot;socialSecurityNumber&quot;:&quot;66&quot;}}}}

16:14:08.799 [pool-1-thread-1] DEBUG org.apache.http.impl.conn.PoolingHttpClientConnectionManager - Connection request: [route: {}-&gt;http://AN00611970.eis.equifax.com:9090][total kept alive: 0; route allocated: 0 of 5; total allocated: 0 of 10]
16:14:08.799 [pool-1-thread-1] DEBUG org.apache.http.impl.conn.PoolingHttpClientConnectionManager - Connection leased: [id: 12][route: {}-&gt;http://AN00611970.eis.equifax.com:9090][total kept alive: 0; route allocated: 1 of 5; total allocated: 1 of 10]
16:14:08.800 [pool-1-thread-1] DEBUG org.apache.http.impl.execchain.MainClientExec - Opening connection {}-&gt;http://AN00611970.eis.equifax.com:9090
16:14:08.800 [pool-1-thread-1] DEBUG org.apache.http.impl.conn.DefaultManagedHttpClientConnection - http-outgoing-12: Shutdown connection
16:14:08.800 [pool-1-thread-1] DEBUG org.apache.http.impl.execchain.MainClientExec - Connection discarded
16:14:08.800 [pool-1-thread-1] DEBUG org.apache.http.impl.conn.PoolingHttpClientConnectionManager - Connection released: [id: 12][route: {}-&gt;http://AN00611970.eis.equifax.com:9090][total kept alive: 0; route allocated: 0 of 5; total allocated: 0 of 10]
16:14:08.800 [pool-1-thread-1] ERROR com.intuit.karate - java.net.UnknownHostException: AN00611970.eis.equifax.com, http call failed after 3 milliseconds for URL: http://AN00611970.eis.equifax.com:9090/ic-saas-client/api
16:14:08.800 [pool-1-thread-1] ERROR com.intuit.karate - http request failed: 
java.net.UnknownHostException: AN00611970.eis.equifax.com
16:14:08.810 [pool-1-thread-1] ERROR com.intuit.karate - could not find or read file: karate-config.js, prefix: CLASSPATH
16:14:08.810 [pool-1-thread-1] WARN com.intuit.karate - skipping bootstrap configuration: could not find or read file: karate-config.js, prefix: CLASSPATH
16:14:08.812 [pool-1-thread-1] DEBUG com.jayway.jsonpath.internal.path.CompiledPath - Evaluating path: $
16:14:08.812 [pool-1-thread-1] DEBUG com.jayway.jsonpath.internal.path.CompiledPath - Evaluating path: $
16:14:08.813 [pool-1-thread-1] DEBUG com.jayway.jsonpath.internal.path.CompiledPath - Evaluating path: $
16:14:08.813 [pool-1-thread-1] DEBUG com.jayway.jsonpath.internal.path.CompiledPath - Evaluating path: $
16:14:08.818 [pool-1-thread-1] DEBUG com.jayway.jsonpath.internal.path.CompiledPath - Evaluating path: $
16:14:08.818 [pool-1-thread-1] DEBUG com.jayway.jsonpath.internal.path.CompiledPath - Evaluating path: $
16:14:08.819 [pool-1-thread-1] DEBUG com.jayway.jsonpath.internal.path.CompiledPath - Evaluating path: $[&apos;testData&apos;][&apos;Feature6&apos;][&apos;case9&apos;][&apos;socialSecurityNumber&apos;]
16:14:08.820 [pool-1-thread-1] DEBUG com.jayway.jsonpath.internal.path.CompiledPath - Evaluating path: $
16:14:08.820 [pool-1-thread-1] INFO com.intuit.karate - [print] {
  &quot;applicant&quot;: {
    &quot;orderInfo&quot;: {
    },
    &quot;PrimaryConsumer&quot;: {
      &quot;personalInformation&quot;: {
      }
    }
  }
}

16:14:08.821 [pool-1-thread-1] DEBUG com.jayway.jsonpath.internal.path.CompiledPath - Evaluating path: $[&apos;applicants&apos;][&apos;primaryConsumer&apos;][&apos;personalInformation&apos;]
16:14:08.821 [pool-1-thread-1] DEBUG com.jayway.jsonpath.internal.path.CompiledPath - Evaluating path: $[&apos;applicants&apos;][&apos;primaryConsumer&apos;]
16:14:08.821 [pool-1-thread-1] DEBUG com.jayway.jsonpath.internal.path.CompiledPath - Evaluating path: $[&apos;applicants&apos;]
16:14:08.822 [pool-1-thread-1] DEBUG com.jayway.jsonpath.internal.path.CompiledPath - Evaluating path: $
16:14:08.822 [pool-1-thread-1] DEBUG com.jayway.jsonpath.internal.path.CompiledPath - Evaluating path: $
16:14:08.822 [pool-1-thread-1] DEBUG com.jayway.jsonpath.internal.JsonContext - Put path $ key applicants value {}
16:14:08.822 [pool-1-thread-1] DEBUG com.jayway.jsonpath.internal.path.CompiledPath - Evaluating path: $[&apos;applicants&apos;]
16:14:08.822 [pool-1-thread-1] DEBUG com.jayway.jsonpath.internal.JsonContext - Put path $[&apos;applicants&apos;] key primaryConsumer value {}
16:14:08.822 [pool-1-thread-1] DEBUG com.jayway.jsonpath.internal.path.CompiledPath - Evaluating path: $[&apos;applicants&apos;][&apos;primaryConsumer&apos;]
16:14:08.822 [pool-1-thread-1] DEBUG com.jayway.jsonpath.internal.JsonContext - Put path $[&apos;applicants&apos;][&apos;primaryConsumer&apos;] key personalInformation value {}
16:14:08.823 [pool-1-thread-1] DEBUG com.jayway.jsonpath.internal.path.CompiledPath - Evaluating path: $[&apos;applicants&apos;][&apos;primaryConsumer&apos;][&apos;personalInformation&apos;]
16:14:08.823 [pool-1-thread-1] DEBUG com.jayway.jsonpath.internal.JsonContext - Put path $[&apos;applicants&apos;][&apos;primaryConsumer&apos;][&apos;personalInformation&apos;] key socialSecurityNumber value 6789
16:14:08.824 [pool-1-thread-1] DEBUG com.jayway.jsonpath.internal.path.CompiledPath - Evaluating path: $
16:14:08.824 [pool-1-thread-1] INFO com.intuit.karate - [print] {
  &quot;applicant&quot;: {
    &quot;orderInfo&quot;: {
    },
    &quot;PrimaryConsumer&quot;: {
      &quot;personalInformation&quot;: {
      }
    }
  },
  &quot;applicants&quot;: {
    &quot;primaryConsumer&quot;: {
      &quot;personalInformation&quot;: {
        &quot;socialSecurityNumber&quot;: &quot;6789&quot;
      }
    }
  }
}

16:14:08.827 [pool-1-thread-1] DEBUG org.apache.http.client.protocol.RequestAddCookies - CookieSpec selected: karate
16:14:08.827 [pool-1-thread-1] DEBUG org.apache.http.client.protocol.RequestAuthCache - Auth cache not set in the context
16:14:08.827 [pool-1-thread-1] DEBUG com.intuit.karate - 
1 &gt; POST http://AN00611970.eis.equifax.com:9090/ic-saas-client/api
1 &gt; Accept-Encoding: gzip,deflate
1 &gt; Authorization: Basaicfdffsfsf
1 &gt; Connection: Keep-Alive
1 &gt; Content-Length: 164
1 &gt; Content-Type: application/vnd.com.equifax.ic.saas.request.v1+json; charset=UTF-8
1 &gt; Host: AN00611970.eis.equifax.com:9090
1 &gt; User-Agent: Apache-HttpClient/4.5.3 (Java/9.0.4)
1 &gt; orchestrationCode: xxxx
1 &gt; organizationcode: EWS
{&quot;applicant&quot;:{&quot;orderInfo&quot;:{},&quot;PrimaryConsumer&quot;:{&quot;personalInformation&quot;:{}}},&quot;applicants&quot;:{&quot;primaryConsumer&quot;:{&quot;personalInformation&quot;:{&quot;socialSecurityNumber&quot;:&quot;6789&quot;}}}}

16:14:08.828 [pool-1-thread-1] DEBUG org.apache.http.impl.conn.PoolingHttpClientConnectionManager - Connection request: [route: {}-&gt;http://AN00611970.eis.equifax.com:9090][total kept alive: 0; route allocated: 0 of 5; total allocated: 0 of 10]
16:14:08.828 [pool-1-thread-1] DEBUG org.apache.http.impl.conn.PoolingHttpClientConnectionManager - Connection leased: [id: 13][route: {}-&gt;http://AN00611970.eis.equifax.com:9090][total kept alive: 0; route allocated: 1 of 5; total allocated: 1 of 10]
16:14:08.828 [pool-1-thread-1] DEBUG org.apache.http.impl.execchain.MainClientExec - Opening connection {}-&gt;http://AN00611970.eis.equifax.com:9090
16:14:08.828 [pool-1-thread-1] DEBUG org.apache.http.impl.conn.DefaultManagedHttpClientConnection - http-outgoing-13: Shutdown connection
16:14:08.828 [pool-1-thread-1] DEBUG org.apache.http.impl.execchain.MainClientExec - Connection discarded
16:14:08.828 [pool-1-thread-1] DEBUG org.apache.http.impl.conn.PoolingHttpClientConnectionManager - Connection released: [id: 13][route: {}-&gt;http://AN00611970.eis.equifax.com:9090][total kept alive: 0; route allocated: 0 of 5; total allocated: 0 of 10]
16:14:08.829 [pool-1-thread-1] ERROR com.intuit.karate - java.net.UnknownHostException: AN00611970.eis.equifax.com, http call failed after 3 milliseconds for URL: http://AN00611970.eis.equifax.com:9090/ic-saas-client/api
16:14:08.829 [pool-1-thread-1] ERROR com.intuit.karate - http request failed: 
java.net.UnknownHostException: AN00611970.eis.equifax.com
16:14:08.885 [pool-1-thread-1] ERROR com.intuit.karate - could not find or read file: karate-config.js, prefix: CLASSPATH
16:14:08.886 [pool-1-thread-1] WARN com.intuit.karate - skipping bootstrap configuration: could not find or read file: karate-config.js, prefix: CLASSPATH
16:14:08.888 [pool-1-thread-1] DEBUG com.jayway.jsonpath.internal.path.CompiledPath - Evaluating path: $
16:14:08.889 [pool-1-thread-1] DEBUG com.jayway.jsonpath.internal.path.CompiledPath - Evaluating path: $
16:14:08.894 [pool-1-thread-1] DEBUG com.jayway.jsonpath.internal.path.CompiledPath - Evaluating path: $
16:14:08.895 [pool-1-thread-1] DEBUG com.jayway.jsonpath.internal.path.CompiledPath - Evaluating path: $
16:14:08.903 [pool-1-thread-1] DEBUG com.jayway.jsonpath.internal.path.CompiledPath - Evaluating path: $
16:14:08.916 [pool-1-thread-1] DEBUG com.jayway.jsonpath.internal.path.CompiledPath - Evaluating path: $
16:14:08.918 [pool-1-thread-1] DEBUG com.jayway.jsonpath.internal.path.CompiledPath - Evaluating path: $[&apos;testData&apos;][&apos;Feature6&apos;][&apos;case8&apos;][&apos;socialSecurityNumber&apos;]
16:14:08.920 [pool-1-thread-1] DEBUG com.jayway.jsonpath.internal.path.CompiledPath - Evaluating path: $
16:14:08.920 [pool-1-thread-1] INFO com.intuit.karate - [print] {
  &quot;applicant&quot;: {
    &quot;orderInfo&quot;: {
    },
    &quot;PrimaryConsumer&quot;: {
      &quot;personalInformation&quot;: {
      }
    }
  }
}

16:14:08.922 [pool-1-thread-1] DEBUG com.jayway.jsonpath.internal.path.CompiledPath - Evaluating path: $[&apos;applicants&apos;][&apos;primaryConsumer&apos;][&apos;personalInformation&apos;]
16:14:08.922 [pool-1-thread-1] DEBUG com.jayway.jsonpath.internal.path.CompiledPath - Evaluating path: $[&apos;applicants&apos;][&apos;primaryConsumer&apos;]
16:14:08.923 [pool-1-thread-1] DEBUG com.jayway.jsonpath.internal.path.CompiledPath - Evaluating path: $[&apos;applicants&apos;]
16:14:08.923 [pool-1-thread-1] DEBUG com.jayway.jsonpath.internal.path.CompiledPath - Evaluating path: $
16:14:08.923 [pool-1-thread-1] DEBUG com.jayway.jsonpath.internal.path.CompiledPath - Evaluating path: $
16:14:08.923 [pool-1-thread-1] DEBUG com.jayway.jsonpath.internal.JsonContext - Put path $ key applicants value {}
16:14:08.923 [pool-1-thread-1] DEBUG com.jayway.jsonpath.internal.path.CompiledPath - Evaluating path: $[&apos;applicants&apos;]
16:14:08.923 [pool-1-thread-1] DEBUG com.jayway.jsonpath.internal.JsonContext - Put path $[&apos;applicants&apos;] key primaryConsumer value {}
16:14:08.923 [pool-1-thread-1] DEBUG com.jayway.jsonpath.internal.path.CompiledPath - Evaluating path: $[&apos;applicants&apos;][&apos;primaryConsumer&apos;]
16:14:08.923 [pool-1-thread-1] DEBUG com.jayway.jsonpath.internal.JsonContext - Put path $[&apos;applicants&apos;][&apos;primaryConsumer&apos;] key personalInformation value {}
16:14:08.924 [pool-1-thread-1] DEBUG com.jayway.jsonpath.internal.path.CompiledPath - Evaluating path: $[&apos;applicants&apos;][&apos;primaryConsumer&apos;][&apos;personalInformation&apos;]
16:14:08.924 [pool-1-thread-1] DEBUG com.jayway.jsonpath.internal.JsonContext - Put path $[&apos;applicants&apos;][&apos;primaryConsumer&apos;][&apos;personalInformation&apos;] key socialSecurityNumber value 66
16:14:08.924 [pool-1-thread-1] DEBUG com.jayway.jsonpath.internal.path.CompiledPath - Evaluating path: $
16:14:08.927 [pool-1-thread-1] INFO com.intuit.karate - [print] {
  &quot;applicant&quot;: {
    &quot;orderInfo&quot;: {
    },
    &quot;PrimaryConsumer&quot;: {
      &quot;personalInformation&quot;: {
      }
    }
  },
  &quot;applicants&quot;: {
    &quot;primaryConsumer&quot;: {
      &quot;personalInformation&quot;: {
        &quot;socialSecurityNumber&quot;: &quot;66&quot;
      }
    }
  }
}

16:14:08.931 [pool-1-thread-1] DEBUG org.apache.http.client.protocol.RequestAddCookies - CookieSpec selected: karate
16:14:08.931 [pool-1-thread-1] DEBUG org.apache.http.client.protocol.RequestAuthCache - Auth cache not set in the context
16:14:08.931 [pool-1-thread-1] DEBUG com.intuit.karate - 
1 &gt; POST http://AN00611970.eis.equifax.com:9090/ic-saas-client/api
1 &gt; Accept-Encoding: gzip,deflate
1 &gt; Authorization: Basaicfdffsfsf
1 &gt; Connection: Keep-Alive
1 &gt; Content-Length: 162
1 &gt; Content-Type: application/vnd.com.equifax.ic.saas.request.v1+json; charset=UTF-8
1 &gt; Host: AN00611970.eis.equifax.com:9090
1 &gt; User-Agent: Apache-HttpClient/4.5.3 (Java/9.0.4)
1 &gt; orchestrationCode: xxxx
1 &gt; organizationcode: EWS
{&quot;applicant&quot;:{&quot;orderInfo&quot;:{},&quot;PrimaryConsumer&quot;:{&quot;personalInformation&quot;:{}}},&quot;applicants&quot;:{&quot;primaryConsumer&quot;:{&quot;personalInformation&quot;:{&quot;socialSecurityNumber&quot;:&quot;66&quot;}}}}

16:14:08.932 [pool-1-thread-1] DEBUG org.apache.http.impl.conn.PoolingHttpClientConnectionManager - Connection request: [route: {}-&gt;http://AN00611970.eis.equifax.com:9090][total kept alive: 0; route allocated: 0 of 5; total allocated: 0 of 10]
16:14:08.932 [pool-1-thread-1] DEBUG org.apache.http.impl.conn.PoolingHttpClientConnectionManager - Connection leased: [id: 14][route: {}-&gt;http://AN00611970.eis.equifax.com:9090][total kept alive: 0; route allocated: 1 of 5; total allocated: 1 of 10]
16:14:08.932 [pool-1-thread-1] DEBUG org.apache.http.impl.execchain.MainClientExec - Opening connection {}-&gt;http://AN00611970.eis.equifax.com:9090
16:14:08.932 [pool-1-thread-1] DEBUG org.apache.http.impl.conn.DefaultManagedHttpClientConnection - http-outgoing-14: Shutdown connection
16:14:08.932 [pool-1-thread-1] DEBUG org.apache.http.impl.execchain.MainClientExec - Connection discarded
16:14:08.932 [pool-1-thread-1] DEBUG org.apache.http.impl.conn.PoolingHttpClientConnectionManager - Connection released: [id: 14][route: {}-&gt;http://AN00611970.eis.equifax.com:9090][total kept alive: 0; route allocated: 0 of 5; total allocated: 0 of 10]
16:14:08.933 [pool-1-thread-1] ERROR com.intuit.karate - java.net.UnknownHostException: AN00611970.eis.equifax.com, http call failed after 5 milliseconds for URL: http://AN00611970.eis.equifax.com:9090/ic-saas-client/api
16:14:08.933 [pool-1-thread-1] ERROR com.intuit.karate - http request failed: 
java.net.UnknownHostException: AN00611970.eis.equifax.com
16:14:08.937 [pool-1-thread-1] INFO com.intuit.karate.cucumber.CucumberRunner - &lt;&lt;&lt;&lt; feature 1 of 2 on thread pool-1-thread-1: com/EWSFunctionalTest/feature/EWS_1.feature
---------------------------------------------------------
feature: com.EWSFunctionalTest.feature.EWS_1
report: target\surefire-reports\TEST-com.EWSFunctionalTest.feature.EWS_1.xml
scenarios:  9 | failed:  9 | skipped:  0 | time: 1.37
---------------------------------------------------------
====================================================
elapsed time: 2.93 | total thread time: 2.63
features:     2 | threads:   3 | efficiency: 0.30
scenarios:   15 | failed:   15 | skipped:    0
====================================================
failed features:
com.EWSFunctionalTest.feature.EWS_1: [com.intuit.karate.exception.KarateException: 
java.net.UnknownHostException: AN00611970.eis.equifax.com
	at com.intuit.karate.StepDefs.method(StepDefs.java:364)
	at ?.When method post(com/EWSFunctionalTest/feature/EWS_1.feature:46)
, com.intuit.karate.exception.KarateException: 
java.net.UnknownHostException: AN00611970.eis.equifax.com
	at com.intuit.karate.StepDefs.method(StepDefs.java:364)
	at ?.When method post(com/EWSFunctionalTest/feature/EWS_1.feature:74)
, com.intuit.karate.exception.KarateException: 
java.net.UnknownHostException: AN00611970.eis.equifax.com
	at com.intuit.karate.StepDefs.method(StepDefs.java:364)
	at ?.When method post(com/EWSFunctionalTest/feature/EWS_1.feature:104)
, com.intuit.karate.exception.KarateException: 
java.net.UnknownHostException: AN00611970.eis.equifax.com
	at com.intuit.karate.StepDefs.method(StepDefs.java:364)
	at ?.When method post(com/EWSFunctionalTest/feature/EWS_1.feature:136)
, com.intuit.karate.exception.KarateException: 
java.net.UnknownHostException: AN00611970.eis.equifax.com
	at com.intuit.karate.StepDefs.method(StepDefs.java:364)
	at ?.When method post(com/EWSFunctionalTest/feature/EWS_1.feature:168)
, com.intuit.karate.exception.KarateException: 
java.net.UnknownHostException: AN00611970.eis.equifax.com
	at com.intuit.karate.StepDefs.method(StepDefs.java:364)
	at ?.When method post(com/EWSFunctionalTest/feature/EWS_1.feature:200)
, com.intuit.karate.exception.KarateException: 
java.net.UnknownHostException: AN00611970.eis.equifax.com
	at com.intuit.karate.StepDefs.method(StepDefs.java:364)
	at ?.When method post(com/EWSFunctionalTest/feature/EWS_1.feature:232)
, com.intuit.karate.exception.KarateException: 
java.net.UnknownHostException: AN00611970.eis.equifax.com
	at com.intuit.karate.StepDefs.method(StepDefs.java:364)
	at ?.When method post(com/EWSFunctionalTest/feature/EWS_1.feature:302)
, com.intuit.karate.exception.KarateException: 
java.net.UnknownHostException: AN00611970.eis.equifax.com
	at com.intuit.karate.StepDefs.method(StepDefs.java:364)
	at ?.When method post(com/EWSFunctionalTest/feature/EWS_1.feature:334)
]
com.EWSFunctionalTest.feature.EWS_2: [com.intuit.karate.exception.KarateException: 
java.net.UnknownHostException: AN00611970.eis.equifax.com
	at com.intuit.karate.StepDefs.method(StepDefs.java:364)
	at ?.When method post(com/EWSFunctionalTest/feature/EWS_2.feature:42)
, com.intuit.karate.exception.KarateException: 
java.net.UnknownHostException: AN00611970.eis.equifax.com
	at com.intuit.karate.StepDefs.method(StepDefs.java:364)
	at ?.When method post(com/EWSFunctionalTest/feature/EWS_2.feature:76)
, com.intuit.karate.exception.KarateException: 
java.net.UnknownHostException: AN00611970.eis.equifax.com
	at com.intuit.karate.StepDefs.method(StepDefs.java:364)
	at ?.When method post(com/EWSFunctionalTest/feature/EWS_2.feature:110)
, com.intuit.karate.exception.KarateException: 
java.net.UnknownHostException: AN00611970.eis.equifax.com
	at com.intuit.karate.StepDefs.method(StepDefs.java:364)
	at ?.When method post(com/EWSFunctionalTest/feature/EWS_2.feature:148)
, com.intuit.karate.exception.KarateException: 
java.net.UnknownHostException: AN00611970.eis.equifax.com
	at com.intuit.karate.StepDefs.method(StepDefs.java:364)
	at ?.When method post(com/EWSFunctionalTest/feature/EWS_2.feature:190)
, com.intuit.karate.exception.KarateException: 
java.net.UnknownHostException: AN00611970.eis.equifax.com
	at com.intuit.karate.StepDefs.method(StepDefs.java:364)
	at ?.When method post(com/EWSFunctionalTest/feature/EWS_2.feature:226)
]
16:14:09.114 [Finalizer] DEBUG org.apache.http.impl.conn.PoolingHttpClientConnectionManager - Connection manager is shutting down
16:14:09.115 [Finalizer] DEBUG org.apache.http.impl.conn.PoolingHttpClientConnectionManager - Connection manager shut down
16:14:09.115 [Finalizer] DEBUG org.apache.http.impl.conn.PoolingHttpClientConnectionManager - Connection manager is shutting down
16:14:09.115 [Finalizer] DEBUG org.apache.http.impl.conn.PoolingHttpClientConnectionManager - Connection manager shut down
16:14:09.115 [Finalizer] DEBUG org.apache.http.impl.conn.PoolingHttpClientConnectionManager - Connection manager is shutting down
16:14:09.115 [Finalizer] DEBUG org.apache.http.impl.conn.PoolingHttpClientConnectionManager - Connection manager shut down
16:14:09.115 [Finalizer] DEBUG org.apache.http.impl.conn.PoolingHttpClientConnectionManager - Connection manager is shutting down
16:14:09.115 [Finalizer] DEBUG org.apache.http.impl.conn.PoolingHttpClientConnectionManager - Connection manager shut down
16:14:09.115 [Finalizer] DEBUG org.apache.http.impl.conn.PoolingHttpClientConnectionManager - Connection manager is shutting down
16:14:09.115 [Finalizer] DEBUG org.apache.http.impl.conn.PoolingHttpClientConnectionManager - Connection manager shut down
16:14:09.115 [Finalizer] DEBUG org.apache.http.impl.conn.PoolingHttpClientConnectionManager - Connection manager is shutting down
16:14:09.115 [Finalizer] DEBUG org.apache.http.impl.conn.PoolingHttpClientConnectionManager - Connection manager shut down
16:14:09.115 [Finalizer] DEBUG org.apache.http.impl.conn.PoolingHttpClientConnectionManager - Connection manager is shutting down
16:14:09.115 [Finalizer] DEBUG org.apache.http.impl.conn.PoolingHttpClientConnectionManager - Connection manager shut down
16:14:09.116 [Finalizer] DEBUG org.apache.http.impl.conn.PoolingHttpClientConnectionManager - Connection manager is shutting down
16:14:09.116 [Finalizer] DEBUG org.apache.http.impl.conn.PoolingHttpClientConnectionManager - Connection manager shut down
16:14:09.116 [Finalizer] DEBUG org.apache.http.impl.conn.PoolingHttpClientConnectionManager - Connection manager is shutting down
16:14:09.116 [Finalizer] DEBUG org.apache.http.impl.conn.PoolingHttpClientConnectionManager - Connection manager shut down
16:14:09.116 [Finalizer] DEBUG org.apache.http.impl.conn.PoolingHttpClientConnectionManager - Connection manager is shutting down
16:14:09.116 [Finalizer] DEBUG org.apache.http.impl.conn.PoolingHttpClientConnectionManager - Connection manager shut down
16:14:09.116 [Finalizer] DEBUG org.apache.http.impl.conn.PoolingHttpClientConnectionManager - Connection manager is shutting down
16:14:09.116 [Finalizer] DEBUG org.apache.http.impl.conn.PoolingHttpClientConnectionManager - Connection manager shut down
16:14:09.116 [Finalizer] DEBUG org.apache.http.impl.conn.PoolingHttpClientConnectionManager - Connection manager is shutting down
16:14:09.116 [Finalizer] DEBUG org.apache.http.impl.conn.PoolingHttpClientConnectionManager - Connection manager shut down
16:14:09.116 [Finalizer] DEBUG org.apache.http.impl.conn.PoolingHttpClientConnectionManager - Connection manager is shutting down
16:14:09.116 [Finalizer] DEBUG org.apache.http.impl.conn.PoolingHttpClientConnectionManager - Connection manager shut down
16:14:09.117 [Finalizer] DEBUG org.apache.http.impl.conn.PoolingHttpClientConnectionManager - Connection manager is shutting down
16:14:09.117 [Finalizer] DEBUG org.apache.http.impl.conn.PoolingHttpClientConnectionManager - Connection manager shut down
16:14:09.117 [Finalizer] DEBUG org.apache.http.impl.conn.PoolingHttpClientConnectionManager - Connection manager is shutting down
16:14:09.117 [Finalizer] DEBUG org.apache.http.impl.conn.PoolingHttpClientConnectionManager - Connection manager shut down
16:14:10.318 [main] DEBUG org.apache.velocity - CommonsLogLogChute name is &apos;org.apache.velocity&apos;
16:14:10.318 [main] DEBUG org.apache.velocity - Initializing Velocity, Calling init()...
16:14:10.319 [main] DEBUG org.apache.velocity - Starting Apache Velocity v1.7 (compiled: 2010-11-19 12:14:37)
16:14:10.319 [main] DEBUG org.apache.velocity - Default Properties File: org\apache\velocity\runtime\defaults\velocity.properties
16:14:10.319 [main] DEBUG org.apache.velocity - Trying to use logger class org.apache.velocity.runtime.log.AvalonLogChute
16:14:10.319 [main] DEBUG org.apache.velocity - Target log system for org.apache.velocity.runtime.log.AvalonLogChute is not available (java.lang.NoClassDefFoundError: org/apache/log/format/Formatter).  Falling back to next log system...
16:14:10.319 [main] DEBUG org.apache.velocity - Trying to use logger class org.apache.velocity.runtime.log.Log4JLogChute
16:14:10.319 [main] DEBUG org.apache.velocity - Target log system for org.apache.velocity.runtime.log.Log4JLogChute is not available (java.lang.NoClassDefFoundError: org/apache/log4j/Priority).  Falling back to next log system...
16:14:10.319 [main] DEBUG org.apache.velocity - Trying to use logger class org.apache.velocity.runtime.log.CommonsLogLogChute
16:14:10.319 [main] DEBUG org.apache.velocity - Using logger class org.apache.velocity.runtime.log.CommonsLogLogChute
16:14:10.325 [main] DEBUG org.apache.velocity - ResourceLoader instantiated: org.apache.velocity.runtime.resource.loader.ClasspathResourceLoader
16:14:10.335 [main] DEBUG org.apache.velocity - ResourceCache: initialized (class org.apache.velocity.runtime.resource.ResourceCacheImpl) with class java.util.Collections$SynchronizedMap cache map.
16:14:10.337 [main] DEBUG org.apache.velocity - Loaded System Directive: org.apache.velocity.runtime.directive.Stop
16:14:10.339 [main] DEBUG org.apache.velocity - Loaded System Directive: org.apache.velocity.runtime.directive.Define
16:14:10.340 [main] DEBUG org.apache.velocity - Loaded System Directive: org.apache.velocity.runtime.directive.Break
16:14:10.353 [main] DEBUG org.apache.velocity - Loaded System Directive: org.apache.velocity.runtime.directive.Evaluate
16:14:10.354 [main] DEBUG org.apache.velocity - Loaded System Directive: org.apache.velocity.runtime.directive.Literal
16:14:10.356 [main] DEBUG org.apache.velocity - Loaded System Directive: org.apache.velocity.runtime.directive.Macro
16:14:10.361 [main] DEBUG org.apache.velocity - Loaded System Directive: org.apache.velocity.runtime.directive.Parse
16:14:10.363 [main] DEBUG org.apache.velocity - Loaded System Directive: org.apache.velocity.runtime.directive.Include
16:14:10.366 [main] DEBUG org.apache.velocity - Loaded System Directive: org.apache.velocity.runtime.directive.Foreach
16:14:10.402 [main] DEBUG org.apache.velocity - Created &apos;20&apos; parsers.
16:14:10.413 [main] DEBUG org.apache.velocity - Velocimacro : &quot;velocimacro.library&quot; is not set.  Trying default library: VM_global_library.vm
16:14:10.414 [main] DEBUG org.apache.velocity - Could not load resource &apos;VM_global_library.vm&apos; from ResourceLoader org.apache.velocity.runtime.resource.loader.ClasspathResourceLoader: ClasspathResourceLoader Error: cannot find resource VM_global_library.vm
16:14:10.414 [main] DEBUG org.apache.velocity - Velocimacro : Default library not found.
16:14:10.414 [main] DEBUG org.apache.velocity - Velocimacro : allowInline = true : VMs can be defined inline in templates
16:14:10.414 [main] DEBUG org.apache.velocity - Velocimacro : allowInlineToOverride = false : VMs defined inline may NOT replace previous VM definitions
16:14:10.414 [main] DEBUG org.apache.velocity - Velocimacro : allowInlineLocal = false : VMs defined inline will be global in scope if allowed.
16:14:10.414 [main] DEBUG org.apache.velocity - Velocimacro : autoload off : VM system will not automatically reload global library macros
16:14:10.512 [main] DEBUG org.apache.velocity - CommonsLogLogChute name is &apos;org.apache.velocity&apos;
16:14:10.512 [main] DEBUG org.apache.velocity - Initializing Velocity, Calling init()...
16:14:10.512 [main] DEBUG org.apache.velocity - Starting Apache Velocity v1.7 (compiled: 2010-11-19 12:14:37)
16:14:10.512 [main] DEBUG org.apache.velocity - Default Properties File: org\apache\velocity\runtime\defaults\velocity.properties
16:14:10.512 [main] DEBUG org.apache.velocity - Trying to use logger class org.apache.velocity.runtime.log.AvalonLogChute
16:14:10.512 [main] DEBUG org.apache.velocity - Target log system for org.apache.velocity.runtime.log.AvalonLogChute is not available (java.lang.NoClassDefFoundError: org/apache/log/format/Formatter).  Falling back to next log system...
16:14:10.512 [main] DEBUG org.apache.velocity - Trying to use logger class org.apache.velocity.runtime.log.Log4JLogChute
16:14:10.512 [main] DEBUG org.apache.velocity - Target log system for org.apache.velocity.runtime.log.Log4JLogChute is not available (java.lang.NoClassDefFoundError: org/apache/log4j/Priority).  Falling back to next log system...
16:14:10.512 [main] DEBUG org.apache.velocity - Trying to use logger class org.apache.velocity.runtime.log.CommonsLogLogChute
16:14:10.512 [main] DEBUG org.apache.velocity - Using logger class org.apache.velocity.runtime.log.CommonsLogLogChute
16:14:10.513 [main] DEBUG org.apache.velocity - ResourceLoader instantiated: org.apache.velocity.runtime.resource.loader.ClasspathResourceLoader
16:14:10.513 [main] DEBUG org.apache.velocity - ResourceCache: initialized (class org.apache.velocity.runtime.resource.ResourceCacheImpl) with class java.util.Collections$SynchronizedMap cache map.
16:14:10.513 [main] DEBUG org.apache.velocity - Loaded System Directive: org.apache.velocity.runtime.directive.Stop
16:14:10.513 [main] DEBUG org.apache.velocity - Loaded System Directive: org.apache.velocity.runtime.directive.Define
16:14:10.513 [main] DEBUG org.apache.velocity - Loaded System Directive: org.apache.velocity.runtime.directive.Break
16:14:10.513 [main] DEBUG org.apache.velocity - Loaded System Directive: org.apache.velocity.runtime.directive.Evaluate
16:14:10.513 [main] DEBUG org.apache.velocity - Loaded System Directive: org.apache.velocity.runtime.directive.Literal
16:14:10.513 [main] DEBUG org.apache.velocity - Loaded System Directive: org.apache.velocity.runtime.directive.Macro
16:14:10.514 [main] DEBUG org.apache.velocity - Loaded System Directive: org.apache.velocity.runtime.directive.Parse
16:14:10.515 [main] DEBUG org.apache.velocity - Loaded System Directive: org.apache.velocity.runtime.directive.Include
16:14:10.515 [main] DEBUG org.apache.velocity - Loaded System Directive: org.apache.velocity.runtime.directive.Foreach
16:14:10.517 [main] DEBUG org.apache.velocity - Created &apos;20&apos; parsers.
16:14:10.517 [main] DEBUG org.apache.velocity - Velocimacro : &quot;velocimacro.library&quot; is not set.  Trying default library: VM_global_library.vm
16:14:10.518 [main] DEBUG org.apache.velocity - Could not load resource &apos;VM_global_library.vm&apos; from ResourceLoader org.apache.velocity.runtime.resource.loader.ClasspathResourceLoader: ClasspathResourceLoader Error: cannot find resource VM_global_library.vm
16:14:10.518 [main] DEBUG org.apache.velocity - Velocimacro : Default library not found.
16:14:10.518 [main] DEBUG org.apache.velocity - Velocimacro : allowInline = true : VMs can be defined inline in templates
16:14:10.518 [main] DEBUG org.apache.velocity - Velocimacro : allowInlineToOverride = false : VMs defined inline may NOT replace previous VM definitions
16:14:10.518 [main] DEBUG org.apache.velocity - Velocimacro : allowInlineLocal = false : VMs defined inline will be global in scope if allowed.
16:14:10.519 [main] DEBUG org.apache.velocity - Velocimacro : autoload off : VM system will not automatically reload global library macros
16:14:10.522 [main] DEBUG org.apache.velocity - CommonsLogLogChute name is &apos;org.apache.velocity&apos;
16:14:10.522 [main] DEBUG org.apache.velocity - Initializing Velocity, Calling init()...
16:14:10.522 [main] DEBUG org.apache.velocity - Starting Apache Velocity v1.7 (compiled: 2010-11-19 12:14:37)
16:14:10.522 [main] DEBUG org.apache.velocity - Default Properties File: org\apache\velocity\runtime\defaults\velocity.properties
16:14:10.522 [main] DEBUG org.apache.velocity - Trying to use logger class org.apache.velocity.runtime.log.AvalonLogChute
16:14:10.522 [main] DEBUG org.apache.velocity - Target log system for org.apache.velocity.runtime.log.AvalonLogChute is not available (java.lang.NoClassDefFoundError: org/apache/log/format/Formatter).  Falling back to next log system...
16:14:10.522 [main] DEBUG org.apache.velocity - Trying to use logger class org.apache.velocity.runtime.log.Log4JLogChute
16:14:10.522 [main] DEBUG org.apache.velocity - Target log system for org.apache.velocity.runtime.log.Log4JLogChute is not available (java.lang.NoClassDefFoundError: org/apache/log4j/Priority).  Falling back to next log system...
16:14:10.522 [main] DEBUG org.apache.velocity - Trying to use logger class org.apache.velocity.runtime.log.CommonsLogLogChute
16:14:10.522 [main] DEBUG org.apache.velocity - Using logger class org.apache.velocity.runtime.log.CommonsLogLogChute
16:14:10.522 [main] DEBUG org.apache.velocity - ResourceLoader instantiated: org.apache.velocity.runtime.resource.loader.ClasspathResourceLoader
16:14:10.522 [main] DEBUG org.apache.velocity - ResourceCache: initialized (class org.apache.velocity.runtime.resource.ResourceCacheImpl) with class java.util.Collections$SynchronizedMap cache map.
16:14:10.523 [main] DEBUG org.apache.velocity - Loaded System Directive: org.apache.velocity.runtime.directive.Stop
16:14:10.524 [main] DEBUG org.apache.velocity - Loaded System Directive: org.apache.velocity.runtime.directive.Define
16:14:10.524 [main] DEBUG org.apache.velocity - Loaded System Directive: org.apache.velocity.runtime.directive.Break
16:14:10.524 [main] DEBUG org.apache.velocity - Loaded System Directive: org.apache.velocity.runtime.directive.Evaluate
16:14:10.524 [main] DEBUG org.apache.velocity - Loaded System Directive: org.apache.velocity.runtime.directive.Literal
16:14:10.524 [main] DEBUG org.apache.velocity - Loaded System Directive: org.apache.velocity.runtime.directive.Macro
16:14:10.524 [main] DEBUG org.apache.velocity - Loaded System Directive: org.apache.velocity.runtime.directive.Parse
16:14:10.524 [main] DEBUG org.apache.velocity - Loaded System Directive: org.apache.velocity.runtime.directive.Include
16:14:10.524 [main] DEBUG org.apache.velocity - Loaded System Directive: org.apache.velocity.runtime.directive.Foreach
16:14:10.525 [main] DEBUG org.apache.velocity - Created &apos;20&apos; parsers.
16:14:10.526 [main] DEBUG org.apache.velocity - Velocimacro : &quot;velocimacro.library&quot; is not set.  Trying default library: VM_global_library.vm
16:14:10.527 [main] DEBUG org.apache.velocity - Could not load resource &apos;VM_global_library.vm&apos; from ResourceLoader org.apache.velocity.runtime.resource.loader.ClasspathResourceLoader: ClasspathResourceLoader Error: cannot find resource VM_global_library.vm
16:14:10.527 [main] DEBUG org.apache.velocity - Velocimacro : Default library not found.
16:14:10.527 [main] DEBUG org.apache.velocity - Velocimacro : allowInline = true : VMs can be defined inline in templates
16:14:10.527 [main] DEBUG org.apache.velocity - Velocimacro : allowInlineToOverride = false : VMs defined inline may NOT replace previous VM definitions
16:14:10.527 [main] DEBUG org.apache.velocity - Velocimacro : allowInlineLocal = false : VMs defined inline will be global in scope if allowed.
16:14:10.527 [main] DEBUG org.apache.velocity - Velocimacro : autoload off : VM system will not automatically reload global library macros
16:14:10.531 [main] DEBUG org.apache.velocity - CommonsLogLogChute name is &apos;org.apache.velocity&apos;
16:14:10.531 [main] DEBUG org.apache.velocity - Initializing Velocity, Calling init()...
16:14:10.531 [main] DEBUG org.apache.velocity - Starting Apache Velocity v1.7 (compiled: 2010-11-19 12:14:37)
16:14:10.531 [main] DEBUG org.apache.velocity - Default Properties File: org\apache\velocity\runtime\defaults\velocity.properties
16:14:10.531 [main] DEBUG org.apache.velocity - Trying to use logger class org.apache.velocity.runtime.log.AvalonLogChute
16:14:10.531 [main] DEBUG org.apache.velocity - Target log system for org.apache.velocity.runtime.log.AvalonLogChute is not available (java.lang.NoClassDefFoundError: org/apache/log/format/Formatter).  Falling back to next log system...
16:14:10.531 [main] DEBUG org.apache.velocity - Trying to use logger class org.apache.velocity.runtime.log.Log4JLogChute
16:14:10.531 [main] DEBUG org.apache.velocity - Target log system for org.apache.velocity.runtime.log.Log4JLogChute is not available (java.lang.NoClassDefFoundError: org/apache/log4j/Priority).  Falling back to next log system...
16:14:10.531 [main] DEBUG org.apache.velocity - Trying to use logger class org.apache.velocity.runtime.log.CommonsLogLogChute
16:14:10.531 [main] DEBUG org.apache.velocity - Using logger class org.apache.velocity.runtime.log.CommonsLogLogChute
16:14:10.531 [main] DEBUG org.apache.velocity - ResourceLoader instantiated: org.apache.velocity.runtime.resource.loader.ClasspathResourceLoader
16:14:10.531 [main] DEBUG org.apache.velocity - ResourceCache: initialized (class org.apache.velocity.runtime.resource.ResourceCacheImpl) with class java.util.Collections$SynchronizedMap cache map.
16:14:10.532 [main] DEBUG org.apache.velocity - Loaded System Directive: org.apache.velocity.runtime.directive.Stop
16:14:10.532 [main] DEBUG org.apache.velocity - Loaded System Directive: org.apache.velocity.runtime.directive.Define
16:14:10.532 [main] DEBUG org.apache.velocity - Loaded System Directive: org.apache.velocity.runtime.directive.Break
16:14:10.532 [main] DEBUG org.apache.velocity - Loaded System Directive: org.apache.velocity.runtime.directive.Evaluate
16:14:10.532 [main] DEBUG org.apache.velocity - Loaded System Directive: org.apache.velocity.runtime.directive.Literal
16:14:10.532 [main] DEBUG org.apache.velocity - Loaded System Directive: org.apache.velocity.runtime.directive.Macro
16:14:10.532 [main] DEBUG org.apache.velocity - Loaded System Directive: org.apache.velocity.runtime.directive.Parse
16:14:10.532 [main] DEBUG org.apache.velocity - Loaded System Directive: org.apache.velocity.runtime.directive.Include
16:14:10.532 [main] DEBUG org.apache.velocity - Loaded System Directive: org.apache.velocity.runtime.directive.Foreach
16:14:10.533 [main] DEBUG org.apache.velocity - Created &apos;20&apos; parsers.
16:14:10.533 [main] DEBUG org.apache.velocity - Velocimacro : &quot;velocimacro.library&quot; is not set.  Trying default library: VM_global_library.vm
16:14:10.534 [main] DEBUG org.apache.velocity - Could not load resource &apos;VM_global_library.vm&apos; from ResourceLoader org.apache.velocity.runtime.resource.loader.ClasspathResourceLoader: ClasspathResourceLoader Error: cannot find resource VM_global_library.vm
16:14:10.534 [main] DEBUG org.apache.velocity - Velocimacro : Default library not found.
16:14:10.534 [main] DEBUG org.apache.velocity - Velocimacro : allowInline = true : VMs can be defined inline in templates
16:14:10.534 [main] DEBUG org.apache.velocity - Velocimacro : allowInlineToOverride = false : VMs defined inline may NOT replace previous VM definitions
16:14:10.534 [main] DEBUG org.apache.velocity - Velocimacro : allowInlineLocal = false : VMs defined inline will be global in scope if allowed.
16:14:10.534 [main] DEBUG org.apache.velocity - Velocimacro : autoload off : VM system will not automatically reload global library macros
16:14:10.537 [main] DEBUG org.apache.velocity - CommonsLogLogChute name is &apos;org.apache.velocity&apos;
16:14:10.537 [main] DEBUG org.apache.velocity - Initializing Velocity, Calling init()...
16:14:10.537 [main] DEBUG org.apache.velocity - Starting Apache Velocity v1.7 (compiled: 2010-11-19 12:14:37)
16:14:10.537 [main] DEBUG org.apache.velocity - Default Properties File: org\apache\velocity\runtime\defaults\velocity.properties
16:14:10.538 [main] DEBUG org.apache.velocity - Trying to use logger class org.apache.velocity.runtime.log.AvalonLogChute
16:14:10.538 [main] DEBUG org.apache.velocity - Target log system for org.apache.velocity.runtime.log.AvalonLogChute is not available (java.lang.NoClassDefFoundError: org/apache/log/format/Formatter).  Falling back to next log system...
16:14:10.538 [main] DEBUG org.apache.velocity - Trying to use logger class org.apache.velocity.runtime.log.Log4JLogChute
16:14:10.538 [main] DEBUG org.apache.velocity - Target log system for org.apache.velocity.runtime.log.Log4JLogChute is not available (java.lang.NoClassDefFoundError: org/apache/log4j/Priority).  Falling back to next log system...
16:14:10.538 [main] DEBUG org.apache.velocity - Trying to use logger class org.apache.velocity.runtime.log.CommonsLogLogChute
16:14:10.538 [main] DEBUG org.apache.velocity - Using logger class org.apache.velocity.runtime.log.CommonsLogLogChute
16:14:10.538 [main] DEBUG org.apache.velocity - ResourceLoader instantiated: org.apache.velocity.runtime.resource.loader.ClasspathResourceLoader
16:14:10.538 [main] DEBUG org.apache.velocity - ResourceCache: initialized (class org.apache.velocity.runtime.resource.ResourceCacheImpl) with class java.util.Collections$SynchronizedMap cache map.
16:14:10.539 [main] DEBUG org.apache.velocity - Loaded System Directive: org.apache.velocity.runtime.directive.Stop
16:14:10.539 [main] DEBUG org.apache.velocity - Loaded System Directive: org.apache.velocity.runtime.directive.Define
16:14:10.539 [main] DEBUG org.apache.velocity - Loaded System Directive: org.apache.velocity.runtime.directive.Break
16:14:10.539 [main] DEBUG org.apache.velocity - Loaded System Directive: org.apache.velocity.runtime.directive.Evaluate
16:14:10.539 [main] DEBUG org.apache.velocity - Loaded System Directive: org.apache.velocity.runtime.directive.Literal
16:14:10.539 [main] DEBUG org.apache.velocity - Loaded System Directive: org.apache.velocity.runtime.directive.Macro
16:14:10.539 [main] DEBUG org.apache.velocity - Loaded System Directive: org.apache.velocity.runtime.directive.Parse
16:14:10.540 [main] DEBUG org.apache.velocity - Loaded System Directive: org.apache.velocity.runtime.directive.Include
16:14:10.540 [main] DEBUG org.apache.velocity - Loaded System Directive: org.apache.velocity.runtime.directive.Foreach
16:14:10.540 [main] DEBUG org.apache.velocity - Created &apos;20&apos; parsers.
16:14:10.541 [main] DEBUG org.apache.velocity - Velocimacro : &quot;velocimacro.library&quot; is not set.  Trying default library: VM_global_library.vm
16:14:10.541 [main] DEBUG org.apache.velocity - Could not load resource &apos;VM_global_library.vm&apos; from ResourceLoader org.apache.velocity.runtime.resource.loader.ClasspathResourceLoader: ClasspathResourceLoader Error: cannot find resource VM_global_library.vm
16:14:10.541 [main] DEBUG org.apache.velocity - Velocimacro : Default library not found.
16:14:10.541 [main] DEBUG org.apache.velocity - Velocimacro : allowInline = true : VMs can be defined inline in templates
16:14:10.541 [main] DEBUG org.apache.velocity - Velocimacro : allowInlineToOverride = false : VMs defined inline may NOT replace previous VM definitions
16:14:10.542 [main] DEBUG org.apache.velocity - Velocimacro : allowInlineLocal = false : VMs defined inline will be global in scope if allowed.
16:14:10.542 [main] DEBUG org.apache.velocity - Velocimacro : autoload off : VM system will not automatically reload global library macros
16:14:10.551 [main] DEBUG org.apache.velocity - CommonsLogLogChute name is &apos;org.apache.velocity&apos;
16:14:10.551 [main] DEBUG org.apache.velocity - Initializing Velocity, Calling init()...
16:14:10.551 [main] DEBUG org.apache.velocity - Starting Apache Velocity v1.7 (compiled: 2010-11-19 12:14:37)
16:14:10.551 [main] DEBUG org.apache.velocity - Default Properties File: org\apache\velocity\runtime\defaults\velocity.properties
16:14:10.551 [main] DEBUG org.apache.velocity - Trying to use logger class org.apache.velocity.runtime.log.AvalonLogChute
16:14:10.551 [main] DEBUG org.apache.velocity - Target log system for org.apache.velocity.runtime.log.AvalonLogChute is not available (java.lang.NoClassDefFoundError: org/apache/log/format/Formatter).  Falling back to next log system...
16:14:10.551 [main] DEBUG org.apache.velocity - Trying to use logger class org.apache.velocity.runtime.log.Log4JLogChute
16:14:10.552 [main] DEBUG org.apache.velocity - Target log system for org.apache.velocity.runtime.log.Log4JLogChute is not available (java.lang.NoClassDefFoundError: org/apache/log4j/Priority).  Falling back to next log system...
16:14:10.552 [main] DEBUG org.apache.velocity - Trying to use logger class org.apache.velocity.runtime.log.CommonsLogLogChute
16:14:10.552 [main] DEBUG org.apache.velocity - Using logger class org.apache.velocity.runtime.log.CommonsLogLogChute
16:14:10.552 [main] DEBUG org.apache.velocity - ResourceLoader instantiated: org.apache.velocity.runtime.resource.loader.ClasspathResourceLoader
16:14:10.552 [main] DEBUG org.apache.velocity - ResourceCache: initialized (class org.apache.velocity.runtime.resource.ResourceCacheImpl) with class java.util.Collections$SynchronizedMap cache map.
16:14:10.553 [main] DEBUG org.apache.velocity - Loaded System Directive: org.apache.velocity.runtime.directive.Stop
16:14:10.553 [main] DEBUG org.apache.velocity - Loaded System Directive: org.apache.velocity.runtime.directive.Define
16:14:10.553 [main] DEBUG org.apache.velocity - Loaded System Directive: org.apache.velocity.runtime.directive.Break
16:14:10.553 [main] DEBUG org.apache.velocity - Loaded System Directive: org.apache.velocity.runtime.directive.Evaluate
16:14:10.554 [main] DEBUG org.apache.velocity - Loaded System Directive: org.apache.velocity.runtime.directive.Literal
16:14:10.554 [main] DEBUG org.apache.velocity - Loaded System Directive: org.apache.velocity.runtime.directive.Macro
16:14:10.554 [main] DEBUG org.apache.velocity - Loaded System Directive: org.apache.velocity.runtime.directive.Parse
16:14:10.554 [main] DEBUG org.apache.velocity - Loaded System Directive: org.apache.velocity.runtime.directive.Include
16:14:10.554 [main] DEBUG org.apache.velocity - Loaded System Directive: org.apache.velocity.runtime.directive.Foreach
16:14:10.558 [main] DEBUG org.apache.velocity - Created &apos;20&apos; parsers.
16:14:10.558 [main] DEBUG org.apache.velocity - Velocimacro : &quot;velocimacro.library&quot; is not set.  Trying default library: VM_global_library.vm
16:14:10.561 [main] DEBUG org.apache.velocity - Could not load resource &apos;VM_global_library.vm&apos; from ResourceLoader org.apache.velocity.runtime.resource.loader.ClasspathResourceLoader: ClasspathResourceLoader Error: cannot find resource VM_global_library.vm
16:14:10.561 [main] DEBUG org.apache.velocity - Velocimacro : Default library not found.
16:14:10.561 [main] DEBUG org.apache.velocity - Velocimacro : allowInline = true : VMs can be defined inline in templates
16:14:10.561 [main] DEBUG org.apache.velocity - Velocimacro : allowInlineToOverride = false : VMs defined inline may NOT replace previous VM definitions
16:14:10.561 [main] DEBUG org.apache.velocity - Velocimacro : allowInlineLocal = false : VMs defined inline will be global in scope if allowed.
16:14:10.562 [main] DEBUG org.apache.velocity - Velocimacro : autoload off : VM system will not automatically reload global library macros
16:14:10.565 [main] DEBUG org.apache.velocity - CommonsLogLogChute name is &apos;org.apache.velocity&apos;
16:14:10.565 [main] DEBUG org.apache.velocity - Initializing Velocity, Calling init()...
16:14:10.565 [main] DEBUG org.apache.velocity - Starting Apache Velocity v1.7 (compiled: 2010-11-19 12:14:37)
16:14:10.565 [main] DEBUG org.apache.velocity - Default Properties File: org\apache\velocity\runtime\defaults\velocity.properties
16:14:10.565 [main] DEBUG org.apache.velocity - Trying to use logger class org.apache.velocity.runtime.log.AvalonLogChute
16:14:10.565 [main] DEBUG org.apache.velocity - Target log system for org.apache.velocity.runtime.log.AvalonLogChute is not available (java.lang.NoClassDefFoundError: org/apache/log/format/Formatter).  Falling back to next log system...
16:14:10.565 [main] DEBUG org.apache.velocity - Trying to use logger class org.apache.velocity.runtime.log.Log4JLogChute
16:14:10.565 [main] DEBUG org.apache.velocity - Target log system for org.apache.velocity.runtime.log.Log4JLogChute is not available (java.lang.NoClassDefFoundError: org/apache/log4j/Priority).  Falling back to next log system...
16:14:10.566 [main] DEBUG org.apache.velocity - Trying to use logger class org.apache.velocity.runtime.log.CommonsLogLogChute
16:14:10.566 [main] DEBUG org.apache.velocity - Using logger class org.apache.velocity.runtime.log.CommonsLogLogChute
16:14:10.566 [main] DEBUG org.apache.velocity - ResourceLoader instantiated: org.apache.velocity.runtime.resource.loader.ClasspathResourceLoader
16:14:10.567 [main] DEBUG org.apache.velocity - ResourceCache: initialized (class org.apache.velocity.runtime.resource.ResourceCacheImpl) with class java.util.Collections$SynchronizedMap cache map.
16:14:10.568 [main] DEBUG org.apache.velocity - Loaded System Directive: org.apache.velocity.runtime.directive.Stop
16:14:10.569 [main] DEBUG org.apache.velocity - Loaded System Directive: org.apache.velocity.runtime.directive.Define
16:14:10.569 [main] DEBUG org.apache.velocity - Loaded System Directive: org.apache.velocity.runtime.directive.Break
16:14:10.569 [main] DEBUG org.apache.velocity - Loaded System Directive: org.apache.velocity.runtime.directive.Evaluate
16:14:10.569 [main] DEBUG org.apache.velocity - Loaded System Directive: org.apache.velocity.runtime.directive.Literal
16:14:10.569 [main] DEBUG org.apache.velocity - Loaded System Directive: org.apache.velocity.runtime.directive.Macro
16:14:10.569 [main] DEBUG org.apache.velocity - Loaded System Directive: org.apache.velocity.runtime.directive.Parse
16:14:10.569 [main] DEBUG org.apache.velocity - Loaded System Directive: org.apache.velocity.runtime.directive.Include
16:14:10.569 [main] DEBUG org.apache.velocity - Loaded System Directive: org.apache.velocity.runtime.directive.Foreach
16:14:10.571 [main] DEBUG org.apache.velocity - Created &apos;20&apos; parsers.
16:14:10.571 [main] DEBUG org.apache.velocity - Velocimacro : &quot;velocimacro.library&quot; is not set.  Trying default library: VM_global_library.vm
16:14:10.575 [main] DEBUG org.apache.velocity - Could not load resource &apos;VM_global_library.vm&apos; from ResourceLoader org.apache.velocity.runtime.resource.loader.ClasspathResourceLoader: ClasspathResourceLoader Error: cannot find resource VM_global_library.vm
16:14:10.575 [main] DEBUG org.apache.velocity - Velocimacro : Default library not found.
16:14:10.575 [main] DEBUG org.apache.velocity - Velocimacro : allowInline = true : VMs can be defined inline in templates
16:14:10.575 [main] DEBUG org.apache.velocity - Velocimacro : allowInlineToOverride = false : VMs defined inline may NOT replace previous VM definitions
16:14:10.575 [main] DEBUG org.apache.velocity - Velocimacro : allowInlineLocal = false : VMs defined inline will be global in scope if allowed.
16:14:10.575 [main] DEBUG org.apache.velocity - Velocimacro : autoload off : VM system will not automatically reload global library macros
16:14:10.599 [main] DEBUG org.apache.velocity - ResourceManager : found templates/generators/overviewFeatures.vm with loader org.apache.velocity.runtime.resource.loader.ClasspathResourceLoader
16:14:10.613 [main] DEBUG org.apache.velocity - ResourceManager : found /templates/headers.vm with loader org.apache.velocity.runtime.resource.loader.ClasspathResourceLoader
16:14:10.614 [main] DEBUG org.apache.velocity - ResourceManager : found /templates/head.vm with loader org.apache.velocity.runtime.resource.loader.ClasspathResourceLoader
16:14:10.619 [main] DEBUG org.apache.velocity - Velocimacro : added VM stringArray: source=/templates/macros/array.js.vm
16:14:10.619 [main] DEBUG org.apache.velocity - Velocimacro : added VM numberArray: source=/templates/macros/array.js.vm
16:14:10.619 [main] DEBUG org.apache.velocity - ResourceManager : found /templates/macros/array.js.vm with loader org.apache.velocity.runtime.resource.loader.ClasspathResourceLoader
16:14:10.620 [main] DEBUG org.apache.velocity - Velocimacro : added VM includeBuildInfo: source=/templates/macros/page/buildinfo.vm
16:14:10.620 [main] DEBUG org.apache.velocity - ResourceManager : found /templates/macros/page/buildinfo.vm with loader org.apache.velocity.runtime.resource.loader.ClasspathResourceLoader
16:14:10.623 [main] DEBUG org.apache.velocity - Velocimacro : added VM includeClassifications: source=/templates/macros/page/classifications.vm
16:14:10.623 [main] DEBUG org.apache.velocity - ResourceManager : found /templates/macros/page/classifications.vm with loader org.apache.velocity.runtime.resource.loader.ClasspathResourceLoader
16:14:10.625 [main] DEBUG org.apache.velocity - Velocimacro : added VM includeLead: source=/templates/macros/page/lead.vm
16:14:10.626 [main] DEBUG org.apache.velocity - ResourceManager : found /templates/macros/page/lead.vm with loader org.apache.velocity.runtime.resource.loader.ClasspathResourceLoader
16:14:10.629 [main] DEBUG org.apache.velocity - Velocimacro : added VM includeNavigation: source=/templates/macros/page/navigation.vm
16:14:10.629 [main] DEBUG org.apache.velocity - ResourceManager : found /templates/macros/page/navigation.vm with loader org.apache.velocity.runtime.resource.loader.ClasspathResourceLoader
16:14:10.631 [main] DEBUG org.apache.velocity - Velocimacro : added VM includeReportInfo: source=/templates/macros/page/reportInfo.vm
16:14:10.631 [main] DEBUG org.apache.velocity - ResourceManager : found /templates/macros/page/reportInfo.vm with loader org.apache.velocity.runtime.resource.loader.ClasspathResourceLoader
16:14:10.633 [main] DEBUG org.apache.velocity - Velocimacro : added VM includeTitle: source=/templates/macros/page/title.vm
16:14:10.633 [main] DEBUG org.apache.velocity - ResourceManager : found /templates/macros/page/title.vm with loader org.apache.velocity.runtime.resource.loader.ClasspathResourceLoader
16:14:10.635 [main] DEBUG org.apache.velocity - Velocimacro : added VM includeExpandingButtons: source=/templates/macros/report/expandAllButtons.vm
16:14:10.635 [main] DEBUG org.apache.velocity - ResourceManager : found /templates/macros/report/expandAllButtons.vm with loader org.apache.velocity.runtime.resource.loader.ClasspathResourceLoader
16:14:10.640 [main] DEBUG org.apache.velocity - Velocimacro : added VM includeReportTable: source=/templates/macros/report/reportTable.vm
16:14:10.640 [main] DEBUG org.apache.velocity - ResourceManager : found /templates/macros/report/reportTable.vm with loader org.apache.velocity.runtime.resource.loader.ClasspathResourceLoader
16:14:10.642 [main] DEBUG org.apache.velocity - Velocimacro : added VM includeReportHeader: source=/templates/macros/report/reportHeader.vm
16:14:10.642 [main] DEBUG org.apache.velocity - ResourceManager : found /templates/macros/report/reportHeader.vm with loader org.apache.velocity.runtime.resource.loader.ClasspathResourceLoader
16:14:10.648 [main] DEBUG org.apache.velocity - Velocimacro : added VM includeStatsTable: source=/templates/macros/report/statsTable.vm
16:14:10.648 [main] DEBUG org.apache.velocity - ResourceManager : found /templates/macros/report/statsTable.vm with loader org.apache.velocity.runtime.resource.loader.ClasspathResourceLoader
16:14:10.649 [main] DEBUG org.apache.velocity - Velocimacro : added VM includeBrief: source=/templates/macros/json/brief.vm
16:14:10.649 [main] DEBUG org.apache.velocity - ResourceManager : found /templates/macros/json/brief.vm with loader org.apache.velocity.runtime.resource.loader.ClasspathResourceLoader
16:14:10.651 [main] DEBUG org.apache.velocity - Velocimacro : added VM includeDocString: source=/templates/macros/json/docstring.vm
16:14:10.651 [main] DEBUG org.apache.velocity - ResourceManager : found /templates/macros/json/docstring.vm with loader org.apache.velocity.runtime.resource.loader.ClasspathResourceLoader
16:14:10.652 [main] DEBUG org.apache.velocity - Velocimacro : added VM includeDuration: source=/templates/macros/json/duration.vm
16:14:10.653 [main] DEBUG org.apache.velocity - ResourceManager : found /templates/macros/json/duration.vm with loader org.apache.velocity.runtime.resource.loader.ClasspathResourceLoader
16:14:10.662 [main] DEBUG org.apache.velocity - Velocimacro : added VM includeElement: source=/templates/macros/json/element.vm
16:14:10.663 [main] DEBUG org.apache.velocity - ResourceManager : found /templates/macros/json/element.vm with loader org.apache.velocity.runtime.resource.loader.ClasspathResourceLoader
16:14:10.712 [main] DEBUG org.apache.velocity - Velocimacro : added VM includeEmbeddings: source=/templates/macros/json/embeddings.vm
16:14:10.713 [main] DEBUG org.apache.velocity - Velocimacro : added VM includeHtmlEmbedding: source=/templates/macros/json/embeddings.vm
16:14:10.714 [main] DEBUG org.apache.velocity - Velocimacro : added VM includeImageEmbedding: source=/templates/macros/json/embeddings.vm
16:14:10.714 [main] DEBUG org.apache.velocity - Velocimacro : added VM includeImageReferenceEmbedding: source=/templates/macros/json/embeddings.vm
16:14:10.714 [main] DEBUG org.apache.velocity - Velocimacro : added VM includeTextEmbedding: source=/templates/macros/json/embeddings.vm
16:14:10.715 [main] DEBUG org.apache.velocity - Velocimacro : added VM includeUnknownEmbedding: source=/templates/macros/json/embeddings.vm
16:14:10.715 [main] DEBUG org.apache.velocity - ResourceManager : found /templates/macros/json/embeddings.vm with loader org.apache.velocity.runtime.resource.loader.ClasspathResourceLoader
16:14:10.719 [main] DEBUG org.apache.velocity - Velocimacro : added VM includeHooks: source=/templates/macros/json/hooks.vm
16:14:10.719 [main] DEBUG org.apache.velocity - ResourceManager : found /templates/macros/json/hooks.vm with loader org.apache.velocity.runtime.resource.loader.ClasspathResourceLoader
16:14:10.725 [main] DEBUG org.apache.velocity - Velocimacro : added VM includeOutput: source=/templates/macros/json/output.vm
16:14:10.726 [main] DEBUG org.apache.velocity - ResourceManager : found /templates/macros/json/output.vm with loader org.apache.velocity.runtime.resource.loader.ClasspathResourceLoader
16:14:10.735 [main] DEBUG org.apache.velocity - Velocimacro : added VM includeMessage: source=/templates/macros/json/message.vm
16:14:10.735 [main] DEBUG org.apache.velocity - ResourceManager : found /templates/macros/json/message.vm with loader org.apache.velocity.runtime.resource.loader.ClasspathResourceLoader
16:14:10.748 [main] DEBUG org.apache.velocity - Velocimacro : added VM includeSteps: source=/templates/macros/json/steps.vm
16:14:10.748 [main] DEBUG org.apache.velocity - ResourceManager : found /templates/macros/json/steps.vm with loader org.apache.velocity.runtime.resource.loader.ClasspathResourceLoader
16:14:10.750 [main] DEBUG org.apache.velocity - Velocimacro : added VM includeTags: source=/templates/macros/json/tags.vm
16:14:10.750 [main] DEBUG org.apache.velocity - ResourceManager : found /templates/macros/json/tags.vm with loader org.apache.velocity.runtime.resource.loader.ClasspathResourceLoader
16:14:10.768 [main] DEBUG org.apache.velocity - ResourceManager : found /templates/js/steps-chart.js.vm with loader org.apache.velocity.runtime.resource.loader.ClasspathResourceLoader
16:14:10.783 [main] DEBUG org.apache.velocity - ResourceManager : found /templates/js/scenarios-chart.js.vm with loader org.apache.velocity.runtime.resource.loader.ClasspathResourceLoader
16:14:10.785 [main] DEBUG org.apache.velocity - ResourceManager : found /templates/js/features-chart.js.vm with loader org.apache.velocity.runtime.resource.loader.ClasspathResourceLoader
16:14:10.788 [main] DEBUG org.apache.velocity - VM #includeReportInfo: too many arguments to macro. Wanted 0 got 1
16:14:10.866 [main] DEBUG org.apache.velocity - ResourceManager : found /templates/footer.vm with loader org.apache.velocity.runtime.resource.loader.ClasspathResourceLoader
16:14:10.896 [main] DEBUG org.apache.velocity - ResourceManager : found templates/generators/reportFeature.vm with loader org.apache.velocity.runtime.resource.loader.ClasspathResourceLoader
16:14:10.900 [main] DEBUG org.apache.velocity - ResourceManager : found /templates/headers.vm with loader org.apache.velocity.runtime.resource.loader.ClasspathResourceLoader
16:14:10.901 [main] DEBUG org.apache.velocity - ResourceManager : found /templates/head.vm with loader org.apache.velocity.runtime.resource.loader.ClasspathResourceLoader
16:14:10.903 [main] DEBUG org.apache.velocity - Velocimacro : added VM stringArray: source=/templates/macros/array.js.vm
16:14:10.904 [main] DEBUG org.apache.velocity - Velocimacro : added VM numberArray: source=/templates/macros/array.js.vm
16:14:10.904 [main] DEBUG org.apache.velocity - ResourceManager : found /templates/macros/array.js.vm with loader org.apache.velocity.runtime.resource.loader.ClasspathResourceLoader
16:14:10.905 [main] DEBUG org.apache.velocity - Velocimacro : added VM includeBuildInfo: source=/templates/macros/page/buildinfo.vm
16:14:10.908 [main] DEBUG org.apache.velocity - ResourceManager : found /templates/macros/page/buildinfo.vm with loader org.apache.velocity.runtime.resource.loader.ClasspathResourceLoader
16:14:10.910 [main] DEBUG org.apache.velocity - Velocimacro : added VM includeClassifications: source=/templates/macros/page/classifications.vm
16:14:10.911 [main] DEBUG org.apache.velocity - ResourceManager : found /templates/macros/page/classifications.vm with loader org.apache.velocity.runtime.resource.loader.ClasspathResourceLoader
16:14:10.912 [main] DEBUG org.apache.velocity - Velocimacro : added VM includeLead: source=/templates/macros/page/lead.vm
16:14:10.912 [main] DEBUG org.apache.velocity - ResourceManager : found /templates/macros/page/lead.vm with loader org.apache.velocity.runtime.resource.loader.ClasspathResourceLoader
16:14:10.914 [main] DEBUG org.apache.velocity - Velocimacro : added VM includeNavigation: source=/templates/macros/page/navigation.vm
16:14:10.914 [main] DEBUG org.apache.velocity - ResourceManager : found /templates/macros/page/navigation.vm with loader org.apache.velocity.runtime.resource.loader.ClasspathResourceLoader
16:14:10.915 [main] DEBUG org.apache.velocity - Velocimacro : added VM includeReportInfo: source=/templates/macros/page/reportInfo.vm
16:14:10.915 [main] DEBUG org.apache.velocity - ResourceManager : found /templates/macros/page/reportInfo.vm with loader org.apache.velocity.runtime.resource.loader.ClasspathResourceLoader
16:14:10.916 [main] DEBUG org.apache.velocity - Velocimacro : added VM includeTitle: source=/templates/macros/page/title.vm
16:14:10.916 [main] DEBUG org.apache.velocity - ResourceManager : found /templates/macros/page/title.vm with loader org.apache.velocity.runtime.resource.loader.ClasspathResourceLoader
16:14:10.917 [main] DEBUG org.apache.velocity - Velocimacro : added VM includeExpandingButtons: source=/templates/macros/report/expandAllButtons.vm
16:14:10.917 [main] DEBUG org.apache.velocity - ResourceManager : found /templates/macros/report/expandAllButtons.vm with loader org.apache.velocity.runtime.resource.loader.ClasspathResourceLoader
16:14:10.921 [main] DEBUG org.apache.velocity - Velocimacro : added VM includeReportTable: source=/templates/macros/report/reportTable.vm
16:14:10.921 [main] DEBUG org.apache.velocity - ResourceManager : found /templates/macros/report/reportTable.vm with loader org.apache.velocity.runtime.resource.loader.ClasspathResourceLoader
16:14:10.924 [main] DEBUG org.apache.velocity - Velocimacro : added VM includeReportHeader: source=/templates/macros/report/reportHeader.vm
16:14:10.925 [main] DEBUG org.apache.velocity - ResourceManager : found /templates/macros/report/reportHeader.vm with loader org.apache.velocity.runtime.resource.loader.ClasspathResourceLoader
16:14:10.928 [main] DEBUG org.apache.velocity - Velocimacro : added VM includeStatsTable: source=/templates/macros/report/statsTable.vm
16:14:10.928 [main] DEBUG org.apache.velocity - ResourceManager : found /templates/macros/report/statsTable.vm with loader org.apache.velocity.runtime.resource.loader.ClasspathResourceLoader
16:14:10.929 [main] DEBUG org.apache.velocity - Velocimacro : added VM includeBrief: source=/templates/macros/json/brief.vm
16:14:10.930 [main] DEBUG org.apache.velocity - ResourceManager : found /templates/macros/json/brief.vm with loader org.apache.velocity.runtime.resource.loader.ClasspathResourceLoader
16:14:10.931 [main] DEBUG org.apache.velocity - Velocimacro : added VM includeDocString: source=/templates/macros/json/docstring.vm
16:14:10.931 [main] DEBUG org.apache.velocity - ResourceManager : found /templates/macros/json/docstring.vm with loader org.apache.velocity.runtime.resource.loader.ClasspathResourceLoader
16:14:10.932 [main] DEBUG org.apache.velocity - Velocimacro : added VM includeDuration: source=/templates/macros/json/duration.vm
16:14:10.934 [main] DEBUG org.apache.velocity - ResourceManager : found /templates/macros/json/duration.vm with loader org.apache.velocity.runtime.resource.loader.ClasspathResourceLoader
16:14:10.938 [main] DEBUG org.apache.velocity - Velocimacro : added VM includeElement: source=/templates/macros/json/element.vm
16:14:10.938 [main] DEBUG org.apache.velocity - ResourceManager : found /templates/macros/json/element.vm with loader org.apache.velocity.runtime.resource.loader.ClasspathResourceLoader
16:14:10.943 [main] DEBUG org.apache.velocity - Velocimacro : added VM includeEmbeddings: source=/templates/macros/json/embeddings.vm
16:14:10.943 [main] DEBUG org.apache.velocity - Velocimacro : added VM includeHtmlEmbedding: source=/templates/macros/json/embeddings.vm
16:14:10.944 [main] DEBUG org.apache.velocity - Velocimacro : added VM includeImageEmbedding: source=/templates/macros/json/embeddings.vm
16:14:10.944 [main] DEBUG org.apache.velocity - Velocimacro : added VM includeImageReferenceEmbedding: source=/templates/macros/json/embeddings.vm
16:14:10.944 [main] DEBUG org.apache.velocity - Velocimacro : added VM includeTextEmbedding: source=/templates/macros/json/embeddings.vm
16:14:10.944 [main] DEBUG org.apache.velocity - Velocimacro : added VM includeUnknownEmbedding: source=/templates/macros/json/embeddings.vm
16:14:10.945 [main] DEBUG org.apache.velocity - ResourceManager : found /templates/macros/json/embeddings.vm with loader org.apache.velocity.runtime.resource.loader.ClasspathResourceLoader
16:14:10.947 [main] DEBUG org.apache.velocity - Velocimacro : added VM includeHooks: source=/templates/macros/json/hooks.vm
16:14:10.948 [main] DEBUG org.apache.velocity - ResourceManager : found /templates/macros/json/hooks.vm with loader org.apache.velocity.runtime.resource.loader.ClasspathResourceLoader
16:14:10.950 [main] DEBUG org.apache.velocity - Velocimacro : added VM includeOutput: source=/templates/macros/json/output.vm
16:14:10.950 [main] DEBUG org.apache.velocity - ResourceManager : found /templates/macros/json/output.vm with loader org.apache.velocity.runtime.resource.loader.ClasspathResourceLoader
16:14:10.952 [main] DEBUG org.apache.velocity - Velocimacro : added VM includeMessage: source=/templates/macros/json/message.vm
16:14:10.952 [main] DEBUG org.apache.velocity - ResourceManager : found /templates/macros/json/message.vm with loader org.apache.velocity.runtime.resource.loader.ClasspathResourceLoader
16:14:10.954 [main] DEBUG org.apache.velocity - Velocimacro : added VM includeSteps: source=/templates/macros/json/steps.vm
16:14:10.954 [main] DEBUG org.apache.velocity - ResourceManager : found /templates/macros/json/steps.vm with loader org.apache.velocity.runtime.resource.loader.ClasspathResourceLoader
16:14:10.955 [main] DEBUG org.apache.velocity - Velocimacro : added VM includeTags: source=/templates/macros/json/tags.vm
16:14:10.955 [main] DEBUG org.apache.velocity - ResourceManager : found /templates/macros/json/tags.vm with loader org.apache.velocity.runtime.resource.loader.ClasspathResourceLoader
16:14:10.956 [main] DEBUG org.apache.velocity - VM #includeNavigation: too few arguments to macro. Wanted 1 got 0
16:14:10.957 [main] DEBUG org.apache.velocity - Left side ($active_tab) of &apos;==&apos; operation has null value. If it is a reference, it may not be in the context or its toString() returned null. /templates/macros/page/navigation.vm[line 14, column 51]
16:14:10.957 [main] DEBUG org.apache.velocity - Left side ($active_tab) of &apos;==&apos; operation has null value. If it is a reference, it may not be in the context or its toString() returned null. /templates/macros/page/navigation.vm[line 15, column 51]
16:14:10.958 [main] DEBUG org.apache.velocity - Left side ($active_tab) of &apos;==&apos; operation has null value. If it is a reference, it may not be in the context or its toString() returned null. /templates/macros/page/navigation.vm[line 16, column 51]
16:14:10.958 [main] DEBUG org.apache.velocity - Left side ($active_tab) of &apos;==&apos; operation has null value. If it is a reference, it may not be in the context or its toString() returned null. /templates/macros/page/navigation.vm[line 20, column 51]
16:14:10.958 [main] DEBUG org.apache.velocity - VM #includeLead: too few arguments to macro. Wanted 2 got 1
16:14:10.960 [main] DEBUG org.apache.velocity - VM #includeBrief: too few arguments to macro. Wanted 5 got 3
16:14:10.962 [main] DEBUG org.apache.velocity - VM #includeBrief: too few arguments to macro. Wanted 5 got 4
16:14:10.963 [main] DEBUG org.apache.velocity - VM #includeBrief: too few arguments to macro. Wanted 5 got 4
16:14:10.994 [main] DEBUG org.apache.velocity - VM #includeBrief: too few arguments to macro. Wanted 5 got 4
16:14:10.994 [main] DEBUG org.apache.velocity - VM #includeBrief: too few arguments to macro. Wanted 5 got 4
16:14:11.004 [main] DEBUG org.apache.velocity - VM #includeBrief: too few arguments to macro. Wanted 5 got 4
16:14:11.004 [main] DEBUG org.apache.velocity - VM #includeBrief: too few arguments to macro. Wanted 5 got 4
16:14:11.009 [main] DEBUG org.apache.velocity - VM #includeBrief: too few arguments to macro. Wanted 5 got 4
16:14:11.016 [main] DEBUG org.apache.velocity - VM #includeBrief: too few arguments to macro. Wanted 5 got 4
16:14:11.034 [main] DEBUG org.apache.velocity - VM #includeBrief: too few arguments to macro. Wanted 5 got 4
16:14:11.035 [main] DEBUG org.apache.velocity - VM #includeBrief: too few arguments to macro. Wanted 5 got 4
16:14:11.042 [main] DEBUG org.apache.velocity - VM #includeBrief: too few arguments to macro. Wanted 5 got 4
16:14:11.043 [main] DEBUG org.apache.velocity - VM #includeBrief: too few arguments to macro. Wanted 5 got 4
16:14:11.052 [main] DEBUG org.apache.velocity - VM #includeBrief: too few arguments to macro. Wanted 5 got 4
16:14:11.052 [main] DEBUG org.apache.velocity - VM #includeBrief: too few arguments to macro. Wanted 5 got 4
16:14:11.054 [main] DEBUG org.apache.velocity - VM #includeBrief: too few arguments to macro. Wanted 5 got 4
16:14:11.054 [main] DEBUG org.apache.velocity - VM #includeBrief: too few arguments to macro. Wanted 5 got 4
16:14:11.062 [main] DEBUG org.apache.velocity - VM #includeBrief: too few arguments to macro. Wanted 5 got 4
16:14:11.063 [main] DEBUG org.apache.velocity - VM #includeBrief: too few arguments to macro. Wanted 5 got 4
16:14:11.065 [main] DEBUG org.apache.velocity - VM #includeBrief: too few arguments to macro. Wanted 5 got 4
16:14:11.066 [main] DEBUG org.apache.velocity - VM #includeBrief: too few arguments to macro. Wanted 5 got 4
16:14:11.070 [main] DEBUG org.apache.velocity - VM #includeBrief: too few arguments to macro. Wanted 5 got 4
16:14:11.070 [main] DEBUG org.apache.velocity - VM #includeBrief: too few arguments to macro. Wanted 5 got 4
16:14:11.075 [main] DEBUG org.apache.velocity - VM #includeBrief: too few arguments to macro. Wanted 5 got 4
16:14:11.076 [main] DEBUG org.apache.velocity - VM #includeBrief: too few arguments to macro. Wanted 5 got 4
16:14:11.081 [main] DEBUG org.apache.velocity - VM #includeBrief: too few arguments to macro. Wanted 5 got 4
16:14:11.081 [main] DEBUG org.apache.velocity - VM #includeBrief: too few arguments to macro. Wanted 5 got 4
16:14:11.082 [main] DEBUG org.apache.velocity - VM #includeBrief: too few arguments to macro. Wanted 5 got 4
16:14:11.083 [main] DEBUG org.apache.velocity - VM #includeBrief: too few arguments to macro. Wanted 5 got 4
16:14:11.088 [main] DEBUG org.apache.velocity - VM #includeBrief: too few arguments to macro. Wanted 5 got 4
16:14:11.088 [main] DEBUG org.apache.velocity - VM #includeBrief: too few arguments to macro. Wanted 5 got 4
16:14:11.093 [main] DEBUG org.apache.velocity - VM #includeBrief: too few arguments to macro. Wanted 5 got 4
16:14:11.095 [main] DEBUG org.apache.velocity - VM #includeBrief: too few arguments to macro. Wanted 5 got 4
16:14:11.100 [main] DEBUG org.apache.velocity - VM #includeBrief: too few arguments to macro. Wanted 5 got 4
16:14:11.100 [main] DEBUG org.apache.velocity - VM #includeBrief: too few arguments to macro. Wanted 5 got 4
16:14:11.102 [main] DEBUG org.apache.velocity - VM #includeBrief: too few arguments to macro. Wanted 5 got 4
16:14:11.102 [main] DEBUG org.apache.velocity - VM #includeBrief: too few arguments to macro. Wanted 5 got 4
16:14:11.105 [main] DEBUG org.apache.velocity - ResourceManager : found /templates/footer.vm with loader org.apache.velocity.runtime.resource.loader.ClasspathResourceLoader
16:14:11.143 [main] DEBUG org.apache.velocity - ResourceManager : found templates/generators/reportFeature.vm with loader org.apache.velocity.runtime.resource.loader.ClasspathResourceLoader
16:14:11.145 [main] DEBUG org.apache.velocity - ResourceManager : found /templates/headers.vm with loader org.apache.velocity.runtime.resource.loader.ClasspathResourceLoader
16:14:11.146 [main] DEBUG org.apache.velocity - ResourceManager : found /templates/head.vm with loader org.apache.velocity.runtime.resource.loader.ClasspathResourceLoader
16:14:11.147 [main] DEBUG org.apache.velocity - Velocimacro : added VM stringArray: source=/templates/macros/array.js.vm
16:14:11.148 [main] DEBUG org.apache.velocity - Velocimacro : added VM numberArray: source=/templates/macros/array.js.vm
16:14:11.148 [main] DEBUG org.apache.velocity - ResourceManager : found /templates/macros/array.js.vm with loader org.apache.velocity.runtime.resource.loader.ClasspathResourceLoader
16:14:11.149 [main] DEBUG org.apache.velocity - Velocimacro : added VM includeBuildInfo: source=/templates/macros/page/buildinfo.vm
16:14:11.149 [main] DEBUG org.apache.velocity - ResourceManager : found /templates/macros/page/buildinfo.vm with loader org.apache.velocity.runtime.resource.loader.ClasspathResourceLoader
16:14:11.150 [main] DEBUG org.apache.velocity - Velocimacro : added VM includeClassifications: source=/templates/macros/page/classifications.vm
16:14:11.151 [main] DEBUG org.apache.velocity - ResourceManager : found /templates/macros/page/classifications.vm with loader org.apache.velocity.runtime.resource.loader.ClasspathResourceLoader
16:14:11.151 [main] DEBUG org.apache.velocity - Velocimacro : added VM includeLead: source=/templates/macros/page/lead.vm
16:14:11.151 [main] DEBUG org.apache.velocity - ResourceManager : found /templates/macros/page/lead.vm with loader org.apache.velocity.runtime.resource.loader.ClasspathResourceLoader
16:14:11.152 [main] DEBUG org.apache.velocity - Velocimacro : added VM includeNavigation: source=/templates/macros/page/navigation.vm
16:14:11.153 [main] DEBUG org.apache.velocity - ResourceManager : found /templates/macros/page/navigation.vm with loader org.apache.velocity.runtime.resource.loader.ClasspathResourceLoader
16:14:11.155 [main] DEBUG org.apache.velocity - Velocimacro : added VM includeReportInfo: source=/templates/macros/page/reportInfo.vm
16:14:11.155 [main] DEBUG org.apache.velocity - ResourceManager : found /templates/macros/page/reportInfo.vm with loader org.apache.velocity.runtime.resource.loader.ClasspathResourceLoader
16:14:11.158 [main] DEBUG org.apache.velocity - Velocimacro : added VM includeTitle: source=/templates/macros/page/title.vm
16:14:11.158 [main] DEBUG org.apache.velocity - ResourceManager : found /templates/macros/page/title.vm with loader org.apache.velocity.runtime.resource.loader.ClasspathResourceLoader
16:14:11.159 [main] DEBUG org.apache.velocity - Velocimacro : added VM includeExpandingButtons: source=/templates/macros/report/expandAllButtons.vm
16:14:11.160 [main] DEBUG org.apache.velocity - ResourceManager : found /templates/macros/report/expandAllButtons.vm with loader org.apache.velocity.runtime.resource.loader.ClasspathResourceLoader
16:14:11.161 [main] DEBUG org.apache.velocity - Velocimacro : added VM includeReportTable: source=/templates/macros/report/reportTable.vm
16:14:11.161 [main] DEBUG org.apache.velocity - ResourceManager : found /templates/macros/report/reportTable.vm with loader org.apache.velocity.runtime.resource.loader.ClasspathResourceLoader
16:14:11.163 [main] DEBUG org.apache.velocity - Velocimacro : added VM includeReportHeader: source=/templates/macros/report/reportHeader.vm
16:14:11.163 [main] DEBUG org.apache.velocity - ResourceManager : found /templates/macros/report/reportHeader.vm with loader org.apache.velocity.runtime.resource.loader.ClasspathResourceLoader
16:14:11.165 [main] DEBUG org.apache.velocity - Velocimacro : added VM includeStatsTable: source=/templates/macros/report/statsTable.vm
16:14:11.165 [main] DEBUG org.apache.velocity - ResourceManager : found /templates/macros/report/statsTable.vm with loader org.apache.velocity.runtime.resource.loader.ClasspathResourceLoader
16:14:11.166 [main] DEBUG org.apache.velocity - Velocimacro : added VM includeBrief: source=/templates/macros/json/brief.vm
16:14:11.166 [main] DEBUG org.apache.velocity - ResourceManager : found /templates/macros/json/brief.vm with loader org.apache.velocity.runtime.resource.loader.ClasspathResourceLoader
16:14:11.167 [main] DEBUG org.apache.velocity - Velocimacro : added VM includeDocString: source=/templates/macros/json/docstring.vm
16:14:11.167 [main] DEBUG org.apache.velocity - ResourceManager : found /templates/macros/json/docstring.vm with loader org.apache.velocity.runtime.resource.loader.ClasspathResourceLoader
16:14:11.169 [main] DEBUG org.apache.velocity - Velocimacro : added VM includeDuration: source=/templates/macros/json/duration.vm
16:14:11.169 [main] DEBUG org.apache.velocity - ResourceManager : found /templates/macros/json/duration.vm with loader org.apache.velocity.runtime.resource.loader.ClasspathResourceLoader
16:14:11.170 [main] DEBUG org.apache.velocity - Velocimacro : added VM includeElement: source=/templates/macros/json/element.vm
16:14:11.170 [main] DEBUG org.apache.velocity - ResourceManager : found /templates/macros/json/element.vm with loader org.apache.velocity.runtime.resource.loader.ClasspathResourceLoader
16:14:11.173 [main] DEBUG org.apache.velocity - Velocimacro : added VM includeEmbeddings: source=/templates/macros/json/embeddings.vm
16:14:11.173 [main] DEBUG org.apache.velocity - Velocimacro : added VM includeHtmlEmbedding: source=/templates/macros/json/embeddings.vm
16:14:11.174 [main] DEBUG org.apache.velocity - Velocimacro : added VM includeImageEmbedding: source=/templates/macros/json/embeddings.vm
16:14:11.174 [main] DEBUG org.apache.velocity - Velocimacro : added VM includeImageReferenceEmbedding: source=/templates/macros/json/embeddings.vm
16:14:11.174 [main] DEBUG org.apache.velocity - Velocimacro : added VM includeTextEmbedding: source=/templates/macros/json/embeddings.vm
16:14:11.174 [main] DEBUG org.apache.velocity - Velocimacro : added VM includeUnknownEmbedding: source=/templates/macros/json/embeddings.vm
16:14:11.174 [main] DEBUG org.apache.velocity - ResourceManager : found /templates/macros/json/embeddings.vm with loader org.apache.velocity.runtime.resource.loader.ClasspathResourceLoader
16:14:11.177 [main] DEBUG org.apache.velocity - Velocimacro : added VM includeHooks: source=/templates/macros/json/hooks.vm
16:14:11.177 [main] DEBUG org.apache.velocity - ResourceManager : found /templates/macros/json/hooks.vm with loader org.apache.velocity.runtime.resource.loader.ClasspathResourceLoader
16:14:11.178 [main] DEBUG org.apache.velocity - Velocimacro : added VM includeOutput: source=/templates/macros/json/output.vm
16:14:11.178 [main] DEBUG org.apache.velocity - ResourceManager : found /templates/macros/json/output.vm with loader org.apache.velocity.runtime.resource.loader.ClasspathResourceLoader
16:14:11.182 [main] DEBUG org.apache.velocity - Velocimacro : added VM includeMessage: source=/templates/macros/json/message.vm
16:14:11.183 [main] DEBUG org.apache.velocity - ResourceManager : found /templates/macros/json/message.vm with loader org.apache.velocity.runtime.resource.loader.ClasspathResourceLoader
16:14:11.185 [main] DEBUG org.apache.velocity - Velocimacro : added VM includeSteps: source=/templates/macros/json/steps.vm
16:14:11.187 [main] DEBUG org.apache.velocity - ResourceManager : found /templates/macros/json/steps.vm with loader org.apache.velocity.runtime.resource.loader.ClasspathResourceLoader
16:14:11.192 [main] DEBUG org.apache.velocity - Velocimacro : added VM includeTags: source=/templates/macros/json/tags.vm
16:14:11.192 [main] DEBUG org.apache.velocity - ResourceManager : found /templates/macros/json/tags.vm with loader org.apache.velocity.runtime.resource.loader.ClasspathResourceLoader
16:14:11.192 [main] DEBUG org.apache.velocity - VM #includeNavigation: too few arguments to macro. Wanted 1 got 0
16:14:11.193 [main] DEBUG org.apache.velocity - Left side ($active_tab) of &apos;==&apos; operation has null value. If it is a reference, it may not be in the context or its toString() returned null. /templates/macros/page/navigation.vm[line 14, column 51]
16:14:11.193 [main] DEBUG org.apache.velocity - Left side ($active_tab) of &apos;==&apos; operation has null value. If it is a reference, it may not be in the context or its toString() returned null. /templates/macros/page/navigation.vm[line 15, column 51]
16:14:11.193 [main] DEBUG org.apache.velocity - Left side ($active_tab) of &apos;==&apos; operation has null value. If it is a reference, it may not be in the context or its toString() returned null. /templates/macros/page/navigation.vm[line 16, column 51]
16:14:11.193 [main] DEBUG org.apache.velocity - Left side ($active_tab) of &apos;==&apos; operation has null value. If it is a reference, it may not be in the context or its toString() returned null. /templates/macros/page/navigation.vm[line 20, column 51]
16:14:11.193 [main] DEBUG org.apache.velocity - VM #includeLead: too few arguments to macro. Wanted 2 got 1
16:14:11.194 [main] DEBUG org.apache.velocity - VM #includeBrief: too few arguments to macro. Wanted 5 got 3
16:14:11.195 [main] DEBUG org.apache.velocity - VM #includeBrief: too few arguments to macro. Wanted 5 got 4
16:14:11.195 [main] DEBUG org.apache.velocity - VM #includeBrief: too few arguments to macro. Wanted 5 got 4
16:14:11.199 [main] DEBUG org.apache.velocity - VM #includeBrief: too few arguments to macro. Wanted 5 got 4
16:14:11.199 [main] DEBUG org.apache.velocity - VM #includeBrief: too few arguments to macro. Wanted 5 got 4
16:14:11.208 [main] DEBUG org.apache.velocity - VM #includeBrief: too few arguments to macro. Wanted 5 got 4
16:14:11.208 [main] DEBUG org.apache.velocity - VM #includeBrief: too few arguments to macro. Wanted 5 got 4
16:14:11.210 [main] DEBUG org.apache.velocity - VM #includeBrief: too few arguments to macro. Wanted 5 got 4
16:14:11.211 [main] DEBUG org.apache.velocity - VM #includeBrief: too few arguments to macro. Wanted 5 got 4
16:14:11.213 [main] DEBUG org.apache.velocity - VM #includeBrief: too few arguments to macro. Wanted 5 got 4
16:14:11.213 [main] DEBUG org.apache.velocity - VM #includeBrief: too few arguments to macro. Wanted 5 got 4
16:14:11.215 [main] DEBUG org.apache.velocity - VM #includeBrief: too few arguments to macro. Wanted 5 got 4
16:14:11.215 [main] DEBUG org.apache.velocity - VM #includeBrief: too few arguments to macro. Wanted 5 got 4
16:14:11.218 [main] DEBUG org.apache.velocity - VM #includeBrief: too few arguments to macro. Wanted 5 got 4
16:14:11.219 [main] DEBUG org.apache.velocity - VM #includeBrief: too few arguments to macro. Wanted 5 got 4
16:14:11.220 [main] DEBUG org.apache.velocity - VM #includeBrief: too few arguments to macro. Wanted 5 got 4
16:14:11.221 [main] DEBUG org.apache.velocity - VM #includeBrief: too few arguments to macro. Wanted 5 got 4
16:14:11.222 [main] DEBUG org.apache.velocity - VM #includeBrief: too few arguments to macro. Wanted 5 got 4
16:14:11.222 [main] DEBUG org.apache.velocity - VM #includeBrief: too few arguments to macro. Wanted 5 got 4
16:14:11.224 [main] DEBUG org.apache.velocity - VM #includeBrief: too few arguments to macro. Wanted 5 got 4
16:14:11.225 [main] DEBUG org.apache.velocity - VM #includeBrief: too few arguments to macro. Wanted 5 got 4
16:14:11.226 [main] DEBUG org.apache.velocity - VM #includeBrief: too few arguments to macro. Wanted 5 got 4
16:14:11.227 [main] DEBUG org.apache.velocity - VM #includeBrief: too few arguments to macro. Wanted 5 got 4
16:14:11.228 [main] DEBUG org.apache.velocity - VM #includeBrief: too few arguments to macro. Wanted 5 got 4
16:14:11.228 [main] DEBUG org.apache.velocity - VM #includeBrief: too few arguments to macro. Wanted 5 got 4
16:14:11.231 [main] DEBUG org.apache.velocity - ResourceManager : found /templates/footer.vm with loader org.apache.velocity.runtime.resource.loader.ClasspathResourceLoader
16:14:11.267 [main] DEBUG org.apache.velocity - ResourceManager : found templates/generators/overviewTags.vm with loader org.apache.velocity.runtime.resource.loader.ClasspathResourceLoader
16:14:11.270 [main] DEBUG org.apache.velocity - ResourceManager : found /templates/headers.vm with loader org.apache.velocity.runtime.resource.loader.ClasspathResourceLoader
16:14:11.270 [main] DEBUG org.apache.velocity - ResourceManager : found /templates/head.vm with loader org.apache.velocity.runtime.resource.loader.ClasspathResourceLoader
16:14:11.271 [main] DEBUG org.apache.velocity - Velocimacro : added VM stringArray: source=/templates/macros/array.js.vm
16:14:11.271 [main] DEBUG org.apache.velocity - Velocimacro : added VM numberArray: source=/templates/macros/array.js.vm
16:14:11.272 [main] DEBUG org.apache.velocity - ResourceManager : found /templates/macros/array.js.vm with loader org.apache.velocity.runtime.resource.loader.ClasspathResourceLoader
16:14:11.273 [main] DEBUG org.apache.velocity - Velocimacro : added VM includeBuildInfo: source=/templates/macros/page/buildinfo.vm
16:14:11.273 [main] DEBUG org.apache.velocity - ResourceManager : found /templates/macros/page/buildinfo.vm with loader org.apache.velocity.runtime.resource.loader.ClasspathResourceLoader
16:14:11.275 [main] DEBUG org.apache.velocity - Velocimacro : added VM includeClassifications: source=/templates/macros/page/classifications.vm
16:14:11.275 [main] DEBUG org.apache.velocity - ResourceManager : found /templates/macros/page/classifications.vm with loader org.apache.velocity.runtime.resource.loader.ClasspathResourceLoader
16:14:11.276 [main] DEBUG org.apache.velocity - Velocimacro : added VM includeLead: source=/templates/macros/page/lead.vm
16:14:11.276 [main] DEBUG org.apache.velocity - ResourceManager : found /templates/macros/page/lead.vm with loader org.apache.velocity.runtime.resource.loader.ClasspathResourceLoader
16:14:11.277 [main] DEBUG org.apache.velocity - Velocimacro : added VM includeNavigation: source=/templates/macros/page/navigation.vm
16:14:11.277 [main] DEBUG org.apache.velocity - ResourceManager : found /templates/macros/page/navigation.vm with loader org.apache.velocity.runtime.resource.loader.ClasspathResourceLoader
16:14:11.279 [main] DEBUG org.apache.velocity - Velocimacro : added VM includeReportInfo: source=/templates/macros/page/reportInfo.vm
16:14:11.279 [main] DEBUG org.apache.velocity - ResourceManager : found /templates/macros/page/reportInfo.vm with loader org.apache.velocity.runtime.resource.loader.ClasspathResourceLoader
16:14:11.280 [main] DEBUG org.apache.velocity - Velocimacro : added VM includeTitle: source=/templates/macros/page/title.vm
16:14:11.280 [main] DEBUG org.apache.velocity - ResourceManager : found /templates/macros/page/title.vm with loader org.apache.velocity.runtime.resource.loader.ClasspathResourceLoader
16:14:11.281 [main] DEBUG org.apache.velocity - Velocimacro : added VM includeExpandingButtons: source=/templates/macros/report/expandAllButtons.vm
16:14:11.281 [main] DEBUG org.apache.velocity - ResourceManager : found /templates/macros/report/expandAllButtons.vm with loader org.apache.velocity.runtime.resource.loader.ClasspathResourceLoader
16:14:11.282 [main] DEBUG org.apache.velocity - Velocimacro : added VM includeReportTable: source=/templates/macros/report/reportTable.vm
16:14:11.282 [main] DEBUG org.apache.velocity - ResourceManager : found /templates/macros/report/reportTable.vm with loader org.apache.velocity.runtime.resource.loader.ClasspathResourceLoader
16:14:11.283 [main] DEBUG org.apache.velocity - Velocimacro : added VM includeReportHeader: source=/templates/macros/report/reportHeader.vm
16:14:11.283 [main] DEBUG org.apache.velocity - ResourceManager : found /templates/macros/report/reportHeader.vm with loader org.apache.velocity.runtime.resource.loader.ClasspathResourceLoader
16:14:11.286 [main] DEBUG org.apache.velocity - Velocimacro : added VM includeStatsTable: source=/templates/macros/report/statsTable.vm
16:14:11.286 [main] DEBUG org.apache.velocity - ResourceManager : found /templates/macros/report/statsTable.vm with loader org.apache.velocity.runtime.resource.loader.ClasspathResourceLoader
16:14:11.287 [main] DEBUG org.apache.velocity - Velocimacro : added VM includeBrief: source=/templates/macros/json/brief.vm
16:14:11.287 [main] DEBUG org.apache.velocity - ResourceManager : found /templates/macros/json/brief.vm with loader org.apache.velocity.runtime.resource.loader.ClasspathResourceLoader
16:14:11.288 [main] DEBUG org.apache.velocity - Velocimacro : added VM includeDocString: source=/templates/macros/json/docstring.vm
16:14:11.288 [main] DEBUG org.apache.velocity - ResourceManager : found /templates/macros/json/docstring.vm with loader org.apache.velocity.runtime.resource.loader.ClasspathResourceLoader
16:14:11.291 [main] DEBUG org.apache.velocity - Velocimacro : added VM includeDuration: source=/templates/macros/json/duration.vm
16:14:11.291 [main] DEBUG org.apache.velocity - ResourceManager : found /templates/macros/json/duration.vm with loader org.apache.velocity.runtime.resource.loader.ClasspathResourceLoader
16:14:11.293 [main] DEBUG org.apache.velocity - Velocimacro : added VM includeElement: source=/templates/macros/json/element.vm
16:14:11.293 [main] DEBUG org.apache.velocity - ResourceManager : found /templates/macros/json/element.vm with loader org.apache.velocity.runtime.resource.loader.ClasspathResourceLoader
16:14:11.296 [main] DEBUG org.apache.velocity - Velocimacro : added VM includeEmbeddings: source=/templates/macros/json/embeddings.vm
16:14:11.297 [main] DEBUG org.apache.velocity - Velocimacro : added VM includeHtmlEmbedding: source=/templates/macros/json/embeddings.vm
16:14:11.297 [main] DEBUG org.apache.velocity - Velocimacro : added VM includeImageEmbedding: source=/templates/macros/json/embeddings.vm
16:14:11.297 [main] DEBUG org.apache.velocity - Velocimacro : added VM includeImageReferenceEmbedding: source=/templates/macros/json/embeddings.vm
16:14:11.298 [main] DEBUG org.apache.velocity - Velocimacro : added VM includeTextEmbedding: source=/templates/macros/json/embeddings.vm
16:14:11.298 [main] DEBUG org.apache.velocity - Velocimacro : added VM includeUnknownEmbedding: source=/templates/macros/json/embeddings.vm
16:14:11.298 [main] DEBUG org.apache.velocity - ResourceManager : found /templates/macros/json/embeddings.vm with loader org.apache.velocity.runtime.resource.loader.ClasspathResourceLoader
16:14:11.301 [main] DEBUG org.apache.velocity - Velocimacro : added VM includeHooks: source=/templates/macros/json/hooks.vm
16:14:11.301 [main] DEBUG org.apache.velocity - ResourceManager : found /templates/macros/json/hooks.vm with loader org.apache.velocity.runtime.resource.loader.ClasspathResourceLoader
16:14:11.302 [main] DEBUG org.apache.velocity - Velocimacro : added VM includeOutput: source=/templates/macros/json/output.vm
16:14:11.302 [main] DEBUG org.apache.velocity - ResourceManager : found /templates/macros/json/output.vm with loader org.apache.velocity.runtime.resource.loader.ClasspathResourceLoader
16:14:11.304 [main] DEBUG org.apache.velocity - Velocimacro : added VM includeMessage: source=/templates/macros/json/message.vm
16:14:11.304 [main] DEBUG org.apache.velocity - ResourceManager : found /templates/macros/json/message.vm with loader org.apache.velocity.runtime.resource.loader.ClasspathResourceLoader
16:14:11.305 [main] DEBUG org.apache.velocity - Velocimacro : added VM includeSteps: source=/templates/macros/json/steps.vm
16:14:11.308 [main] DEBUG org.apache.velocity - ResourceManager : found /templates/macros/json/steps.vm with loader org.apache.velocity.runtime.resource.loader.ClasspathResourceLoader
16:14:11.309 [main] DEBUG org.apache.velocity - Velocimacro : added VM includeTags: source=/templates/macros/json/tags.vm
16:14:11.309 [main] DEBUG org.apache.velocity - ResourceManager : found /templates/macros/json/tags.vm with loader org.apache.velocity.runtime.resource.loader.ClasspathResourceLoader
16:14:11.312 [main] DEBUG org.apache.velocity - ResourceManager : found /templates/js/tags-chart.js.vm with loader org.apache.velocity.runtime.resource.loader.ClasspathResourceLoader
16:14:11.316 [main] DEBUG org.apache.velocity - ResourceManager : found /templates/footer.vm with loader org.apache.velocity.runtime.resource.loader.ClasspathResourceLoader
16:14:11.346 [main] DEBUG org.apache.velocity - ResourceManager : found templates/generators/reportTag.vm with loader org.apache.velocity.runtime.resource.loader.ClasspathResourceLoader
16:14:11.357 [main] DEBUG org.apache.velocity - ResourceManager : found /templates/headers.vm with loader org.apache.velocity.runtime.resource.loader.ClasspathResourceLoader
16:14:11.360 [main] DEBUG org.apache.velocity - ResourceManager : found /templates/head.vm with loader org.apache.velocity.runtime.resource.loader.ClasspathResourceLoader
16:14:11.361 [main] DEBUG org.apache.velocity - Velocimacro : added VM stringArray: source=/templates/macros/array.js.vm
16:14:11.362 [main] DEBUG org.apache.velocity - Velocimacro : added VM numberArray: source=/templates/macros/array.js.vm
16:14:11.362 [main] DEBUG org.apache.velocity - ResourceManager : found /templates/macros/array.js.vm with loader org.apache.velocity.runtime.resource.loader.ClasspathResourceLoader
16:14:11.363 [main] DEBUG org.apache.velocity - Velocimacro : added VM includeBuildInfo: source=/templates/macros/page/buildinfo.vm
16:14:11.363 [main] DEBUG org.apache.velocity - ResourceManager : found /templates/macros/page/buildinfo.vm with loader org.apache.velocity.runtime.resource.loader.ClasspathResourceLoader
16:14:11.364 [main] DEBUG org.apache.velocity - Velocimacro : added VM includeClassifications: source=/templates/macros/page/classifications.vm
16:14:11.364 [main] DEBUG org.apache.velocity - ResourceManager : found /templates/macros/page/classifications.vm with loader org.apache.velocity.runtime.resource.loader.ClasspathResourceLoader
16:14:11.365 [main] DEBUG org.apache.velocity - Velocimacro : added VM includeLead: source=/templates/macros/page/lead.vm
16:14:11.365 [main] DEBUG org.apache.velocity - ResourceManager : found /templates/macros/page/lead.vm with loader org.apache.velocity.runtime.resource.loader.ClasspathResourceLoader
16:14:11.367 [main] DEBUG org.apache.velocity - Velocimacro : added VM includeNavigation: source=/templates/macros/page/navigation.vm
16:14:11.367 [main] DEBUG org.apache.velocity - ResourceManager : found /templates/macros/page/navigation.vm with loader org.apache.velocity.runtime.resource.loader.ClasspathResourceLoader
16:14:11.368 [main] DEBUG org.apache.velocity - Velocimacro : added VM includeReportInfo: source=/templates/macros/page/reportInfo.vm
16:14:11.368 [main] DEBUG org.apache.velocity - ResourceManager : found /templates/macros/page/reportInfo.vm with loader org.apache.velocity.runtime.resource.loader.ClasspathResourceLoader
16:14:11.378 [main] DEBUG org.apache.velocity - Velocimacro : added VM includeTitle: source=/templates/macros/page/title.vm
16:14:11.378 [main] DEBUG org.apache.velocity - ResourceManager : found /templates/macros/page/title.vm with loader org.apache.velocity.runtime.resource.loader.ClasspathResourceLoader
16:14:11.380 [main] DEBUG org.apache.velocity - Velocimacro : added VM includeExpandingButtons: source=/templates/macros/report/expandAllButtons.vm
16:14:11.381 [main] DEBUG org.apache.velocity - ResourceManager : found /templates/macros/report/expandAllButtons.vm with loader org.apache.velocity.runtime.resource.loader.ClasspathResourceLoader
16:14:11.382 [main] DEBUG org.apache.velocity - Velocimacro : added VM includeReportTable: source=/templates/macros/report/reportTable.vm
16:14:11.382 [main] DEBUG org.apache.velocity - ResourceManager : found /templates/macros/report/reportTable.vm with loader org.apache.velocity.runtime.resource.loader.ClasspathResourceLoader
16:14:11.386 [main] DEBUG org.apache.velocity - Velocimacro : added VM includeReportHeader: source=/templates/macros/report/reportHeader.vm
16:14:11.387 [main] DEBUG org.apache.velocity - ResourceManager : found /templates/macros/report/reportHeader.vm with loader org.apache.velocity.runtime.resource.loader.ClasspathResourceLoader
16:14:11.392 [main] DEBUG org.apache.velocity - Velocimacro : added VM includeStatsTable: source=/templates/macros/report/statsTable.vm
16:14:11.392 [main] DEBUG org.apache.velocity - ResourceManager : found /templates/macros/report/statsTable.vm with loader org.apache.velocity.runtime.resource.loader.ClasspathResourceLoader
16:14:11.393 [main] DEBUG org.apache.velocity - Velocimacro : added VM includeBrief: source=/templates/macros/json/brief.vm
16:14:11.393 [main] DEBUG org.apache.velocity - ResourceManager : found /templates/macros/json/brief.vm with loader org.apache.velocity.runtime.resource.loader.ClasspathResourceLoader
16:14:11.394 [main] DEBUG org.apache.velocity - Velocimacro : added VM includeDocString: source=/templates/macros/json/docstring.vm
16:14:11.395 [main] DEBUG org.apache.velocity - ResourceManager : found /templates/macros/json/docstring.vm with loader org.apache.velocity.runtime.resource.loader.ClasspathResourceLoader
16:14:11.397 [main] DEBUG org.apache.velocity - Velocimacro : added VM includeDuration: source=/templates/macros/json/duration.vm
16:14:11.397 [main] DEBUG org.apache.velocity - ResourceManager : found /templates/macros/json/duration.vm with loader org.apache.velocity.runtime.resource.loader.ClasspathResourceLoader
16:14:11.399 [main] DEBUG org.apache.velocity - Velocimacro : added VM includeElement: source=/templates/macros/json/element.vm
16:14:11.399 [main] DEBUG org.apache.velocity - ResourceManager : found /templates/macros/json/element.vm with loader org.apache.velocity.runtime.resource.loader.ClasspathResourceLoader
16:14:11.402 [main] DEBUG org.apache.velocity - Velocimacro : added VM includeEmbeddings: source=/templates/macros/json/embeddings.vm
16:14:11.402 [main] DEBUG org.apache.velocity - Velocimacro : added VM includeHtmlEmbedding: source=/templates/macros/json/embeddings.vm
16:14:11.405 [main] DEBUG org.apache.velocity - Velocimacro : added VM includeImageEmbedding: source=/templates/macros/json/embeddings.vm
16:14:11.405 [main] DEBUG org.apache.velocity - Velocimacro : added VM includeImageReferenceEmbedding: source=/templates/macros/json/embeddings.vm
16:14:11.408 [main] DEBUG org.apache.velocity - Velocimacro : added VM includeTextEmbedding: source=/templates/macros/json/embeddings.vm
16:14:11.408 [main] DEBUG org.apache.velocity - Velocimacro : added VM includeUnknownEmbedding: source=/templates/macros/json/embeddings.vm
16:14:11.408 [main] DEBUG org.apache.velocity - ResourceManager : found /templates/macros/json/embeddings.vm with loader org.apache.velocity.runtime.resource.loader.ClasspathResourceLoader
16:14:11.411 [main] DEBUG org.apache.velocity - Velocimacro : added VM includeHooks: source=/templates/macros/json/hooks.vm
16:14:11.411 [main] DEBUG org.apache.velocity - ResourceManager : found /templates/macros/json/hooks.vm with loader org.apache.velocity.runtime.resource.loader.ClasspathResourceLoader
16:14:11.416 [main] DEBUG org.apache.velocity - Velocimacro : added VM includeOutput: source=/templates/macros/json/output.vm
16:14:11.416 [main] DEBUG org.apache.velocity - ResourceManager : found /templates/macros/json/output.vm with loader org.apache.velocity.runtime.resource.loader.ClasspathResourceLoader
16:14:11.417 [main] DEBUG org.apache.velocity - Velocimacro : added VM includeMessage: source=/templates/macros/json/message.vm
16:14:11.417 [main] DEBUG org.apache.velocity - ResourceManager : found /templates/macros/json/message.vm with loader org.apache.velocity.runtime.resource.loader.ClasspathResourceLoader
16:14:11.419 [main] DEBUG org.apache.velocity - Velocimacro : added VM includeSteps: source=/templates/macros/json/steps.vm
16:14:11.419 [main] DEBUG org.apache.velocity - ResourceManager : found /templates/macros/json/steps.vm with loader org.apache.velocity.runtime.resource.loader.ClasspathResourceLoader
16:14:11.421 [main] DEBUG org.apache.velocity - Velocimacro : added VM includeTags: source=/templates/macros/json/tags.vm
16:14:11.421 [main] DEBUG org.apache.velocity - ResourceManager : found /templates/macros/json/tags.vm with loader org.apache.velocity.runtime.resource.loader.ClasspathResourceLoader
16:14:11.422 [main] DEBUG org.apache.velocity - VM #includeNavigation: too few arguments to macro. Wanted 1 got 0
16:14:11.425 [main] DEBUG org.apache.velocity - Left side ($active_tab) of &apos;==&apos; operation has null value. If it is a reference, it may not be in the context or its toString() returned null. /templates/macros/page/navigation.vm[line 14, column 51]
16:14:11.425 [main] DEBUG org.apache.velocity - Left side ($active_tab) of &apos;==&apos; operation has null value. If it is a reference, it may not be in the context or its toString() returned null. /templates/macros/page/navigation.vm[line 15, column 51]
16:14:11.425 [main] DEBUG org.apache.velocity - Left side ($active_tab) of &apos;==&apos; operation has null value. If it is a reference, it may not be in the context or its toString() returned null. /templates/macros/page/navigation.vm[line 16, column 51]
16:14:11.425 [main] DEBUG org.apache.velocity - Left side ($active_tab) of &apos;==&apos; operation has null value. If it is a reference, it may not be in the context or its toString() returned null. /templates/macros/page/navigation.vm[line 20, column 51]
16:14:11.425 [main] DEBUG org.apache.velocity - VM #includeLead: too few arguments to macro. Wanted 2 got 1
16:14:11.428 [main] DEBUG org.apache.velocity - VM #includeBrief: too few arguments to macro. Wanted 5 got 4
16:14:11.428 [main] DEBUG org.apache.velocity - VM #includeBrief: too few arguments to macro. Wanted 5 got 4
16:14:11.431 [main] DEBUG org.apache.velocity - VM #includeBrief: too few arguments to macro. Wanted 5 got 4
16:14:11.431 [main] DEBUG org.apache.velocity - VM #includeBrief: too few arguments to macro. Wanted 5 got 4
16:14:11.435 [main] DEBUG org.apache.velocity - VM #includeBrief: too few arguments to macro. Wanted 5 got 4
16:14:11.435 [main] DEBUG org.apache.velocity - VM #includeBrief: too few arguments to macro. Wanted 5 got 4
16:14:11.437 [main] DEBUG org.apache.velocity - VM #includeBrief: too few arguments to macro. Wanted 5 got 4
16:14:11.437 [main] DEBUG org.apache.velocity - VM #includeBrief: too few arguments to macro. Wanted 5 got 4
16:14:11.440 [main] DEBUG org.apache.velocity - VM #includeBrief: too few arguments to macro. Wanted 5 got 4
16:14:11.441 [main] DEBUG org.apache.velocity - VM #includeBrief: too few arguments to macro. Wanted 5 got 4
16:14:11.442 [main] DEBUG org.apache.velocity - VM #includeBrief: too few arguments to macro. Wanted 5 got 4
16:14:11.443 [main] DEBUG org.apache.velocity - VM #includeBrief: too few arguments to macro. Wanted 5 got 4
16:14:11.445 [main] DEBUG org.apache.velocity - VM #includeBrief: too few arguments to macro. Wanted 5 got 4
16:14:11.445 [main] DEBUG org.apache.velocity - VM #includeBrief: too few arguments to macro. Wanted 5 got 4
16:14:11.448 [main] DEBUG org.apache.velocity - VM #includeBrief: too few arguments to macro. Wanted 5 got 4
16:14:11.448 [main] DEBUG org.apache.velocity - VM #includeBrief: too few arguments to macro. Wanted 5 got 4
16:14:11.450 [main] DEBUG org.apache.velocity - VM #includeBrief: too few arguments to macro. Wanted 5 got 4
16:14:11.450 [main] DEBUG org.apache.velocity - VM #includeBrief: too few arguments to macro. Wanted 5 got 4
16:14:11.451 [main] DEBUG org.apache.velocity - VM #includeBrief: too few arguments to macro. Wanted 5 got 4
16:14:11.452 [main] DEBUG org.apache.velocity - VM #includeBrief: too few arguments to macro. Wanted 5 got 4
16:14:11.453 [main] DEBUG org.apache.velocity - VM #includeBrief: too few arguments to macro. Wanted 5 got 4
16:14:11.454 [main] DEBUG org.apache.velocity - VM #includeBrief: too few arguments to macro. Wanted 5 got 4
16:14:11.456 [main] DEBUG org.apache.velocity - VM #includeBrief: too few arguments to macro. Wanted 5 got 4
16:14:11.457 [main] DEBUG org.apache.velocity - VM #includeBrief: too few arguments to macro. Wanted 5 got 4
16:14:11.460 [main] DEBUG org.apache.velocity - VM #includeBrief: too few arguments to macro. Wanted 5 got 4
16:14:11.460 [main] DEBUG org.apache.velocity - VM #includeBrief: too few arguments to macro. Wanted 5 got 4
16:14:11.463 [main] DEBUG org.apache.velocity - VM #includeBrief: too few arguments to macro. Wanted 5 got 4
16:14:11.463 [main] DEBUG org.apache.velocity - VM #includeBrief: too few arguments to macro. Wanted 5 got 4
16:14:11.465 [main] DEBUG org.apache.velocity - VM #includeBrief: too few arguments to macro. Wanted 5 got 4
16:14:11.465 [main] DEBUG org.apache.velocity - VM #includeBrief: too few arguments to macro. Wanted 5 got 4
16:14:11.468 [main] DEBUG org.apache.velocity - ResourceManager : found /templates/footer.vm with loader org.apache.velocity.runtime.resource.loader.ClasspathResourceLoader
16:14:11.512 [main] DEBUG org.apache.velocity - ResourceManager : found templates/generators/overviewSteps.vm with loader org.apache.velocity.runtime.resource.loader.ClasspathResourceLoader
16:14:11.520 [main] DEBUG org.apache.velocity - ResourceManager : found /templates/headers.vm with loader org.apache.velocity.runtime.resource.loader.ClasspathResourceLoader
16:14:11.521 [main] DEBUG org.apache.velocity - ResourceManager : found /templates/head.vm with loader org.apache.velocity.runtime.resource.loader.ClasspathResourceLoader
16:14:11.522 [main] DEBUG org.apache.velocity - Velocimacro : added VM stringArray: source=/templates/macros/array.js.vm
16:14:11.524 [main] DEBUG org.apache.velocity - Velocimacro : added VM numberArray: source=/templates/macros/array.js.vm
16:14:11.524 [main] DEBUG org.apache.velocity - ResourceManager : found /templates/macros/array.js.vm with loader org.apache.velocity.runtime.resource.loader.ClasspathResourceLoader
16:14:11.526 [main] DEBUG org.apache.velocity - Velocimacro : added VM includeBuildInfo: source=/templates/macros/page/buildinfo.vm
16:14:11.527 [main] DEBUG org.apache.velocity - ResourceManager : found /templates/macros/page/buildinfo.vm with loader org.apache.velocity.runtime.resource.loader.ClasspathResourceLoader
16:14:11.528 [main] DEBUG org.apache.velocity - Velocimacro : added VM includeClassifications: source=/templates/macros/page/classifications.vm
16:14:11.528 [main] DEBUG org.apache.velocity - ResourceManager : found /templates/macros/page/classifications.vm with loader org.apache.velocity.runtime.resource.loader.ClasspathResourceLoader
16:14:11.529 [main] DEBUG org.apache.velocity - Velocimacro : added VM includeLead: source=/templates/macros/page/lead.vm
16:14:11.529 [main] DEBUG org.apache.velocity - ResourceManager : found /templates/macros/page/lead.vm with loader org.apache.velocity.runtime.resource.loader.ClasspathResourceLoader
16:14:11.533 [main] DEBUG org.apache.velocity - Velocimacro : added VM includeNavigation: source=/templates/macros/page/navigation.vm
16:14:11.534 [main] DEBUG org.apache.velocity - ResourceManager : found /templates/macros/page/navigation.vm with loader org.apache.velocity.runtime.resource.loader.ClasspathResourceLoader
16:14:11.535 [main] DEBUG org.apache.velocity - Velocimacro : added VM includeReportInfo: source=/templates/macros/page/reportInfo.vm
16:14:11.535 [main] DEBUG org.apache.velocity - ResourceManager : found /templates/macros/page/reportInfo.vm with loader org.apache.velocity.runtime.resource.loader.ClasspathResourceLoader
16:14:11.537 [main] DEBUG org.apache.velocity - Velocimacro : added VM includeTitle: source=/templates/macros/page/title.vm
16:14:11.537 [main] DEBUG org.apache.velocity - ResourceManager : found /templates/macros/page/title.vm with loader org.apache.velocity.runtime.resource.loader.ClasspathResourceLoader
16:14:11.539 [main] DEBUG org.apache.velocity - Velocimacro : added VM includeExpandingButtons: source=/templates/macros/report/expandAllButtons.vm
16:14:11.539 [main] DEBUG org.apache.velocity - ResourceManager : found /templates/macros/report/expandAllButtons.vm with loader org.apache.velocity.runtime.resource.loader.ClasspathResourceLoader
16:14:11.541 [main] DEBUG org.apache.velocity - Velocimacro : added VM includeReportTable: source=/templates/macros/report/reportTable.vm
16:14:11.542 [main] DEBUG org.apache.velocity - ResourceManager : found /templates/macros/report/reportTable.vm with loader org.apache.velocity.runtime.resource.loader.ClasspathResourceLoader
16:14:11.543 [main] DEBUG org.apache.velocity - Velocimacro : added VM includeReportHeader: source=/templates/macros/report/reportHeader.vm
16:14:11.543 [main] DEBUG org.apache.velocity - ResourceManager : found /templates/macros/report/reportHeader.vm with loader org.apache.velocity.runtime.resource.loader.ClasspathResourceLoader
16:14:11.545 [main] DEBUG org.apache.velocity - Velocimacro : added VM includeStatsTable: source=/templates/macros/report/statsTable.vm
16:14:11.545 [main] DEBUG org.apache.velocity - ResourceManager : found /templates/macros/report/statsTable.vm with loader org.apache.velocity.runtime.resource.loader.ClasspathResourceLoader
16:14:11.546 [main] DEBUG org.apache.velocity - Velocimacro : added VM includeBrief: source=/templates/macros/json/brief.vm
16:14:11.546 [main] DEBUG org.apache.velocity - ResourceManager : found /templates/macros/json/brief.vm with loader org.apache.velocity.runtime.resource.loader.ClasspathResourceLoader
16:14:11.547 [main] DEBUG org.apache.velocity - Velocimacro : added VM includeDocString: source=/templates/macros/json/docstring.vm
16:14:11.547 [main] DEBUG org.apache.velocity - ResourceManager : found /templates/macros/json/docstring.vm with loader org.apache.velocity.runtime.resource.loader.ClasspathResourceLoader
16:14:11.548 [main] DEBUG org.apache.velocity - Velocimacro : added VM includeDuration: source=/templates/macros/json/duration.vm
16:14:11.549 [main] DEBUG org.apache.velocity - ResourceManager : found /templates/macros/json/duration.vm with loader org.apache.velocity.runtime.resource.loader.ClasspathResourceLoader
16:14:11.550 [main] DEBUG org.apache.velocity - Velocimacro : added VM includeElement: source=/templates/macros/json/element.vm
16:14:11.550 [main] DEBUG org.apache.velocity - ResourceManager : found /templates/macros/json/element.vm with loader org.apache.velocity.runtime.resource.loader.ClasspathResourceLoader
16:14:11.552 [main] DEBUG org.apache.velocity - Velocimacro : added VM includeEmbeddings: source=/templates/macros/json/embeddings.vm
16:14:11.552 [main] DEBUG org.apache.velocity - Velocimacro : added VM includeHtmlEmbedding: source=/templates/macros/json/embeddings.vm
16:14:11.553 [main] DEBUG org.apache.velocity - Velocimacro : added VM includeImageEmbedding: source=/templates/macros/json/embeddings.vm
16:14:11.554 [main] DEBUG org.apache.velocity - Velocimacro : added VM includeImageReferenceEmbedding: source=/templates/macros/json/embeddings.vm
16:14:11.554 [main] DEBUG org.apache.velocity - Velocimacro : added VM includeTextEmbedding: source=/templates/macros/json/embeddings.vm
16:14:11.554 [main] DEBUG org.apache.velocity - Velocimacro : added VM includeUnknownEmbedding: source=/templates/macros/json/embeddings.vm
16:14:11.554 [main] DEBUG org.apache.velocity - ResourceManager : found /templates/macros/json/embeddings.vm with loader org.apache.velocity.runtime.resource.loader.ClasspathResourceLoader
16:14:11.556 [main] DEBUG org.apache.velocity - Velocimacro : added VM includeHooks: source=/templates/macros/json/hooks.vm
16:14:11.557 [main] DEBUG org.apache.velocity - ResourceManager : found /templates/macros/json/hooks.vm with loader org.apache.velocity.runtime.resource.loader.ClasspathResourceLoader
16:14:11.559 [main] DEBUG org.apache.velocity - Velocimacro : added VM includeOutput: source=/templates/macros/json/output.vm
16:14:11.559 [main] DEBUG org.apache.velocity - ResourceManager : found /templates/macros/json/output.vm with loader org.apache.velocity.runtime.resource.loader.ClasspathResourceLoader
16:14:11.559 [main] DEBUG org.apache.velocity - Velocimacro : added VM includeMessage: source=/templates/macros/json/message.vm
16:14:11.559 [main] DEBUG org.apache.velocity - ResourceManager : found /templates/macros/json/message.vm with loader org.apache.velocity.runtime.resource.loader.ClasspathResourceLoader
16:14:11.561 [main] DEBUG org.apache.velocity - Velocimacro : added VM includeSteps: source=/templates/macros/json/steps.vm
16:14:11.562 [main] DEBUG org.apache.velocity - ResourceManager : found /templates/macros/json/steps.vm with loader org.apache.velocity.runtime.resource.loader.ClasspathResourceLoader
16:14:11.563 [main] DEBUG org.apache.velocity - Velocimacro : added VM includeTags: source=/templates/macros/json/tags.vm
16:14:11.563 [main] DEBUG org.apache.velocity - ResourceManager : found /templates/macros/json/tags.vm with loader org.apache.velocity.runtime.resource.loader.ClasspathResourceLoader
16:14:11.567 [main] DEBUG org.apache.velocity - ResourceManager : found /templates/footer.vm with loader org.apache.velocity.runtime.resource.loader.ClasspathResourceLoader
16:14:11.591 [main] DEBUG org.apache.velocity - ResourceManager : found templates/generators/overviewFailures.vm with loader org.apache.velocity.runtime.resource.loader.ClasspathResourceLoader
16:14:11.596 [main] DEBUG org.apache.velocity - ResourceManager : found /templates/headers.vm with loader org.apache.velocity.runtime.resource.loader.ClasspathResourceLoader
16:14:11.597 [main] DEBUG org.apache.velocity - ResourceManager : found /templates/head.vm with loader org.apache.velocity.runtime.resource.loader.ClasspathResourceLoader
16:14:11.598 [main] DEBUG org.apache.velocity - Velocimacro : added VM stringArray: source=/templates/macros/array.js.vm
16:14:11.598 [main] DEBUG org.apache.velocity - Velocimacro : added VM numberArray: source=/templates/macros/array.js.vm
16:14:11.598 [main] DEBUG org.apache.velocity - ResourceManager : found /templates/macros/array.js.vm with loader org.apache.velocity.runtime.resource.loader.ClasspathResourceLoader
16:14:11.599 [main] DEBUG org.apache.velocity - Velocimacro : added VM includeBuildInfo: source=/templates/macros/page/buildinfo.vm
16:14:11.599 [main] DEBUG org.apache.velocity - ResourceManager : found /templates/macros/page/buildinfo.vm with loader org.apache.velocity.runtime.resource.loader.ClasspathResourceLoader
16:14:11.601 [main] DEBUG org.apache.velocity - Velocimacro : added VM includeClassifications: source=/templates/macros/page/classifications.vm
16:14:11.601 [main] DEBUG org.apache.velocity - ResourceManager : found /templates/macros/page/classifications.vm with loader org.apache.velocity.runtime.resource.loader.ClasspathResourceLoader
16:14:11.602 [main] DEBUG org.apache.velocity - Velocimacro : added VM includeLead: source=/templates/macros/page/lead.vm
16:14:11.602 [main] DEBUG org.apache.velocity - ResourceManager : found /templates/macros/page/lead.vm with loader org.apache.velocity.runtime.resource.loader.ClasspathResourceLoader
16:14:11.604 [main] DEBUG org.apache.velocity - Velocimacro : added VM includeNavigation: source=/templates/macros/page/navigation.vm
16:14:11.604 [main] DEBUG org.apache.velocity - ResourceManager : found /templates/macros/page/navigation.vm with loader org.apache.velocity.runtime.resource.loader.ClasspathResourceLoader
16:14:11.606 [main] DEBUG org.apache.velocity - Velocimacro : added VM includeReportInfo: source=/templates/macros/page/reportInfo.vm
16:14:11.607 [main] DEBUG org.apache.velocity - ResourceManager : found /templates/macros/page/reportInfo.vm with loader org.apache.velocity.runtime.resource.loader.ClasspathResourceLoader
16:14:11.609 [main] DEBUG org.apache.velocity - Velocimacro : added VM includeTitle: source=/templates/macros/page/title.vm
16:14:11.609 [main] DEBUG org.apache.velocity - ResourceManager : found /templates/macros/page/title.vm with loader org.apache.velocity.runtime.resource.loader.ClasspathResourceLoader
16:14:11.610 [main] DEBUG org.apache.velocity - Velocimacro : added VM includeExpandingButtons: source=/templates/macros/report/expandAllButtons.vm
16:14:11.610 [main] DEBUG org.apache.velocity - ResourceManager : found /templates/macros/report/expandAllButtons.vm with loader org.apache.velocity.runtime.resource.loader.ClasspathResourceLoader
16:14:11.611 [main] DEBUG org.apache.velocity - Velocimacro : added VM includeReportTable: source=/templates/macros/report/reportTable.vm
16:14:11.611 [main] DEBUG org.apache.velocity - ResourceManager : found /templates/macros/report/reportTable.vm with loader org.apache.velocity.runtime.resource.loader.ClasspathResourceLoader
16:14:11.612 [main] DEBUG org.apache.velocity - Velocimacro : added VM includeReportHeader: source=/templates/macros/report/reportHeader.vm
16:14:11.612 [main] DEBUG org.apache.velocity - ResourceManager : found /templates/macros/report/reportHeader.vm with loader org.apache.velocity.runtime.resource.loader.ClasspathResourceLoader
16:14:11.614 [main] DEBUG org.apache.velocity - Velocimacro : added VM includeStatsTable: source=/templates/macros/report/statsTable.vm
16:14:11.614 [main] DEBUG org.apache.velocity - ResourceManager : found /templates/macros/report/statsTable.vm with loader org.apache.velocity.runtime.resource.loader.ClasspathResourceLoader
16:14:11.616 [main] DEBUG org.apache.velocity - Velocimacro : added VM includeBrief: source=/templates/macros/json/brief.vm
16:14:11.616 [main] DEBUG org.apache.velocity - ResourceManager : found /templates/macros/json/brief.vm with loader org.apache.velocity.runtime.resource.loader.ClasspathResourceLoader
16:14:11.617 [main] DEBUG org.apache.velocity - Velocimacro : added VM includeDocString: source=/templates/macros/json/docstring.vm
16:14:11.617 [main] DEBUG org.apache.velocity - ResourceManager : found /templates/macros/json/docstring.vm with loader org.apache.velocity.runtime.resource.loader.ClasspathResourceLoader
16:14:11.619 [main] DEBUG org.apache.velocity - Velocimacro : added VM includeDuration: source=/templates/macros/json/duration.vm
16:14:11.619 [main] DEBUG org.apache.velocity - ResourceManager : found /templates/macros/json/duration.vm with loader org.apache.velocity.runtime.resource.loader.ClasspathResourceLoader
16:14:11.621 [main] DEBUG org.apache.velocity - Velocimacro : added VM includeElement: source=/templates/macros/json/element.vm
16:14:11.621 [main] DEBUG org.apache.velocity - ResourceManager : found /templates/macros/json/element.vm with loader org.apache.velocity.runtime.resource.loader.ClasspathResourceLoader
16:14:11.627 [main] DEBUG org.apache.velocity - Velocimacro : added VM includeEmbeddings: source=/templates/macros/json/embeddings.vm
16:14:11.627 [main] DEBUG org.apache.velocity - Velocimacro : added VM includeHtmlEmbedding: source=/templates/macros/json/embeddings.vm
16:14:11.627 [main] DEBUG org.apache.velocity - Velocimacro : added VM includeImageEmbedding: source=/templates/macros/json/embeddings.vm
16:14:11.627 [main] DEBUG org.apache.velocity - Velocimacro : added VM includeImageReferenceEmbedding: source=/templates/macros/json/embeddings.vm
16:14:11.627 [main] DEBUG org.apache.velocity - Velocimacro : added VM includeTextEmbedding: source=/templates/macros/json/embeddings.vm
16:14:11.628 [main] DEBUG org.apache.velocity - Velocimacro : added VM includeUnknownEmbedding: source=/templates/macros/json/embeddings.vm
16:14:11.628 [main] DEBUG org.apache.velocity - ResourceManager : found /templates/macros/json/embeddings.vm with loader org.apache.velocity.runtime.resource.loader.ClasspathResourceLoader
16:14:11.629 [main] DEBUG org.apache.velocity - Velocimacro : added VM includeHooks: source=/templates/macros/json/hooks.vm
16:14:11.629 [main] DEBUG org.apache.velocity - ResourceManager : found /templates/macros/json/hooks.vm with loader org.apache.velocity.runtime.resource.loader.ClasspathResourceLoader
16:14:11.631 [main] DEBUG org.apache.velocity - Velocimacro : added VM includeOutput: source=/templates/macros/json/output.vm
16:14:11.631 [main] DEBUG org.apache.velocity - ResourceManager : found /templates/macros/json/output.vm with loader org.apache.velocity.runtime.resource.loader.ClasspathResourceLoader
16:14:11.632 [main] DEBUG org.apache.velocity - Velocimacro : added VM includeMessage: source=/templates/macros/json/message.vm
16:14:11.632 [main] DEBUG org.apache.velocity - ResourceManager : found /templates/macros/json/message.vm with loader org.apache.velocity.runtime.resource.loader.ClasspathResourceLoader
16:14:11.634 [main] DEBUG org.apache.velocity - Velocimacro : added VM includeSteps: source=/templates/macros/json/steps.vm
16:14:11.635 [main] DEBUG org.apache.velocity - ResourceManager : found /templates/macros/json/steps.vm with loader org.apache.velocity.runtime.resource.loader.ClasspathResourceLoader
16:14:11.636 [main] DEBUG org.apache.velocity - Velocimacro : added VM includeTags: source=/templates/macros/json/tags.vm
16:14:11.637 [main] DEBUG org.apache.velocity - ResourceManager : found /templates/macros/json/tags.vm with loader org.apache.velocity.runtime.resource.loader.ClasspathResourceLoader
16:14:11.638 [main] DEBUG org.apache.velocity - VM #includeBrief: too few arguments to macro. Wanted 5 got 4
16:14:11.638 [main] DEBUG org.apache.velocity - VM #includeBrief: too few arguments to macro. Wanted 5 got 4
16:14:11.644 [main] DEBUG org.apache.velocity - VM #includeBrief: too few arguments to macro. Wanted 5 got 4
16:14:11.644 [main] DEBUG org.apache.velocity - VM #includeBrief: too few arguments to macro. Wanted 5 got 4
16:14:11.646 [main] DEBUG org.apache.velocity - VM #includeBrief: too few arguments to macro. Wanted 5 got 4
16:14:11.647 [main] DEBUG org.apache.velocity - VM #includeBrief: too few arguments to macro. Wanted 5 got 4
16:14:11.650 [main] DEBUG org.apache.velocity - VM #includeBrief: too few arguments to macro. Wanted 5 got 4
16:14:11.650 [main] DEBUG org.apache.velocity - VM #includeBrief: too few arguments to macro. Wanted 5 got 4
16:14:11.652 [main] DEBUG org.apache.velocity - VM #includeBrief: too few arguments to macro. Wanted 5 got 4
16:14:11.652 [main] DEBUG org.apache.velocity - VM #includeBrief: too few arguments to macro. Wanted 5 got 4
16:14:11.655 [main] DEBUG org.apache.velocity - VM #includeBrief: too few arguments to macro. Wanted 5 got 4
16:14:11.655 [main] DEBUG org.apache.velocity - VM #includeBrief: too few arguments to macro. Wanted 5 got 4
16:14:11.662 [main] DEBUG org.apache.velocity - VM #includeBrief: too few arguments to macro. Wanted 5 got 4
16:14:11.662 [main] DEBUG org.apache.velocity - VM #includeBrief: too few arguments to macro. Wanted 5 got 4
16:14:11.665 [main] DEBUG org.apache.velocity - VM #includeBrief: too few arguments to macro. Wanted 5 got 4
16:14:11.665 [main] DEBUG org.apache.velocity - VM #includeBrief: too few arguments to macro. Wanted 5 got 4
16:14:11.668 [main] DEBUG org.apache.velocity - VM #includeBrief: too few arguments to macro. Wanted 5 got 4
16:14:11.668 [main] DEBUG org.apache.velocity - VM #includeBrief: too few arguments to macro. Wanted 5 got 4
16:14:11.670 [main] DEBUG org.apache.velocity - VM #includeBrief: too few arguments to macro. Wanted 5 got 4
16:14:11.672 [main] DEBUG org.apache.velocity - VM #includeBrief: too few arguments to macro. Wanted 5 got 4
16:14:11.676 [main] DEBUG org.apache.velocity - VM #includeBrief: too few arguments to macro. Wanted 5 got 4
16:14:11.677 [main] DEBUG org.apache.velocity - VM #includeBrief: too few arguments to macro. Wanted 5 got 4
16:14:11.678 [main] DEBUG org.apache.velocity - VM #includeBrief: too few arguments to macro. Wanted 5 got 4
16:14:11.679 [main] DEBUG org.apache.velocity - VM #includeBrief: too few arguments to macro. Wanted 5 got 4
16:14:11.680 [main] DEBUG org.apache.velocity - VM #includeBrief: too few arguments to macro. Wanted 5 got 4
16:14:11.680 [main] DEBUG org.apache.velocity - VM #includeBrief: too few arguments to macro. Wanted 5 got 4
16:14:11.684 [main] DEBUG org.apache.velocity - VM #includeBrief: too few arguments to macro. Wanted 5 got 4
16:14:11.684 [main] DEBUG org.apache.velocity - VM #includeBrief: too few arguments to macro. Wanted 5 got 4
16:14:11.685 [main] DEBUG org.apache.velocity - VM #includeBrief: too few arguments to macro. Wanted 5 got 4
16:14:11.685 [main] DEBUG org.apache.velocity - VM #includeBrief: too few arguments to macro. Wanted 5 got 4
16:14:11.687 [main] DEBUG org.apache.velocity - ResourceManager : found /templates/footer.vm with loader org.apache.velocity.runtime.resource.loader.ClasspathResourceLoader
</system-out>
    <system-err>ERROR StatusLogger No log4j2 configuration file found. Using default configuration: logging only errors to the console.
</system-err>
  </testcase>
</testsuite>